<!DOCTYPE html>
<html>
  <head>
    <meta charset="utf-8"/>
    <title id="head-title">test_report.html</title>
      <style type="text/css">body {
  font-family: Helvetica, Arial, sans-serif;
  font-size: 12px;
  /* do not increase min-width as some may use split screens */
  min-width: 800px;
  color: #999;
}

h1 {
  font-size: 24px;
  color: black;
}

h2 {
  font-size: 16px;
  color: black;
}

p {
  color: black;
}

a {
  color: #999;
}

table {
  border-collapse: collapse;
}

/******************************
 * SUMMARY INFORMATION
 ******************************/
#environment td {
  padding: 5px;
  border: 1px solid #e6e6e6;
  vertical-align: top;
}
#environment tr:nth-child(odd) {
  background-color: #f6f6f6;
}
#environment ul {
  margin: 0;
  padding: 0 20px;
}

/******************************
 * TEST RESULT COLORS
 ******************************/
span.passed,
.passed .col-result {
  color: green;
}

span.skipped,
span.xfailed,
span.rerun,
.skipped .col-result,
.xfailed .col-result,
.rerun .col-result {
  color: orange;
}

span.error,
span.failed,
span.xpassed,
.error .col-result,
.failed .col-result,
.xpassed .col-result {
  color: red;
}

.col-links__extra {
  margin-right: 3px;
}

/******************************
 * RESULTS TABLE
 *
 * 1. Table Layout
 * 2. Extra
 * 3. Sorting items
 *
 ******************************/
/*------------------
 * 1. Table Layout
 *------------------*/
#results-table {
  border: 1px solid #e6e6e6;
  color: #999;
  font-size: 12px;
  width: 100%;
}
#results-table th,
#results-table td {
  padding: 5px;
  border: 1px solid #e6e6e6;
  text-align: left;
}
#results-table th {
  font-weight: bold;
}

/*------------------
 * 2. Extra
 *------------------*/
.logwrapper {
  max-height: 230px;
  overflow-y: scroll;
  background-color: #e6e6e6;
}
.logwrapper.expanded {
  max-height: none;
}
.logwrapper.expanded .logexpander:after {
  content: "collapse [-]";
}
.logwrapper .logexpander {
  z-index: 1;
  position: sticky;
  top: 10px;
  width: max-content;
  border: 1px solid;
  border-radius: 3px;
  padding: 5px 7px;
  margin: 10px 0 10px calc(100% - 80px);
  cursor: pointer;
  background-color: #e6e6e6;
}
.logwrapper .logexpander:after {
  content: "expand [+]";
}
.logwrapper .logexpander:hover {
  color: #000;
  border-color: #000;
}
.logwrapper .log {
  min-height: 40px;
  position: relative;
  top: -50px;
  height: calc(100% + 50px);
  border: 1px solid #e6e6e6;
  color: black;
  display: block;
  font-family: "Courier New", Courier, monospace;
  padding: 5px;
  padding-right: 80px;
  white-space: pre-wrap;
}

div.media {
  border: 1px solid #e6e6e6;
  float: right;
  height: 240px;
  margin: 0 5px;
  overflow: hidden;
  width: 320px;
}

.media-container {
  display: grid;
  grid-template-columns: 25px auto 25px;
  align-items: center;
  flex: 1 1;
  overflow: hidden;
  height: 200px;
}

.media-container--fullscreen {
  grid-template-columns: 0px auto 0px;
}

.media-container__nav--right,
.media-container__nav--left {
  text-align: center;
  cursor: pointer;
}

.media-container__viewport {
  cursor: pointer;
  text-align: center;
  height: inherit;
}
.media-container__viewport img,
.media-container__viewport video {
  object-fit: cover;
  width: 100%;
  max-height: 100%;
}

.media__name,
.media__counter {
  display: flex;
  flex-direction: row;
  justify-content: space-around;
  flex: 0 0 25px;
  align-items: center;
}

.collapsible td:not(.col-links) {
  cursor: pointer;
}
.collapsible td:not(.col-links):hover::after {
  color: #bbb;
  font-style: italic;
  cursor: pointer;
}

.col-result {
  width: 130px;
}
.col-result:hover::after {
  content: " (hide details)";
}

.col-result.collapsed:hover::after {
  content: " (show details)";
}

#environment-header h2:hover::after {
  content: " (hide details)";
  color: #bbb;
  font-style: italic;
  cursor: pointer;
  font-size: 12px;
}

#environment-header.collapsed h2:hover::after {
  content: " (show details)";
  color: #bbb;
  font-style: italic;
  cursor: pointer;
  font-size: 12px;
}

/*------------------
 * 3. Sorting items
 *------------------*/
.sortable {
  cursor: pointer;
}
.sortable.desc:after {
  content: " ";
  position: relative;
  left: 5px;
  bottom: -12.5px;
  border: 10px solid #4caf50;
  border-bottom: 0;
  border-left-color: transparent;
  border-right-color: transparent;
}
.sortable.asc:after {
  content: " ";
  position: relative;
  left: 5px;
  bottom: 12.5px;
  border: 10px solid #4caf50;
  border-top: 0;
  border-left-color: transparent;
  border-right-color: transparent;
}

.hidden, .summary__reload__button.hidden {
  display: none;
}

.summary__data {
  flex: 0 0 550px;
}
.summary__reload {
  flex: 1 1;
  display: flex;
  justify-content: center;
}
.summary__reload__button {
  flex: 0 0 300px;
  display: flex;
  color: white;
  font-weight: bold;
  background-color: #4caf50;
  text-align: center;
  justify-content: center;
  align-items: center;
  border-radius: 3px;
  cursor: pointer;
}
.summary__reload__button:hover {
  background-color: #46a049;
}
.summary__spacer {
  flex: 0 0 550px;
}

.controls {
  display: flex;
  justify-content: space-between;
}

.filters,
.collapse {
  display: flex;
  align-items: center;
}
.filters button,
.collapse button {
  color: #999;
  border: none;
  background: none;
  cursor: pointer;
  text-decoration: underline;
}
.filters button:hover,
.collapse button:hover {
  color: #ccc;
}

.filter__label {
  margin-right: 10px;
}

      </style>
    
  </head>
  <body>
    <h1 id="title">test_report.html</h1>
    <p>Report generated on 23-Mar-2025 at 14:42:56 by <a href="https://pypi.python.org/pypi/pytest-html">pytest-html</a>
        v4.1.1</p>
    <div id="environment-header">
      <h2>Environment</h2>
    </div>
    <table id="environment"></table>
    <!-- TEMPLATES -->
      <template id="template_environment_row">
      <tr>
        <td></td>
        <td></td>
      </tr>
    </template>
    <template id="template_results-table__body--empty">
      <tbody class="results-table-row">
        <tr id="not-found-message">
          <td colspan="4">No results found. Check the filters.</th>
        </tr>
    </template>
    <template id="template_results-table__tbody">
      <tbody class="results-table-row">
        <tr class="collapsible">
        </tr>
        <tr class="extras-row">
          <td class="extra" colspan="4">
            <div class="extraHTML"></div>
            <div class="media">
              <div class="media-container">
                  <div class="media-container__nav--left"><</div>
                  <div class="media-container__viewport">
                    <img src="" />
                    <video controls>
                      <source src="" type="video/mp4">
                    </video>
                  </div>
                  <div class="media-container__nav--right">></div>
                </div>
                <div class="media__name"></div>
                <div class="media__counter"></div>
            </div>
            <div class="logwrapper">
              <div class="logexpander"></div>
              <div class="log"></div>
            </div>
          </td>
        </tr>
      </tbody>
    </template>
    <!-- END TEMPLATES -->
    <div class="summary">
      <div class="summary__data">
        <h2>Summary</h2>
        <div class="additional-summary prefix">
        </div>
        <p class="run-count">27 tests took 00:00:02.</p>
        <p class="filter">(Un)check the boxes to filter the results.</p>
        <div class="summary__reload">
          <div class="summary__reload__button hidden" onclick="location.reload()">
            <div>There are still tests running. <br />Reload this page to get the latest results!</div>
          </div>
        </div>
        <div class="summary__spacer"></div>
        <div class="controls">
          <div class="filters">
            <input checked="true" class="filter" name="filter_checkbox" type="checkbox" data-test-result="failed" />
            <span class="failed">5 Failed,</span>
            <input checked="true" class="filter" name="filter_checkbox" type="checkbox" data-test-result="passed" />
            <span class="passed">22 Passed,</span>
            <input checked="true" class="filter" name="filter_checkbox" type="checkbox" data-test-result="skipped" />
            <span class="skipped">2 Skipped,</span>
            <input checked="true" class="filter" name="filter_checkbox" type="checkbox" data-test-result="xfailed" disabled/>
            <span class="xfailed">0 Expected failures,</span>
            <input checked="true" class="filter" name="filter_checkbox" type="checkbox" data-test-result="xpassed" disabled/>
            <span class="xpassed">0 Unexpected passes,</span>
            <input checked="true" class="filter" name="filter_checkbox" type="checkbox" data-test-result="error" />
            <span class="error">108 Errors,</span>
            <input checked="true" class="filter" name="filter_checkbox" type="checkbox" data-test-result="rerun" disabled/>
            <span class="rerun">0 Reruns</span>
          </div>
          <div class="collapse">
            <button id="show_all_details">Show all details</button>&nbsp;/&nbsp;<button id="hide_all_details">Hide all details</button>
          </div>
        </div>
      </div>
      <div class="additional-summary summary">
      </div>
      <div class="additional-summary postfix">
      </div>
    </div>
    <table id="results-table">
      <thead id="results-table-head">
        <tr>
          <th class="sortable" data-column-type="result">Result</th>
          <th class="sortable" data-column-type="testId">Test</th>
          <th class="sortable" data-column-type="duration">Duration</th>
          <th>Links</th>
        </tr>
      </thead>
    </table>
  </body>
  <footer>
    <div id="data-container" data-jsonblob="{&#34;environment&#34;: {&#34;Python&#34;: &#34;3.12.6&#34;, &#34;Platform&#34;: &#34;Windows-11-10.0.22631-SP0&#34;, &#34;Packages&#34;: {&#34;pytest&#34;: &#34;8.3.5&#34;, &#34;pluggy&#34;: &#34;1.5.0&#34;}, &#34;Plugins&#34;: {&#34;cov&#34;: &#34;6.0.0&#34;, &#34;html&#34;: &#34;4.1.1&#34;, &#34;metadata&#34;: &#34;3.1.1&#34;, &#34;xdist&#34;: &#34;3.6.1&#34;}}, &#34;tests&#34;: {&#34;GEMINI&#34;: [{&#34;extras&#34;: [], &#34;result&#34;: &#34;Error&#34;, &#34;testId&#34;: &#34;GEMINI::collect&#34;, &#34;duration&#34;: &#34;0 ms&#34;, &#34;resultsTableRow&#34;: [&#34;&lt;td class=\&#34;col-result\&#34;&gt;Error&lt;/td&gt;&#34;, &#34;&lt;td class=\&#34;col-testId\&#34;&gt;GEMINI::collect&lt;/td&gt;&#34;, &#34;&lt;td class=\&#34;col-duration\&#34;&gt;0 ms&lt;/td&gt;&#34;, &#34;&lt;td class=\&#34;col-links\&#34;&gt;&lt;/td&gt;&#34;], &#34;log&#34;: &#34;C:\\Python312\\Lib\\importlib\\__init__.py:90: in import_module\n    return _bootstrap._gcd_import(name[level:], package, level)\n&amp;lt;frozen importlib._bootstrap&amp;gt;:1387: in _gcd_import\n    ???\n&amp;lt;frozen importlib._bootstrap&amp;gt;:1360: in _find_and_load\n    ???\n&amp;lt;frozen importlib._bootstrap&amp;gt;:1331: in _find_and_load_unlocked\n    ???\n&amp;lt;frozen importlib._bootstrap&amp;gt;:935: in _load_unlocked\n    ???\nvenv\\Lib\\site-packages\\_pytest\\assertion\\rewrite.py:185: in exec_module\n    exec(co, module.__dict__)\nGEMINI\\conftest.py:8: in &amp;lt;module&amp;gt;\n    from core.cache.disk_cache import DiskCache\ncore\\cache\\disk_cache.py:16: in &amp;lt;module&amp;gt;\n    from core.errors.exceptions import CacheError\nE   ImportError: cannot import name &amp;#x27;CacheError&amp;#x27; from &amp;#x27;core.errors.exceptions&amp;#x27; (C:\\Users\\thump\\web_automation_project\\core\\errors\\exceptions.py)\n&#34;}, {&#34;extras&#34;: [], &#34;result&#34;: &#34;Error&#34;, &#34;testId&#34;: &#34;GEMINI::collect&#34;, &#34;duration&#34;: &#34;0 ms&#34;, &#34;resultsTableRow&#34;: [&#34;&lt;td class=\&#34;col-result\&#34;&gt;Error&lt;/td&gt;&#34;, &#34;&lt;td class=\&#34;col-testId\&#34;&gt;GEMINI::collect&lt;/td&gt;&#34;, &#34;&lt;td class=\&#34;col-duration\&#34;&gt;0 ms&lt;/td&gt;&#34;, &#34;&lt;td class=\&#34;col-links\&#34;&gt;&lt;/td&gt;&#34;], &#34;log&#34;: &#34;C:\\Python312\\Lib\\importlib\\__init__.py:90: in import_module\n    return _bootstrap._gcd_import(name[level:], package, level)\n&amp;lt;frozen importlib._bootstrap&amp;gt;:1387: in _gcd_import\n    ???\n&amp;lt;frozen importlib._bootstrap&amp;gt;:1360: in _find_and_load\n    ???\n&amp;lt;frozen importlib._bootstrap&amp;gt;:1331: in _find_and_load_unlocked\n    ???\n&amp;lt;frozen importlib._bootstrap&amp;gt;:935: in _load_unlocked\n    ???\nvenv\\Lib\\site-packages\\_pytest\\assertion\\rewrite.py:185: in exec_module\n    exec(co, module.__dict__)\nGEMINI\\conftest.py:8: in &amp;lt;module&amp;gt;\n    from core.cache.disk_cache import DiskCache\ncore\\cache\\disk_cache.py:16: in &amp;lt;module&amp;gt;\n    from core.errors.exceptions import CacheError\nE   ImportError: cannot import name &amp;#x27;CacheError&amp;#x27; from &amp;#x27;core.errors.exceptions&amp;#x27; (C:\\Users\\thump\\web_automation_project\\core\\errors\\exceptions.py)\n&#34;}, {&#34;extras&#34;: [], &#34;result&#34;: &#34;Error&#34;, &#34;testId&#34;: &#34;GEMINI::collect&#34;, &#34;duration&#34;: &#34;0 ms&#34;, &#34;resultsTableRow&#34;: [&#34;&lt;td class=\&#34;col-result\&#34;&gt;Error&lt;/td&gt;&#34;, &#34;&lt;td class=\&#34;col-testId\&#34;&gt;GEMINI::collect&lt;/td&gt;&#34;, &#34;&lt;td class=\&#34;col-duration\&#34;&gt;0 ms&lt;/td&gt;&#34;, &#34;&lt;td class=\&#34;col-links\&#34;&gt;&lt;/td&gt;&#34;], &#34;log&#34;: &#34;C:\\Python312\\Lib\\importlib\\__init__.py:90: in import_module\n    return _bootstrap._gcd_import(name[level:], package, level)\n&amp;lt;frozen importlib._bootstrap&amp;gt;:1387: in _gcd_import\n    ???\n&amp;lt;frozen importlib._bootstrap&amp;gt;:1360: in _find_and_load\n    ???\n&amp;lt;frozen importlib._bootstrap&amp;gt;:1331: in _find_and_load_unlocked\n    ???\n&amp;lt;frozen importlib._bootstrap&amp;gt;:935: in _load_unlocked\n    ???\nvenv\\Lib\\site-packages\\_pytest\\assertion\\rewrite.py:185: in exec_module\n    exec(co, module.__dict__)\nGEMINI\\conftest.py:8: in &amp;lt;module&amp;gt;\n    from core.cache.disk_cache import DiskCache\ncore\\cache\\disk_cache.py:16: in &amp;lt;module&amp;gt;\n    from core.errors.exceptions import CacheError\nE   ImportError: cannot import name &amp;#x27;CacheError&amp;#x27; from &amp;#x27;core.errors.exceptions&amp;#x27; (C:\\Users\\thump\\web_automation_project\\core\\errors\\exceptions.py)\n&#34;}, {&#34;extras&#34;: [], &#34;result&#34;: &#34;Error&#34;, &#34;testId&#34;: &#34;GEMINI::collect&#34;, &#34;duration&#34;: &#34;0 ms&#34;, &#34;resultsTableRow&#34;: [&#34;&lt;td class=\&#34;col-result\&#34;&gt;Error&lt;/td&gt;&#34;, &#34;&lt;td class=\&#34;col-testId\&#34;&gt;GEMINI::collect&lt;/td&gt;&#34;, &#34;&lt;td class=\&#34;col-duration\&#34;&gt;0 ms&lt;/td&gt;&#34;, &#34;&lt;td class=\&#34;col-links\&#34;&gt;&lt;/td&gt;&#34;], &#34;log&#34;: &#34;C:\\Python312\\Lib\\importlib\\__init__.py:90: in import_module\n    return _bootstrap._gcd_import(name[level:], package, level)\n&amp;lt;frozen importlib._bootstrap&amp;gt;:1387: in _gcd_import\n    ???\n&amp;lt;frozen importlib._bootstrap&amp;gt;:1360: in _find_and_load\n    ???\n&amp;lt;frozen importlib._bootstrap&amp;gt;:1331: in _find_and_load_unlocked\n    ???\n&amp;lt;frozen importlib._bootstrap&amp;gt;:935: in _load_unlocked\n    ???\nvenv\\Lib\\site-packages\\_pytest\\assertion\\rewrite.py:185: in exec_module\n    exec(co, module.__dict__)\nGEMINI\\conftest.py:8: in &amp;lt;module&amp;gt;\n    from core.cache.disk_cache import DiskCache\ncore\\cache\\disk_cache.py:16: in &amp;lt;module&amp;gt;\n    from core.errors.exceptions import CacheError\nE   ImportError: cannot import name &amp;#x27;CacheError&amp;#x27; from &amp;#x27;core.errors.exceptions&amp;#x27; (C:\\Users\\thump\\web_automation_project\\core\\errors\\exceptions.py)\n&#34;}, {&#34;extras&#34;: [], &#34;result&#34;: &#34;Error&#34;, &#34;testId&#34;: &#34;GEMINI::collect&#34;, &#34;duration&#34;: &#34;0 ms&#34;, &#34;resultsTableRow&#34;: [&#34;&lt;td class=\&#34;col-result\&#34;&gt;Error&lt;/td&gt;&#34;, &#34;&lt;td class=\&#34;col-testId\&#34;&gt;GEMINI::collect&lt;/td&gt;&#34;, &#34;&lt;td class=\&#34;col-duration\&#34;&gt;0 ms&lt;/td&gt;&#34;, &#34;&lt;td class=\&#34;col-links\&#34;&gt;&lt;/td&gt;&#34;], &#34;log&#34;: &#34;C:\\Python312\\Lib\\importlib\\__init__.py:90: in import_module\n    return _bootstrap._gcd_import(name[level:], package, level)\n&amp;lt;frozen importlib._bootstrap&amp;gt;:1387: in _gcd_import\n    ???\n&amp;lt;frozen importlib._bootstrap&amp;gt;:1360: in _find_and_load\n    ???\n&amp;lt;frozen importlib._bootstrap&amp;gt;:1331: in _find_and_load_unlocked\n    ???\n&amp;lt;frozen importlib._bootstrap&amp;gt;:935: in _load_unlocked\n    ???\nvenv\\Lib\\site-packages\\_pytest\\assertion\\rewrite.py:185: in exec_module\n    exec(co, module.__dict__)\nGEMINI\\conftest.py:8: in &amp;lt;module&amp;gt;\n    from core.cache.disk_cache import DiskCache\ncore\\cache\\disk_cache.py:16: in &amp;lt;module&amp;gt;\n    from core.errors.exceptions import CacheError\nE   ImportError: cannot import name &amp;#x27;CacheError&amp;#x27; from &amp;#x27;core.errors.exceptions&amp;#x27; (C:\\Users\\thump\\web_automation_project\\core\\errors\\exceptions.py)\n&#34;}, {&#34;extras&#34;: [], &#34;result&#34;: &#34;Error&#34;, &#34;testId&#34;: &#34;GEMINI::collect&#34;, &#34;duration&#34;: &#34;0 ms&#34;, &#34;resultsTableRow&#34;: [&#34;&lt;td class=\&#34;col-result\&#34;&gt;Error&lt;/td&gt;&#34;, &#34;&lt;td class=\&#34;col-testId\&#34;&gt;GEMINI::collect&lt;/td&gt;&#34;, &#34;&lt;td class=\&#34;col-duration\&#34;&gt;0 ms&lt;/td&gt;&#34;, &#34;&lt;td class=\&#34;col-links\&#34;&gt;&lt;/td&gt;&#34;], &#34;log&#34;: &#34;C:\\Python312\\Lib\\importlib\\__init__.py:90: in import_module\n    return _bootstrap._gcd_import(name[level:], package, level)\n&amp;lt;frozen importlib._bootstrap&amp;gt;:1387: in _gcd_import\n    ???\n&amp;lt;frozen importlib._bootstrap&amp;gt;:1360: in _find_and_load\n    ???\n&amp;lt;frozen importlib._bootstrap&amp;gt;:1331: in _find_and_load_unlocked\n    ???\n&amp;lt;frozen importlib._bootstrap&amp;gt;:935: in _load_unlocked\n    ???\nvenv\\Lib\\site-packages\\_pytest\\assertion\\rewrite.py:185: in exec_module\n    exec(co, module.__dict__)\nGEMINI\\conftest.py:8: in &amp;lt;module&amp;gt;\n    from core.cache.disk_cache import DiskCache\ncore\\cache\\disk_cache.py:16: in &amp;lt;module&amp;gt;\n    from core.errors.exceptions import CacheError\nE   ImportError: cannot import name &amp;#x27;CacheError&amp;#x27; from &amp;#x27;core.errors.exceptions&amp;#x27; (C:\\Users\\thump\\web_automation_project\\core\\errors\\exceptions.py)\n&#34;}, {&#34;extras&#34;: [], &#34;result&#34;: &#34;Error&#34;, &#34;testId&#34;: &#34;GEMINI::collect&#34;, &#34;duration&#34;: &#34;0 ms&#34;, &#34;resultsTableRow&#34;: [&#34;&lt;td class=\&#34;col-result\&#34;&gt;Error&lt;/td&gt;&#34;, &#34;&lt;td class=\&#34;col-testId\&#34;&gt;GEMINI::collect&lt;/td&gt;&#34;, &#34;&lt;td class=\&#34;col-duration\&#34;&gt;0 ms&lt;/td&gt;&#34;, &#34;&lt;td class=\&#34;col-links\&#34;&gt;&lt;/td&gt;&#34;], &#34;log&#34;: &#34;C:\\Python312\\Lib\\importlib\\__init__.py:90: in import_module\n    return _bootstrap._gcd_import(name[level:], package, level)\n&amp;lt;frozen importlib._bootstrap&amp;gt;:1387: in _gcd_import\n    ???\n&amp;lt;frozen importlib._bootstrap&amp;gt;:1360: in _find_and_load\n    ???\n&amp;lt;frozen importlib._bootstrap&amp;gt;:1331: in _find_and_load_unlocked\n    ???\n&amp;lt;frozen importlib._bootstrap&amp;gt;:935: in _load_unlocked\n    ???\nvenv\\Lib\\site-packages\\_pytest\\assertion\\rewrite.py:185: in exec_module\n    exec(co, module.__dict__)\nGEMINI\\conftest.py:8: in &amp;lt;module&amp;gt;\n    from core.cache.disk_cache import DiskCache\ncore\\cache\\disk_cache.py:16: in &amp;lt;module&amp;gt;\n    from core.errors.exceptions import CacheError\nE   ImportError: cannot import name &amp;#x27;CacheError&amp;#x27; from &amp;#x27;core.errors.exceptions&amp;#x27; (C:\\Users\\thump\\web_automation_project\\core\\errors\\exceptions.py)\n&#34;}, {&#34;extras&#34;: [], &#34;result&#34;: &#34;Error&#34;, &#34;testId&#34;: &#34;GEMINI::collect&#34;, &#34;duration&#34;: &#34;0 ms&#34;, &#34;resultsTableRow&#34;: [&#34;&lt;td class=\&#34;col-result\&#34;&gt;Error&lt;/td&gt;&#34;, &#34;&lt;td class=\&#34;col-testId\&#34;&gt;GEMINI::collect&lt;/td&gt;&#34;, &#34;&lt;td class=\&#34;col-duration\&#34;&gt;0 ms&lt;/td&gt;&#34;, &#34;&lt;td class=\&#34;col-links\&#34;&gt;&lt;/td&gt;&#34;], &#34;log&#34;: &#34;C:\\Python312\\Lib\\importlib\\__init__.py:90: in import_module\n    return _bootstrap._gcd_import(name[level:], package, level)\n&amp;lt;frozen importlib._bootstrap&amp;gt;:1387: in _gcd_import\n    ???\n&amp;lt;frozen importlib._bootstrap&amp;gt;:1360: in _find_and_load\n    ???\n&amp;lt;frozen importlib._bootstrap&amp;gt;:1331: in _find_and_load_unlocked\n    ???\n&amp;lt;frozen importlib._bootstrap&amp;gt;:935: in _load_unlocked\n    ???\nvenv\\Lib\\site-packages\\_pytest\\assertion\\rewrite.py:185: in exec_module\n    exec(co, module.__dict__)\nGEMINI\\conftest.py:8: in &amp;lt;module&amp;gt;\n    from core.cache.disk_cache import DiskCache\ncore\\cache\\disk_cache.py:16: in &amp;lt;module&amp;gt;\n    from core.errors.exceptions import CacheError\nE   ImportError: cannot import name &amp;#x27;CacheError&amp;#x27; from &amp;#x27;core.errors.exceptions&amp;#x27; (C:\\Users\\thump\\web_automation_project\\core\\errors\\exceptions.py)\n&#34;}], &#34;review_cache_20250323_024058/tests/core/cache/test_cache_eviction.py&#34;: [{&#34;extras&#34;: [], &#34;result&#34;: &#34;Error&#34;, &#34;testId&#34;: &#34;review_cache_20250323_024058/tests/core/cache/test_cache_eviction.py::collect&#34;, &#34;duration&#34;: &#34;0 ms&#34;, &#34;resultsTableRow&#34;: [&#34;&lt;td class=\&#34;col-result\&#34;&gt;Error&lt;/td&gt;&#34;, &#34;&lt;td class=\&#34;col-testId\&#34;&gt;review_cache_20250323_024058/tests/core/cache/test_cache_eviction.py::collect&lt;/td&gt;&#34;, &#34;&lt;td class=\&#34;col-duration\&#34;&gt;0 ms&lt;/td&gt;&#34;, &#34;&lt;td class=\&#34;col-links\&#34;&gt;&lt;/td&gt;&#34;], &#34;log&#34;: &#34;import file mismatch:\nimported module &amp;#x27;test_cache_eviction&amp;#x27; has this __file__ attribute:\n  C:\\Users\\thump\\web_automation_project\\review_cache_20250323_024056\\tests\\core\\cache\\test_cache_eviction.py\nwhich is not the same as the test file we want to collect:\n  C:\\Users\\thump\\web_automation_project\\review_cache_20250323_024058\\tests\\core\\cache\\test_cache_eviction.py\nHINT: remove __pycache__ / .pyc files and/or use a unique basename for your test file modules\n&#34;}], &#34;review_cache_20250323_024058/tests/core/cache/test_disk_cache.py&#34;: [{&#34;extras&#34;: [], &#34;result&#34;: &#34;Error&#34;, &#34;testId&#34;: &#34;review_cache_20250323_024058/tests/core/cache/test_disk_cache.py::collect&#34;, &#34;duration&#34;: &#34;0 ms&#34;, &#34;resultsTableRow&#34;: [&#34;&lt;td class=\&#34;col-result\&#34;&gt;Error&lt;/td&gt;&#34;, &#34;&lt;td class=\&#34;col-testId\&#34;&gt;review_cache_20250323_024058/tests/core/cache/test_disk_cache.py::collect&lt;/td&gt;&#34;, &#34;&lt;td class=\&#34;col-duration\&#34;&gt;0 ms&lt;/td&gt;&#34;, &#34;&lt;td class=\&#34;col-links\&#34;&gt;&lt;/td&gt;&#34;], &#34;log&#34;: &#34;import file mismatch:\nimported module &amp;#x27;test_disk_cache&amp;#x27; has this __file__ attribute:\n  C:\\Users\\thump\\web_automation_project\\review_cache_20250323_024056\\tests\\core\\cache\\test_disk_cache.py\nwhich is not the same as the test file we want to collect:\n  C:\\Users\\thump\\web_automation_project\\review_cache_20250323_024058\\tests\\core\\cache\\test_disk_cache.py\nHINT: remove __pycache__ / .pyc files and/or use a unique basename for your test file modules\n&#34;}], &#34;tests/components/navigation&#34;: [{&#34;extras&#34;: [], &#34;result&#34;: &#34;Error&#34;, &#34;testId&#34;: &#34;tests/components/navigation::collect&#34;, &#34;duration&#34;: &#34;0 ms&#34;, &#34;resultsTableRow&#34;: [&#34;&lt;td class=\&#34;col-result\&#34;&gt;Error&lt;/td&gt;&#34;, &#34;&lt;td class=\&#34;col-testId\&#34;&gt;tests/components/navigation::collect&lt;/td&gt;&#34;, &#34;&lt;td class=\&#34;col-duration\&#34;&gt;0 ms&lt;/td&gt;&#34;, &#34;&lt;td class=\&#34;col-links\&#34;&gt;&lt;/td&gt;&#34;], &#34;log&#34;: &#34;C:\\Python312\\Lib\\importlib\\__init__.py:90: in import_module\n    return _bootstrap._gcd_import(name[level:], package, level)\n&amp;lt;frozen importlib._bootstrap&amp;gt;:1387: in _gcd_import\n    ???\n&amp;lt;frozen importlib._bootstrap&amp;gt;:1360: in _find_and_load\n    ???\n&amp;lt;frozen importlib._bootstrap&amp;gt;:1331: in _find_and_load_unlocked\n    ???\n&amp;lt;frozen importlib._bootstrap&amp;gt;:935: in _load_unlocked\n    ???\nvenv\\Lib\\site-packages\\_pytest\\assertion\\rewrite.py:185: in exec_module\n    exec(co, module.__dict__)\ntests\\components\\navigation\\conftest.py:9: in &amp;lt;module&amp;gt;\n    from ui.components.navigation.sequence_manager import (\nGEMINI\\ui.py:5: in &amp;lt;module&amp;gt;\n    import streamlit as st\nE   ModuleNotFoundError: No module named &amp;#x27;streamlit&amp;#x27;\n&#34;}, {&#34;extras&#34;: [], &#34;result&#34;: &#34;Error&#34;, &#34;testId&#34;: &#34;tests/components/navigation::collect&#34;, &#34;duration&#34;: &#34;0 ms&#34;, &#34;resultsTableRow&#34;: [&#34;&lt;td class=\&#34;col-result\&#34;&gt;Error&lt;/td&gt;&#34;, &#34;&lt;td class=\&#34;col-testId\&#34;&gt;tests/components/navigation::collect&lt;/td&gt;&#34;, &#34;&lt;td class=\&#34;col-duration\&#34;&gt;0 ms&lt;/td&gt;&#34;, &#34;&lt;td class=\&#34;col-links\&#34;&gt;&lt;/td&gt;&#34;], &#34;log&#34;: &#34;C:\\Python312\\Lib\\importlib\\__init__.py:90: in import_module\n    return _bootstrap._gcd_import(name[level:], package, level)\n&amp;lt;frozen importlib._bootstrap&amp;gt;:1387: in _gcd_import\n    ???\n&amp;lt;frozen importlib._bootstrap&amp;gt;:1360: in _find_and_load\n    ???\n&amp;lt;frozen importlib._bootstrap&amp;gt;:1331: in _find_and_load_unlocked\n    ???\n&amp;lt;frozen importlib._bootstrap&amp;gt;:935: in _load_unlocked\n    ???\nvenv\\Lib\\site-packages\\_pytest\\assertion\\rewrite.py:185: in exec_module\n    exec(co, module.__dict__)\ntests\\components\\navigation\\conftest.py:9: in &amp;lt;module&amp;gt;\n    from ui.components.navigation.sequence_manager import (\nGEMINI\\ui.py:5: in &amp;lt;module&amp;gt;\n    import streamlit as st\nE   ModuleNotFoundError: No module named &amp;#x27;streamlit&amp;#x27;\n&#34;}, {&#34;extras&#34;: [], &#34;result&#34;: &#34;Error&#34;, &#34;testId&#34;: &#34;tests/components/navigation::collect&#34;, &#34;duration&#34;: &#34;0 ms&#34;, &#34;resultsTableRow&#34;: [&#34;&lt;td class=\&#34;col-result\&#34;&gt;Error&lt;/td&gt;&#34;, &#34;&lt;td class=\&#34;col-testId\&#34;&gt;tests/components/navigation::collect&lt;/td&gt;&#34;, &#34;&lt;td class=\&#34;col-duration\&#34;&gt;0 ms&lt;/td&gt;&#34;, &#34;&lt;td class=\&#34;col-links\&#34;&gt;&lt;/td&gt;&#34;], &#34;log&#34;: &#34;C:\\Python312\\Lib\\importlib\\__init__.py:90: in import_module\n    return _bootstrap._gcd_import(name[level:], package, level)\n&amp;lt;frozen importlib._bootstrap&amp;gt;:1387: in _gcd_import\n    ???\n&amp;lt;frozen importlib._bootstrap&amp;gt;:1360: in _find_and_load\n    ???\n&amp;lt;frozen importlib._bootstrap&amp;gt;:1331: in _find_and_load_unlocked\n    ???\n&amp;lt;frozen importlib._bootstrap&amp;gt;:935: in _load_unlocked\n    ???\nvenv\\Lib\\site-packages\\_pytest\\assertion\\rewrite.py:185: in exec_module\n    exec(co, module.__dict__)\ntests\\components\\navigation\\conftest.py:9: in &amp;lt;module&amp;gt;\n    from ui.components.navigation.sequence_manager import (\nGEMINI\\ui.py:5: in &amp;lt;module&amp;gt;\n    import streamlit as st\nE   ModuleNotFoundError: No module named &amp;#x27;streamlit&amp;#x27;\n&#34;}, {&#34;extras&#34;: [], &#34;result&#34;: &#34;Error&#34;, &#34;testId&#34;: &#34;tests/components/navigation::collect&#34;, &#34;duration&#34;: &#34;0 ms&#34;, &#34;resultsTableRow&#34;: [&#34;&lt;td class=\&#34;col-result\&#34;&gt;Error&lt;/td&gt;&#34;, &#34;&lt;td class=\&#34;col-testId\&#34;&gt;tests/components/navigation::collect&lt;/td&gt;&#34;, &#34;&lt;td class=\&#34;col-duration\&#34;&gt;0 ms&lt;/td&gt;&#34;, &#34;&lt;td class=\&#34;col-links\&#34;&gt;&lt;/td&gt;&#34;], &#34;log&#34;: &#34;C:\\Python312\\Lib\\importlib\\__init__.py:90: in import_module\n    return _bootstrap._gcd_import(name[level:], package, level)\n&amp;lt;frozen importlib._bootstrap&amp;gt;:1387: in _gcd_import\n    ???\n&amp;lt;frozen importlib._bootstrap&amp;gt;:1360: in _find_and_load\n    ???\n&amp;lt;frozen importlib._bootstrap&amp;gt;:1331: in _find_and_load_unlocked\n    ???\n&amp;lt;frozen importlib._bootstrap&amp;gt;:935: in _load_unlocked\n    ???\nvenv\\Lib\\site-packages\\_pytest\\assertion\\rewrite.py:185: in exec_module\n    exec(co, module.__dict__)\ntests\\components\\navigation\\conftest.py:9: in &amp;lt;module&amp;gt;\n    from ui.components.navigation.sequence_manager import (\nGEMINI\\ui.py:5: in &amp;lt;module&amp;gt;\n    import streamlit as st\nE   ModuleNotFoundError: No module named &amp;#x27;streamlit&amp;#x27;\n&#34;}, {&#34;extras&#34;: [], &#34;result&#34;: &#34;Error&#34;, &#34;testId&#34;: &#34;tests/components/navigation::collect&#34;, &#34;duration&#34;: &#34;0 ms&#34;, &#34;resultsTableRow&#34;: [&#34;&lt;td class=\&#34;col-result\&#34;&gt;Error&lt;/td&gt;&#34;, &#34;&lt;td class=\&#34;col-testId\&#34;&gt;tests/components/navigation::collect&lt;/td&gt;&#34;, &#34;&lt;td class=\&#34;col-duration\&#34;&gt;0 ms&lt;/td&gt;&#34;, &#34;&lt;td class=\&#34;col-links\&#34;&gt;&lt;/td&gt;&#34;], &#34;log&#34;: &#34;C:\\Python312\\Lib\\importlib\\__init__.py:90: in import_module\n    return _bootstrap._gcd_import(name[level:], package, level)\n&amp;lt;frozen importlib._bootstrap&amp;gt;:1387: in _gcd_import\n    ???\n&amp;lt;frozen importlib._bootstrap&amp;gt;:1360: in _find_and_load\n    ???\n&amp;lt;frozen importlib._bootstrap&amp;gt;:1331: in _find_and_load_unlocked\n    ???\n&amp;lt;frozen importlib._bootstrap&amp;gt;:935: in _load_unlocked\n    ???\nvenv\\Lib\\site-packages\\_pytest\\assertion\\rewrite.py:185: in exec_module\n    exec(co, module.__dict__)\ntests\\components\\navigation\\conftest.py:9: in &amp;lt;module&amp;gt;\n    from ui.components.navigation.sequence_manager import (\nGEMINI\\ui.py:5: in &amp;lt;module&amp;gt;\n    import streamlit as st\nE   ModuleNotFoundError: No module named &amp;#x27;streamlit&amp;#x27;\n&#34;}, {&#34;extras&#34;: [], &#34;result&#34;: &#34;Error&#34;, &#34;testId&#34;: &#34;tests/components/navigation::collect&#34;, &#34;duration&#34;: &#34;0 ms&#34;, &#34;resultsTableRow&#34;: [&#34;&lt;td class=\&#34;col-result\&#34;&gt;Error&lt;/td&gt;&#34;, &#34;&lt;td class=\&#34;col-testId\&#34;&gt;tests/components/navigation::collect&lt;/td&gt;&#34;, &#34;&lt;td class=\&#34;col-duration\&#34;&gt;0 ms&lt;/td&gt;&#34;, &#34;&lt;td class=\&#34;col-links\&#34;&gt;&lt;/td&gt;&#34;], &#34;log&#34;: &#34;C:\\Python312\\Lib\\importlib\\__init__.py:90: in import_module\n    return _bootstrap._gcd_import(name[level:], package, level)\n&amp;lt;frozen importlib._bootstrap&amp;gt;:1387: in _gcd_import\n    ???\n&amp;lt;frozen importlib._bootstrap&amp;gt;:1360: in _find_and_load\n    ???\n&amp;lt;frozen importlib._bootstrap&amp;gt;:1331: in _find_and_load_unlocked\n    ???\n&amp;lt;frozen importlib._bootstrap&amp;gt;:935: in _load_unlocked\n    ???\nvenv\\Lib\\site-packages\\_pytest\\assertion\\rewrite.py:185: in exec_module\n    exec(co, module.__dict__)\ntests\\components\\navigation\\conftest.py:9: in &amp;lt;module&amp;gt;\n    from ui.components.navigation.sequence_manager import (\nGEMINI\\ui.py:5: in &amp;lt;module&amp;gt;\n    import streamlit as st\nE   ModuleNotFoundError: No module named &amp;#x27;streamlit&amp;#x27;\n&#34;}, {&#34;extras&#34;: [], &#34;result&#34;: &#34;Error&#34;, &#34;testId&#34;: &#34;tests/components/navigation::collect&#34;, &#34;duration&#34;: &#34;0 ms&#34;, &#34;resultsTableRow&#34;: [&#34;&lt;td class=\&#34;col-result\&#34;&gt;Error&lt;/td&gt;&#34;, &#34;&lt;td class=\&#34;col-testId\&#34;&gt;tests/components/navigation::collect&lt;/td&gt;&#34;, &#34;&lt;td class=\&#34;col-duration\&#34;&gt;0 ms&lt;/td&gt;&#34;, &#34;&lt;td class=\&#34;col-links\&#34;&gt;&lt;/td&gt;&#34;], &#34;log&#34;: &#34;C:\\Python312\\Lib\\importlib\\__init__.py:90: in import_module\n    return _bootstrap._gcd_import(name[level:], package, level)\n&amp;lt;frozen importlib._bootstrap&amp;gt;:1387: in _gcd_import\n    ???\n&amp;lt;frozen importlib._bootstrap&amp;gt;:1360: in _find_and_load\n    ???\n&amp;lt;frozen importlib._bootstrap&amp;gt;:1331: in _find_and_load_unlocked\n    ???\n&amp;lt;frozen importlib._bootstrap&amp;gt;:935: in _load_unlocked\n    ???\nvenv\\Lib\\site-packages\\_pytest\\assertion\\rewrite.py:185: in exec_module\n    exec(co, module.__dict__)\ntests\\components\\navigation\\conftest.py:9: in &amp;lt;module&amp;gt;\n    from ui.components.navigation.sequence_manager import (\nGEMINI\\ui.py:5: in &amp;lt;module&amp;gt;\n    import streamlit as st\nE   ModuleNotFoundError: No module named &amp;#x27;streamlit&amp;#x27;\n&#34;}, {&#34;extras&#34;: [], &#34;result&#34;: &#34;Error&#34;, &#34;testId&#34;: &#34;tests/components/navigation::collect&#34;, &#34;duration&#34;: &#34;0 ms&#34;, &#34;resultsTableRow&#34;: [&#34;&lt;td class=\&#34;col-result\&#34;&gt;Error&lt;/td&gt;&#34;, &#34;&lt;td class=\&#34;col-testId\&#34;&gt;tests/components/navigation::collect&lt;/td&gt;&#34;, &#34;&lt;td class=\&#34;col-duration\&#34;&gt;0 ms&lt;/td&gt;&#34;, &#34;&lt;td class=\&#34;col-links\&#34;&gt;&lt;/td&gt;&#34;], &#34;log&#34;: &#34;C:\\Python312\\Lib\\importlib\\__init__.py:90: in import_module\n    return _bootstrap._gcd_import(name[level:], package, level)\n&amp;lt;frozen importlib._bootstrap&amp;gt;:1387: in _gcd_import\n    ???\n&amp;lt;frozen importlib._bootstrap&amp;gt;:1360: in _find_and_load\n    ???\n&amp;lt;frozen importlib._bootstrap&amp;gt;:1331: in _find_and_load_unlocked\n    ???\n&amp;lt;frozen importlib._bootstrap&amp;gt;:935: in _load_unlocked\n    ???\nvenv\\Lib\\site-packages\\_pytest\\assertion\\rewrite.py:185: in exec_module\n    exec(co, module.__dict__)\ntests\\components\\navigation\\conftest.py:9: in &amp;lt;module&amp;gt;\n    from ui.components.navigation.sequence_manager import (\nGEMINI\\ui.py:5: in &amp;lt;module&amp;gt;\n    import streamlit as st\nE   ModuleNotFoundError: No module named &amp;#x27;streamlit&amp;#x27;\n&#34;}], &#34;tests/components/test_selector_patterns.py&#34;: [{&#34;extras&#34;: [], &#34;result&#34;: &#34;Error&#34;, &#34;testId&#34;: &#34;tests/components/test_selector_patterns.py::collect&#34;, &#34;duration&#34;: &#34;0 ms&#34;, &#34;resultsTableRow&#34;: [&#34;&lt;td class=\&#34;col-result\&#34;&gt;Error&lt;/td&gt;&#34;, &#34;&lt;td class=\&#34;col-testId\&#34;&gt;tests/components/test_selector_patterns.py::collect&lt;/td&gt;&#34;, &#34;&lt;td class=\&#34;col-duration\&#34;&gt;0 ms&lt;/td&gt;&#34;, &#34;&lt;td class=\&#34;col-links\&#34;&gt;&lt;/td&gt;&#34;], &#34;log&#34;: &#34;ImportError while importing test module &amp;#x27;C:\\Users\\thump\\web_automation_project\\tests\\components\\test_selector_patterns.py&amp;#x27;.\nHint: make sure your test modules/packages have valid Python names.\nTraceback:\nC:\\Python312\\Lib\\importlib\\__init__.py:90: in import_module\n    return _bootstrap._gcd_import(name[level:], package, level)\ntests\\components\\test_selector_patterns.py:8: in &amp;lt;module&amp;gt;\n    from ui.components.common.selector_patterns import SelectorPattern, PatternLibrary\nGEMINI\\ui.py:5: in &amp;lt;module&amp;gt;\n    import streamlit as st\nE   ModuleNotFoundError: No module named &amp;#x27;streamlit&amp;#x27;\n&#34;}], &#34;tests/core/cache&#34;: [{&#34;extras&#34;: [], &#34;result&#34;: &#34;Error&#34;, &#34;testId&#34;: &#34;tests/core/cache::collect&#34;, &#34;duration&#34;: &#34;0 ms&#34;, &#34;resultsTableRow&#34;: [&#34;&lt;td class=\&#34;col-result\&#34;&gt;Error&lt;/td&gt;&#34;, &#34;&lt;td class=\&#34;col-testId\&#34;&gt;tests/core/cache::collect&lt;/td&gt;&#34;, &#34;&lt;td class=\&#34;col-duration\&#34;&gt;0 ms&lt;/td&gt;&#34;, &#34;&lt;td class=\&#34;col-links\&#34;&gt;&lt;/td&gt;&#34;], &#34;log&#34;: &#34;C:\\Python312\\Lib\\importlib\\__init__.py:90: in import_module\n    return _bootstrap._gcd_import(name[level:], package, level)\n&amp;lt;frozen importlib._bootstrap&amp;gt;:1387: in _gcd_import\n    ???\n&amp;lt;frozen importlib._bootstrap&amp;gt;:1360: in _find_and_load\n    ???\n&amp;lt;frozen importlib._bootstrap&amp;gt;:1331: in _find_and_load_unlocked\n    ???\n&amp;lt;frozen importlib._bootstrap&amp;gt;:935: in _load_unlocked\n    ???\nvenv\\Lib\\site-packages\\_pytest\\assertion\\rewrite.py:185: in exec_module\n    exec(co, module.__dict__)\ntests\\core\\cache\\conftest.py:12: in &amp;lt;module&amp;gt;\n    from core.cache.disk_cache import DiskCache\ncore\\cache\\disk_cache.py:16: in &amp;lt;module&amp;gt;\n    from core.errors.exceptions import CacheError\nE   ImportError: cannot import name &amp;#x27;CacheError&amp;#x27; from &amp;#x27;core.errors.exceptions&amp;#x27; (C:\\Users\\thump\\web_automation_project\\core\\errors\\exceptions.py)\n&#34;}, {&#34;extras&#34;: [], &#34;result&#34;: &#34;Error&#34;, &#34;testId&#34;: &#34;tests/core/cache::collect&#34;, &#34;duration&#34;: &#34;0 ms&#34;, &#34;resultsTableRow&#34;: [&#34;&lt;td class=\&#34;col-result\&#34;&gt;Error&lt;/td&gt;&#34;, &#34;&lt;td class=\&#34;col-testId\&#34;&gt;tests/core/cache::collect&lt;/td&gt;&#34;, &#34;&lt;td class=\&#34;col-duration\&#34;&gt;0 ms&lt;/td&gt;&#34;, &#34;&lt;td class=\&#34;col-links\&#34;&gt;&lt;/td&gt;&#34;], &#34;log&#34;: &#34;C:\\Python312\\Lib\\importlib\\__init__.py:90: in import_module\n    return _bootstrap._gcd_import(name[level:], package, level)\n&amp;lt;frozen importlib._bootstrap&amp;gt;:1387: in _gcd_import\n    ???\n&amp;lt;frozen importlib._bootstrap&amp;gt;:1360: in _find_and_load\n    ???\n&amp;lt;frozen importlib._bootstrap&amp;gt;:1331: in _find_and_load_unlocked\n    ???\n&amp;lt;frozen importlib._bootstrap&amp;gt;:935: in _load_unlocked\n    ???\nvenv\\Lib\\site-packages\\_pytest\\assertion\\rewrite.py:185: in exec_module\n    exec(co, module.__dict__)\ntests\\core\\cache\\conftest.py:12: in &amp;lt;module&amp;gt;\n    from core.cache.disk_cache import DiskCache\ncore\\cache\\disk_cache.py:16: in &amp;lt;module&amp;gt;\n    from core.errors.exceptions import CacheError\nE   ImportError: cannot import name &amp;#x27;CacheError&amp;#x27; from &amp;#x27;core.errors.exceptions&amp;#x27; (C:\\Users\\thump\\web_automation_project\\core\\errors\\exceptions.py)\n&#34;}, {&#34;extras&#34;: [], &#34;result&#34;: &#34;Error&#34;, &#34;testId&#34;: &#34;tests/core/cache::collect&#34;, &#34;duration&#34;: &#34;0 ms&#34;, &#34;resultsTableRow&#34;: [&#34;&lt;td class=\&#34;col-result\&#34;&gt;Error&lt;/td&gt;&#34;, &#34;&lt;td class=\&#34;col-testId\&#34;&gt;tests/core/cache::collect&lt;/td&gt;&#34;, &#34;&lt;td class=\&#34;col-duration\&#34;&gt;0 ms&lt;/td&gt;&#34;, &#34;&lt;td class=\&#34;col-links\&#34;&gt;&lt;/td&gt;&#34;], &#34;log&#34;: &#34;C:\\Python312\\Lib\\importlib\\__init__.py:90: in import_module\n    return _bootstrap._gcd_import(name[level:], package, level)\n&amp;lt;frozen importlib._bootstrap&amp;gt;:1387: in _gcd_import\n    ???\n&amp;lt;frozen importlib._bootstrap&amp;gt;:1360: in _find_and_load\n    ???\n&amp;lt;frozen importlib._bootstrap&amp;gt;:1331: in _find_and_load_unlocked\n    ???\n&amp;lt;frozen importlib._bootstrap&amp;gt;:935: in _load_unlocked\n    ???\nvenv\\Lib\\site-packages\\_pytest\\assertion\\rewrite.py:185: in exec_module\n    exec(co, module.__dict__)\ntests\\core\\cache\\conftest.py:12: in &amp;lt;module&amp;gt;\n    from core.cache.disk_cache import DiskCache\ncore\\cache\\disk_cache.py:16: in &amp;lt;module&amp;gt;\n    from core.errors.exceptions import CacheError\nE   ImportError: cannot import name &amp;#x27;CacheError&amp;#x27; from &amp;#x27;core.errors.exceptions&amp;#x27; (C:\\Users\\thump\\web_automation_project\\core\\errors\\exceptions.py)\n&#34;}, {&#34;extras&#34;: [], &#34;result&#34;: &#34;Error&#34;, &#34;testId&#34;: &#34;tests/core/cache::collect&#34;, &#34;duration&#34;: &#34;0 ms&#34;, &#34;resultsTableRow&#34;: [&#34;&lt;td class=\&#34;col-result\&#34;&gt;Error&lt;/td&gt;&#34;, &#34;&lt;td class=\&#34;col-testId\&#34;&gt;tests/core/cache::collect&lt;/td&gt;&#34;, &#34;&lt;td class=\&#34;col-duration\&#34;&gt;0 ms&lt;/td&gt;&#34;, &#34;&lt;td class=\&#34;col-links\&#34;&gt;&lt;/td&gt;&#34;], &#34;log&#34;: &#34;C:\\Python312\\Lib\\importlib\\__init__.py:90: in import_module\n    return _bootstrap._gcd_import(name[level:], package, level)\n&amp;lt;frozen importlib._bootstrap&amp;gt;:1387: in _gcd_import\n    ???\n&amp;lt;frozen importlib._bootstrap&amp;gt;:1360: in _find_and_load\n    ???\n&amp;lt;frozen importlib._bootstrap&amp;gt;:1331: in _find_and_load_unlocked\n    ???\n&amp;lt;frozen importlib._bootstrap&amp;gt;:935: in _load_unlocked\n    ???\nvenv\\Lib\\site-packages\\_pytest\\assertion\\rewrite.py:185: in exec_module\n    exec(co, module.__dict__)\ntests\\core\\cache\\conftest.py:12: in &amp;lt;module&amp;gt;\n    from core.cache.disk_cache import DiskCache\ncore\\cache\\disk_cache.py:16: in &amp;lt;module&amp;gt;\n    from core.errors.exceptions import CacheError\nE   ImportError: cannot import name &amp;#x27;CacheError&amp;#x27; from &amp;#x27;core.errors.exceptions&amp;#x27; (C:\\Users\\thump\\web_automation_project\\core\\errors\\exceptions.py)\n&#34;}, {&#34;extras&#34;: [], &#34;result&#34;: &#34;Error&#34;, &#34;testId&#34;: &#34;tests/core/cache::collect&#34;, &#34;duration&#34;: &#34;0 ms&#34;, &#34;resultsTableRow&#34;: [&#34;&lt;td class=\&#34;col-result\&#34;&gt;Error&lt;/td&gt;&#34;, &#34;&lt;td class=\&#34;col-testId\&#34;&gt;tests/core/cache::collect&lt;/td&gt;&#34;, &#34;&lt;td class=\&#34;col-duration\&#34;&gt;0 ms&lt;/td&gt;&#34;, &#34;&lt;td class=\&#34;col-links\&#34;&gt;&lt;/td&gt;&#34;], &#34;log&#34;: &#34;C:\\Python312\\Lib\\importlib\\__init__.py:90: in import_module\n    return _bootstrap._gcd_import(name[level:], package, level)\n&amp;lt;frozen importlib._bootstrap&amp;gt;:1387: in _gcd_import\n    ???\n&amp;lt;frozen importlib._bootstrap&amp;gt;:1360: in _find_and_load\n    ???\n&amp;lt;frozen importlib._bootstrap&amp;gt;:1331: in _find_and_load_unlocked\n    ???\n&amp;lt;frozen importlib._bootstrap&amp;gt;:935: in _load_unlocked\n    ???\nvenv\\Lib\\site-packages\\_pytest\\assertion\\rewrite.py:185: in exec_module\n    exec(co, module.__dict__)\ntests\\core\\cache\\conftest.py:12: in &amp;lt;module&amp;gt;\n    from core.cache.disk_cache import DiskCache\ncore\\cache\\disk_cache.py:16: in &amp;lt;module&amp;gt;\n    from core.errors.exceptions import CacheError\nE   ImportError: cannot import name &amp;#x27;CacheError&amp;#x27; from &amp;#x27;core.errors.exceptions&amp;#x27; (C:\\Users\\thump\\web_automation_project\\core\\errors\\exceptions.py)\n&#34;}, {&#34;extras&#34;: [], &#34;result&#34;: &#34;Error&#34;, &#34;testId&#34;: &#34;tests/core/cache::collect&#34;, &#34;duration&#34;: &#34;0 ms&#34;, &#34;resultsTableRow&#34;: [&#34;&lt;td class=\&#34;col-result\&#34;&gt;Error&lt;/td&gt;&#34;, &#34;&lt;td class=\&#34;col-testId\&#34;&gt;tests/core/cache::collect&lt;/td&gt;&#34;, &#34;&lt;td class=\&#34;col-duration\&#34;&gt;0 ms&lt;/td&gt;&#34;, &#34;&lt;td class=\&#34;col-links\&#34;&gt;&lt;/td&gt;&#34;], &#34;log&#34;: &#34;C:\\Python312\\Lib\\importlib\\__init__.py:90: in import_module\n    return _bootstrap._gcd_import(name[level:], package, level)\n&amp;lt;frozen importlib._bootstrap&amp;gt;:1387: in _gcd_import\n    ???\n&amp;lt;frozen importlib._bootstrap&amp;gt;:1360: in _find_and_load\n    ???\n&amp;lt;frozen importlib._bootstrap&amp;gt;:1331: in _find_and_load_unlocked\n    ???\n&amp;lt;frozen importlib._bootstrap&amp;gt;:935: in _load_unlocked\n    ???\nvenv\\Lib\\site-packages\\_pytest\\assertion\\rewrite.py:185: in exec_module\n    exec(co, module.__dict__)\ntests\\core\\cache\\conftest.py:12: in &amp;lt;module&amp;gt;\n    from core.cache.disk_cache import DiskCache\ncore\\cache\\disk_cache.py:16: in &amp;lt;module&amp;gt;\n    from core.errors.exceptions import CacheError\nE   ImportError: cannot import name &amp;#x27;CacheError&amp;#x27; from &amp;#x27;core.errors.exceptions&amp;#x27; (C:\\Users\\thump\\web_automation_project\\core\\errors\\exceptions.py)\n&#34;}, {&#34;extras&#34;: [], &#34;result&#34;: &#34;Error&#34;, &#34;testId&#34;: &#34;tests/core/cache::collect&#34;, &#34;duration&#34;: &#34;0 ms&#34;, &#34;resultsTableRow&#34;: [&#34;&lt;td class=\&#34;col-result\&#34;&gt;Error&lt;/td&gt;&#34;, &#34;&lt;td class=\&#34;col-testId\&#34;&gt;tests/core/cache::collect&lt;/td&gt;&#34;, &#34;&lt;td class=\&#34;col-duration\&#34;&gt;0 ms&lt;/td&gt;&#34;, &#34;&lt;td class=\&#34;col-links\&#34;&gt;&lt;/td&gt;&#34;], &#34;log&#34;: &#34;C:\\Python312\\Lib\\importlib\\__init__.py:90: in import_module\n    return _bootstrap._gcd_import(name[level:], package, level)\n&amp;lt;frozen importlib._bootstrap&amp;gt;:1387: in _gcd_import\n    ???\n&amp;lt;frozen importlib._bootstrap&amp;gt;:1360: in _find_and_load\n    ???\n&amp;lt;frozen importlib._bootstrap&amp;gt;:1331: in _find_and_load_unlocked\n    ???\n&amp;lt;frozen importlib._bootstrap&amp;gt;:935: in _load_unlocked\n    ???\nvenv\\Lib\\site-packages\\_pytest\\assertion\\rewrite.py:185: in exec_module\n    exec(co, module.__dict__)\ntests\\core\\cache\\conftest.py:12: in &amp;lt;module&amp;gt;\n    from core.cache.disk_cache import DiskCache\ncore\\cache\\disk_cache.py:16: in &amp;lt;module&amp;gt;\n    from core.errors.exceptions import CacheError\nE   ImportError: cannot import name &amp;#x27;CacheError&amp;#x27; from &amp;#x27;core.errors.exceptions&amp;#x27; (C:\\Users\\thump\\web_automation_project\\core\\errors\\exceptions.py)\n&#34;}, {&#34;extras&#34;: [], &#34;result&#34;: &#34;Error&#34;, &#34;testId&#34;: &#34;tests/core/cache::collect&#34;, &#34;duration&#34;: &#34;0 ms&#34;, &#34;resultsTableRow&#34;: [&#34;&lt;td class=\&#34;col-result\&#34;&gt;Error&lt;/td&gt;&#34;, &#34;&lt;td class=\&#34;col-testId\&#34;&gt;tests/core/cache::collect&lt;/td&gt;&#34;, &#34;&lt;td class=\&#34;col-duration\&#34;&gt;0 ms&lt;/td&gt;&#34;, &#34;&lt;td class=\&#34;col-links\&#34;&gt;&lt;/td&gt;&#34;], &#34;log&#34;: &#34;C:\\Python312\\Lib\\importlib\\__init__.py:90: in import_module\n    return _bootstrap._gcd_import(name[level:], package, level)\n&amp;lt;frozen importlib._bootstrap&amp;gt;:1387: in _gcd_import\n    ???\n&amp;lt;frozen importlib._bootstrap&amp;gt;:1360: in _find_and_load\n    ???\n&amp;lt;frozen importlib._bootstrap&amp;gt;:1331: in _find_and_load_unlocked\n    ???\n&amp;lt;frozen importlib._bootstrap&amp;gt;:935: in _load_unlocked\n    ???\nvenv\\Lib\\site-packages\\_pytest\\assertion\\rewrite.py:185: in exec_module\n    exec(co, module.__dict__)\ntests\\core\\cache\\conftest.py:12: in &amp;lt;module&amp;gt;\n    from core.cache.disk_cache import DiskCache\ncore\\cache\\disk_cache.py:16: in &amp;lt;module&amp;gt;\n    from core.errors.exceptions import CacheError\nE   ImportError: cannot import name &amp;#x27;CacheError&amp;#x27; from &amp;#x27;core.errors.exceptions&amp;#x27; (C:\\Users\\thump\\web_automation_project\\core\\errors\\exceptions.py)\n&#34;}], &#34;tests/core/di/test_container.py&#34;: [{&#34;extras&#34;: [], &#34;result&#34;: &#34;Error&#34;, &#34;testId&#34;: &#34;tests/core/di/test_container.py::collect&#34;, &#34;duration&#34;: &#34;0 ms&#34;, &#34;resultsTableRow&#34;: [&#34;&lt;td class=\&#34;col-result\&#34;&gt;Error&lt;/td&gt;&#34;, &#34;&lt;td class=\&#34;col-testId\&#34;&gt;tests/core/di/test_container.py::collect&lt;/td&gt;&#34;, &#34;&lt;td class=\&#34;col-duration\&#34;&gt;0 ms&lt;/td&gt;&#34;, &#34;&lt;td class=\&#34;col-links\&#34;&gt;&lt;/td&gt;&#34;], &#34;log&#34;: &#34;ImportError while importing test module &amp;#x27;C:\\Users\\thump\\web_automation_project\\tests\\core\\di\\test_container.py&amp;#x27;.\nHint: make sure your test modules/packages have valid Python names.\nTraceback:\nC:\\Python312\\Lib\\importlib\\__init__.py:90: in import_module\n    return _bootstrap._gcd_import(name[level:], package, level)\ntests\\core\\di\\test_container.py:2: in &amp;lt;module&amp;gt;\n    from ....core.di.container import Container, ServiceLifetime\nE   ImportError: attempted relative import with no known parent package\n&#34;}], &#34;tests/core/di/test_provider.py&#34;: [{&#34;extras&#34;: [], &#34;result&#34;: &#34;Error&#34;, &#34;testId&#34;: &#34;tests/core/di/test_provider.py::collect&#34;, &#34;duration&#34;: &#34;0 ms&#34;, &#34;resultsTableRow&#34;: [&#34;&lt;td class=\&#34;col-result\&#34;&gt;Error&lt;/td&gt;&#34;, &#34;&lt;td class=\&#34;col-testId\&#34;&gt;tests/core/di/test_provider.py::collect&lt;/td&gt;&#34;, &#34;&lt;td class=\&#34;col-duration\&#34;&gt;0 ms&lt;/td&gt;&#34;, &#34;&lt;td class=\&#34;col-links\&#34;&gt;&lt;/td&gt;&#34;], &#34;log&#34;: &#34;ImportError while importing test module &amp;#x27;C:\\Users\\thump\\web_automation_project\\tests\\core\\di\\test_provider.py&amp;#x27;.\nHint: make sure your test modules/packages have valid Python names.\nTraceback:\nC:\\Python312\\Lib\\importlib\\__init__.py:90: in import_module\n    return _bootstrap._gcd_import(name[level:], package, level)\ntests\\core\\di\\test_provider.py:2: in &amp;lt;module&amp;gt;\n    from ....core.di.container import Container, ServiceLifetime\nE   ImportError: attempted relative import with no known parent package\n&#34;}], &#34;tests/core/encryption/test_decrypt.py&#34;: [{&#34;extras&#34;: [], &#34;result&#34;: &#34;Error&#34;, &#34;testId&#34;: &#34;tests/core/encryption/test_decrypt.py::collect&#34;, &#34;duration&#34;: &#34;0 ms&#34;, &#34;resultsTableRow&#34;: [&#34;&lt;td class=\&#34;col-result\&#34;&gt;Error&lt;/td&gt;&#34;, &#34;&lt;td class=\&#34;col-testId\&#34;&gt;tests/core/encryption/test_decrypt.py::collect&lt;/td&gt;&#34;, &#34;&lt;td class=\&#34;col-duration\&#34;&gt;0 ms&lt;/td&gt;&#34;, &#34;&lt;td class=\&#34;col-links\&#34;&gt;&lt;/td&gt;&#34;], &#34;log&#34;: &#34;ImportError while importing test module &amp;#x27;C:\\Users\\thump\\web_automation_project\\tests\\core\\encryption\\test_decrypt.py&amp;#x27;.\nHint: make sure your test modules/packages have valid Python names.\nTraceback:\nC:\\Python312\\Lib\\importlib\\__init__.py:90: in import_module\n    return _bootstrap._gcd_import(name[level:], package, level)\ntests\\core\\encryption\\test_decrypt.py:3: in &amp;lt;module&amp;gt;\n    from core.security.encryption import EncryptionService\ncore\\security\\encryption.py:13: in &amp;lt;module&amp;gt;\n    from cryptography.fernet import Fernet\nE   ModuleNotFoundError: No module named &amp;#x27;cryptography&amp;#x27;\n&#34;}], &#34;tests/core/encryption/test_encrypt.py&#34;: [{&#34;extras&#34;: [], &#34;result&#34;: &#34;Error&#34;, &#34;testId&#34;: &#34;tests/core/encryption/test_encrypt.py::collect&#34;, &#34;duration&#34;: &#34;0 ms&#34;, &#34;resultsTableRow&#34;: [&#34;&lt;td class=\&#34;col-result\&#34;&gt;Error&lt;/td&gt;&#34;, &#34;&lt;td class=\&#34;col-testId\&#34;&gt;tests/core/encryption/test_encrypt.py::collect&lt;/td&gt;&#34;, &#34;&lt;td class=\&#34;col-duration\&#34;&gt;0 ms&lt;/td&gt;&#34;, &#34;&lt;td class=\&#34;col-links\&#34;&gt;&lt;/td&gt;&#34;], &#34;log&#34;: &#34;ImportError while importing test module &amp;#x27;C:\\Users\\thump\\web_automation_project\\tests\\core\\encryption\\test_encrypt.py&amp;#x27;.\nHint: make sure your test modules/packages have valid Python names.\nTraceback:\nC:\\Python312\\Lib\\importlib\\__init__.py:90: in import_module\n    return _bootstrap._gcd_import(name[level:], package, level)\ntests\\core\\encryption\\test_encrypt.py:3: in &amp;lt;module&amp;gt;\n    from core.security.encryption import EncryptionService\ncore\\security\\encryption.py:13: in &amp;lt;module&amp;gt;\n    from cryptography.fernet import Fernet\nE   ModuleNotFoundError: No module named &amp;#x27;cryptography&amp;#x27;\n&#34;}], &#34;tests/core/encryption/test_key_generation.py&#34;: [{&#34;extras&#34;: [], &#34;result&#34;: &#34;Error&#34;, &#34;testId&#34;: &#34;tests/core/encryption/test_key_generation.py::collect&#34;, &#34;duration&#34;: &#34;0 ms&#34;, &#34;resultsTableRow&#34;: [&#34;&lt;td class=\&#34;col-result\&#34;&gt;Error&lt;/td&gt;&#34;, &#34;&lt;td class=\&#34;col-testId\&#34;&gt;tests/core/encryption/test_key_generation.py::collect&lt;/td&gt;&#34;, &#34;&lt;td class=\&#34;col-duration\&#34;&gt;0 ms&lt;/td&gt;&#34;, &#34;&lt;td class=\&#34;col-links\&#34;&gt;&lt;/td&gt;&#34;], &#34;log&#34;: &#34;ImportError while importing test module &amp;#x27;C:\\Users\\thump\\web_automation_project\\tests\\core\\encryption\\test_key_generation.py&amp;#x27;.\nHint: make sure your test modules/packages have valid Python names.\nTraceback:\nC:\\Python312\\Lib\\importlib\\__init__.py:90: in import_module\n    return _bootstrap._gcd_import(name[level:], package, level)\ntests\\core\\encryption\\test_key_generation.py:3: in &amp;lt;module&amp;gt;\n    from core.security.encryption import EncryptionService\ncore\\security\\encryption.py:13: in &amp;lt;module&amp;gt;\n    from cryptography.fernet import Fernet\nE   ModuleNotFoundError: No module named &amp;#x27;cryptography&amp;#x27;\n&#34;}], &#34;tests/core/errors/test_handlers.py&#34;: [{&#34;extras&#34;: [], &#34;result&#34;: &#34;Error&#34;, &#34;testId&#34;: &#34;tests/core/errors/test_handlers.py::collect&#34;, &#34;duration&#34;: &#34;0 ms&#34;, &#34;resultsTableRow&#34;: [&#34;&lt;td class=\&#34;col-result\&#34;&gt;Error&lt;/td&gt;&#34;, &#34;&lt;td class=\&#34;col-testId\&#34;&gt;tests/core/errors/test_handlers.py::collect&lt;/td&gt;&#34;, &#34;&lt;td class=\&#34;col-duration\&#34;&gt;0 ms&lt;/td&gt;&#34;, &#34;&lt;td class=\&#34;col-links\&#34;&gt;&lt;/td&gt;&#34;], &#34;log&#34;: &#34;tests\\core\\errors\\test_handlers.py:5: in &amp;lt;module&amp;gt;\n    from core.errors.handlers import ErrorHandler\ncore\\errors\\handlers.py:8: in &amp;lt;module&amp;gt;\n    from .strategies import RecoveryStrategy, TimeoutStrategy, ConnectionStrategy, ValueStrategy\ncore\\errors\\strategies.py:37: in &amp;lt;module&amp;gt;\n    class RecoveryStrategyRegistry:\ncore\\errors\\strategies.py:47: in RecoveryStrategyRegistry\n    def get_strategy(self, error_type: Type[Exception]) -&amp;gt; Optional[RecoveryStrategy]:\nE   NameError: name &amp;#x27;Type&amp;#x27; is not defined\n&#34;}, {&#34;extras&#34;: [], &#34;result&#34;: &#34;Error&#34;, &#34;testId&#34;: &#34;tests/core/errors/test_handlers.py::collect&#34;, &#34;duration&#34;: &#34;0 ms&#34;, &#34;resultsTableRow&#34;: [&#34;&lt;td class=\&#34;col-result\&#34;&gt;Error&lt;/td&gt;&#34;, &#34;&lt;td class=\&#34;col-testId\&#34;&gt;tests/core/errors/test_handlers.py::collect&lt;/td&gt;&#34;, &#34;&lt;td class=\&#34;col-duration\&#34;&gt;0 ms&lt;/td&gt;&#34;, &#34;&lt;td class=\&#34;col-links\&#34;&gt;&lt;/td&gt;&#34;], &#34;log&#34;: &#34;tests\\core\\errors\\test_handlers.py:5: in &amp;lt;module&amp;gt;\n    from core.errors.handlers import ErrorHandler\ncore\\errors\\handlers.py:8: in &amp;lt;module&amp;gt;\n    from .strategies import RecoveryStrategy, TimeoutStrategy, ConnectionStrategy, ValueStrategy\ncore\\errors\\strategies.py:37: in &amp;lt;module&amp;gt;\n    class RecoveryStrategyRegistry:\ncore\\errors\\strategies.py:47: in RecoveryStrategyRegistry\n    def get_strategy(self, error_type: Type[Exception]) -&amp;gt; Optional[RecoveryStrategy]:\nE   NameError: name &amp;#x27;Type&amp;#x27; is not defined\n&#34;}, {&#34;extras&#34;: [], &#34;result&#34;: &#34;Error&#34;, &#34;testId&#34;: &#34;tests/core/errors/test_handlers.py::collect&#34;, &#34;duration&#34;: &#34;0 ms&#34;, &#34;resultsTableRow&#34;: [&#34;&lt;td class=\&#34;col-result\&#34;&gt;Error&lt;/td&gt;&#34;, &#34;&lt;td class=\&#34;col-testId\&#34;&gt;tests/core/errors/test_handlers.py::collect&lt;/td&gt;&#34;, &#34;&lt;td class=\&#34;col-duration\&#34;&gt;0 ms&lt;/td&gt;&#34;, &#34;&lt;td class=\&#34;col-links\&#34;&gt;&lt;/td&gt;&#34;], &#34;log&#34;: &#34;tests\\core\\errors\\test_handlers.py:5: in &amp;lt;module&amp;gt;\n    from core.errors.handlers import ErrorHandler\ncore\\errors\\handlers.py:8: in &amp;lt;module&amp;gt;\n    from .strategies import RecoveryStrategy, TimeoutStrategy, ConnectionStrategy, ValueStrategy\ncore\\errors\\strategies.py:37: in &amp;lt;module&amp;gt;\n    class RecoveryStrategyRegistry:\ncore\\errors\\strategies.py:47: in RecoveryStrategyRegistry\n    def get_strategy(self, error_type: Type[Exception]) -&amp;gt; Optional[RecoveryStrategy]:\nE   NameError: name &amp;#x27;Type&amp;#x27; is not defined\n&#34;}, {&#34;extras&#34;: [], &#34;result&#34;: &#34;Error&#34;, &#34;testId&#34;: &#34;tests/core/errors/test_handlers.py::collect&#34;, &#34;duration&#34;: &#34;0 ms&#34;, &#34;resultsTableRow&#34;: [&#34;&lt;td class=\&#34;col-result\&#34;&gt;Error&lt;/td&gt;&#34;, &#34;&lt;td class=\&#34;col-testId\&#34;&gt;tests/core/errors/test_handlers.py::collect&lt;/td&gt;&#34;, &#34;&lt;td class=\&#34;col-duration\&#34;&gt;0 ms&lt;/td&gt;&#34;, &#34;&lt;td class=\&#34;col-links\&#34;&gt;&lt;/td&gt;&#34;], &#34;log&#34;: &#34;tests\\core\\errors\\test_handlers.py:5: in &amp;lt;module&amp;gt;\n    from core.errors.handlers import ErrorHandler\ncore\\errors\\handlers.py:8: in &amp;lt;module&amp;gt;\n    from .strategies import RecoveryStrategy, TimeoutStrategy, ConnectionStrategy, ValueStrategy\ncore\\errors\\strategies.py:37: in &amp;lt;module&amp;gt;\n    class RecoveryStrategyRegistry:\ncore\\errors\\strategies.py:47: in RecoveryStrategyRegistry\n    def get_strategy(self, error_type: Type[Exception]) -&amp;gt; Optional[RecoveryStrategy]:\nE   NameError: name &amp;#x27;Type&amp;#x27; is not defined\n&#34;}, {&#34;extras&#34;: [], &#34;result&#34;: &#34;Error&#34;, &#34;testId&#34;: &#34;tests/core/errors/test_handlers.py::collect&#34;, &#34;duration&#34;: &#34;0 ms&#34;, &#34;resultsTableRow&#34;: [&#34;&lt;td class=\&#34;col-result\&#34;&gt;Error&lt;/td&gt;&#34;, &#34;&lt;td class=\&#34;col-testId\&#34;&gt;tests/core/errors/test_handlers.py::collect&lt;/td&gt;&#34;, &#34;&lt;td class=\&#34;col-duration\&#34;&gt;0 ms&lt;/td&gt;&#34;, &#34;&lt;td class=\&#34;col-links\&#34;&gt;&lt;/td&gt;&#34;], &#34;log&#34;: &#34;tests\\core\\errors\\test_handlers.py:5: in &amp;lt;module&amp;gt;\n    from core.errors.handlers import ErrorHandler\ncore\\errors\\handlers.py:8: in &amp;lt;module&amp;gt;\n    from .strategies import RecoveryStrategy, TimeoutStrategy, ConnectionStrategy, ValueStrategy\ncore\\errors\\strategies.py:37: in &amp;lt;module&amp;gt;\n    class RecoveryStrategyRegistry:\ncore\\errors\\strategies.py:47: in RecoveryStrategyRegistry\n    def get_strategy(self, error_type: Type[Exception]) -&amp;gt; Optional[RecoveryStrategy]:\nE   NameError: name &amp;#x27;Type&amp;#x27; is not defined\n&#34;}, {&#34;extras&#34;: [], &#34;result&#34;: &#34;Error&#34;, &#34;testId&#34;: &#34;tests/core/errors/test_handlers.py::collect&#34;, &#34;duration&#34;: &#34;0 ms&#34;, &#34;resultsTableRow&#34;: [&#34;&lt;td class=\&#34;col-result\&#34;&gt;Error&lt;/td&gt;&#34;, &#34;&lt;td class=\&#34;col-testId\&#34;&gt;tests/core/errors/test_handlers.py::collect&lt;/td&gt;&#34;, &#34;&lt;td class=\&#34;col-duration\&#34;&gt;0 ms&lt;/td&gt;&#34;, &#34;&lt;td class=\&#34;col-links\&#34;&gt;&lt;/td&gt;&#34;], &#34;log&#34;: &#34;tests\\core\\errors\\test_handlers.py:5: in &amp;lt;module&amp;gt;\n    from core.errors.handlers import ErrorHandler\ncore\\errors\\handlers.py:8: in &amp;lt;module&amp;gt;\n    from .strategies import RecoveryStrategy, TimeoutStrategy, ConnectionStrategy, ValueStrategy\ncore\\errors\\strategies.py:37: in &amp;lt;module&amp;gt;\n    class RecoveryStrategyRegistry:\ncore\\errors\\strategies.py:47: in RecoveryStrategyRegistry\n    def get_strategy(self, error_type: Type[Exception]) -&amp;gt; Optional[RecoveryStrategy]:\nE   NameError: name &amp;#x27;Type&amp;#x27; is not defined\n&#34;}, {&#34;extras&#34;: [], &#34;result&#34;: &#34;Error&#34;, &#34;testId&#34;: &#34;tests/core/errors/test_handlers.py::collect&#34;, &#34;duration&#34;: &#34;0 ms&#34;, &#34;resultsTableRow&#34;: [&#34;&lt;td class=\&#34;col-result\&#34;&gt;Error&lt;/td&gt;&#34;, &#34;&lt;td class=\&#34;col-testId\&#34;&gt;tests/core/errors/test_handlers.py::collect&lt;/td&gt;&#34;, &#34;&lt;td class=\&#34;col-duration\&#34;&gt;0 ms&lt;/td&gt;&#34;, &#34;&lt;td class=\&#34;col-links\&#34;&gt;&lt;/td&gt;&#34;], &#34;log&#34;: &#34;tests\\core\\errors\\test_handlers.py:5: in &amp;lt;module&amp;gt;\n    from core.errors.handlers import ErrorHandler\ncore\\errors\\handlers.py:8: in &amp;lt;module&amp;gt;\n    from .strategies import RecoveryStrategy, TimeoutStrategy, ConnectionStrategy, ValueStrategy\ncore\\errors\\strategies.py:37: in &amp;lt;module&amp;gt;\n    class RecoveryStrategyRegistry:\ncore\\errors\\strategies.py:47: in RecoveryStrategyRegistry\n    def get_strategy(self, error_type: Type[Exception]) -&amp;gt; Optional[RecoveryStrategy]:\nE   NameError: name &amp;#x27;Type&amp;#x27; is not defined\n&#34;}, {&#34;extras&#34;: [], &#34;result&#34;: &#34;Error&#34;, &#34;testId&#34;: &#34;tests/core/errors/test_handlers.py::collect&#34;, &#34;duration&#34;: &#34;0 ms&#34;, &#34;resultsTableRow&#34;: [&#34;&lt;td class=\&#34;col-result\&#34;&gt;Error&lt;/td&gt;&#34;, &#34;&lt;td class=\&#34;col-testId\&#34;&gt;tests/core/errors/test_handlers.py::collect&lt;/td&gt;&#34;, &#34;&lt;td class=\&#34;col-duration\&#34;&gt;0 ms&lt;/td&gt;&#34;, &#34;&lt;td class=\&#34;col-links\&#34;&gt;&lt;/td&gt;&#34;], &#34;log&#34;: &#34;tests\\core\\errors\\test_handlers.py:5: in &amp;lt;module&amp;gt;\n    from core.errors.handlers import ErrorHandler\ncore\\errors\\handlers.py:8: in &amp;lt;module&amp;gt;\n    from .strategies import RecoveryStrategy, TimeoutStrategy, ConnectionStrategy, ValueStrategy\ncore\\errors\\strategies.py:37: in &amp;lt;module&amp;gt;\n    class RecoveryStrategyRegistry:\ncore\\errors\\strategies.py:47: in RecoveryStrategyRegistry\n    def get_strategy(self, error_type: Type[Exception]) -&amp;gt; Optional[RecoveryStrategy]:\nE   NameError: name &amp;#x27;Type&amp;#x27; is not defined\n&#34;}], &#34;tests/core/errors/test_recovery.py&#34;: [{&#34;extras&#34;: [], &#34;result&#34;: &#34;Error&#34;, &#34;testId&#34;: &#34;tests/core/errors/test_recovery.py::collect&#34;, &#34;duration&#34;: &#34;0 ms&#34;, &#34;resultsTableRow&#34;: [&#34;&lt;td class=\&#34;col-result\&#34;&gt;Error&lt;/td&gt;&#34;, &#34;&lt;td class=\&#34;col-testId\&#34;&gt;tests/core/errors/test_recovery.py::collect&lt;/td&gt;&#34;, &#34;&lt;td class=\&#34;col-duration\&#34;&gt;0 ms&lt;/td&gt;&#34;, &#34;&lt;td class=\&#34;col-links\&#34;&gt;&lt;/td&gt;&#34;], &#34;log&#34;: &#34;ImportError while importing test module &amp;#x27;C:\\Users\\thump\\web_automation_project\\tests\\core\\errors\\test_recovery.py&amp;#x27;.\nHint: make sure your test modules/packages have valid Python names.\nTraceback:\nC:\\Python312\\Lib\\importlib\\__init__.py:90: in import_module\n    return _bootstrap._gcd_import(name[level:], package, level)\ntests\\core\\errors\\test_recovery.py:4: in &amp;lt;module&amp;gt;\n    from selenium.common.exceptions import (\nE   ModuleNotFoundError: No module named &amp;#x27;selenium&amp;#x27;\n&#34;}], &#34;tests/core/events/test_event_bus.py&#34;: [{&#34;extras&#34;: [], &#34;result&#34;: &#34;Error&#34;, &#34;testId&#34;: &#34;tests/core/events/test_event_bus.py::collect&#34;, &#34;duration&#34;: &#34;0 ms&#34;, &#34;resultsTableRow&#34;: [&#34;&lt;td class=\&#34;col-result\&#34;&gt;Error&lt;/td&gt;&#34;, &#34;&lt;td class=\&#34;col-testId\&#34;&gt;tests/core/events/test_event_bus.py::collect&lt;/td&gt;&#34;, &#34;&lt;td class=\&#34;col-duration\&#34;&gt;0 ms&lt;/td&gt;&#34;, &#34;&lt;td class=\&#34;col-links\&#34;&gt;&lt;/td&gt;&#34;], &#34;log&#34;: &#34;ImportError while importing test module &amp;#x27;C:\\Users\\thump\\web_automation_project\\tests\\core\\events\\test_event_bus.py&amp;#x27;.\nHint: make sure your test modules/packages have valid Python names.\nTraceback:\nC:\\Python312\\Lib\\importlib\\__init__.py:90: in import_module\n    return _bootstrap._gcd_import(name[level:], package, level)\ntests\\core\\events\\test_event_bus.py:4: in &amp;lt;module&amp;gt;\n    from ....core.events.event_bus import EventBus, Event, EventPriority\nE   ImportError: attempted relative import with no known parent package\n&#34;}], &#34;tests/core/test_encryption.py&#34;: [{&#34;extras&#34;: [], &#34;result&#34;: &#34;Error&#34;, &#34;testId&#34;: &#34;tests/core/test_encryption.py::collect&#34;, &#34;duration&#34;: &#34;0 ms&#34;, &#34;resultsTableRow&#34;: [&#34;&lt;td class=\&#34;col-result\&#34;&gt;Error&lt;/td&gt;&#34;, &#34;&lt;td class=\&#34;col-testId\&#34;&gt;tests/core/test_encryption.py::collect&lt;/td&gt;&#34;, &#34;&lt;td class=\&#34;col-duration\&#34;&gt;0 ms&lt;/td&gt;&#34;, &#34;&lt;td class=\&#34;col-links\&#34;&gt;&lt;/td&gt;&#34;], &#34;log&#34;: &#34;ImportError while importing test module &amp;#x27;C:\\Users\\thump\\web_automation_project\\tests\\core\\test_encryption.py&amp;#x27;.\nHint: make sure your test modules/packages have valid Python names.\nTraceback:\nC:\\Python312\\Lib\\importlib\\__init__.py:90: in import_module\n    return _bootstrap._gcd_import(name[level:], package, level)\ntests\\core\\test_encryption.py:7: in &amp;lt;module&amp;gt;\n    from core.security.encryption import EncryptionService\ncore\\security\\encryption.py:13: in &amp;lt;module&amp;gt;\n    from cryptography.fernet import Fernet\nE   ModuleNotFoundError: No module named &amp;#x27;cryptography&amp;#x27;\n&#34;}], &#34;tests/core/test_validators.py&#34;: [{&#34;extras&#34;: [], &#34;result&#34;: &#34;Error&#34;, &#34;testId&#34;: &#34;tests/core/test_validators.py::collect&#34;, &#34;duration&#34;: &#34;0 ms&#34;, &#34;resultsTableRow&#34;: [&#34;&lt;td class=\&#34;col-result\&#34;&gt;Error&lt;/td&gt;&#34;, &#34;&lt;td class=\&#34;col-testId\&#34;&gt;tests/core/test_validators.py::collect&lt;/td&gt;&#34;, &#34;&lt;td class=\&#34;col-duration\&#34;&gt;0 ms&lt;/td&gt;&#34;, &#34;&lt;td class=\&#34;col-links\&#34;&gt;&lt;/td&gt;&#34;], &#34;log&#34;: &#34;ImportError while importing test module &amp;#x27;C:\\Users\\thump\\web_automation_project\\tests\\core\\test_validators.py&amp;#x27;.\nHint: make sure your test modules/packages have valid Python names.\nTraceback:\nC:\\Python312\\Lib\\importlib\\__init__.py:90: in import_module\n    return _bootstrap._gcd_import(name[level:], package, level)\ntests\\core\\test_validators.py:7: in &amp;lt;module&amp;gt;\n    from core.data.validators import CredentialValidator\nE   ImportError: cannot import name &amp;#x27;CredentialValidator&amp;#x27; from &amp;#x27;core.data.validators&amp;#x27; (C:\\Users\\thump\\web_automation_project\\core\\data\\validators.py)\n&#34;}], &#34;tests/core/validators/test_credential_validation.py&#34;: [{&#34;extras&#34;: [], &#34;result&#34;: &#34;Error&#34;, &#34;testId&#34;: &#34;tests/core/validators/test_credential_validation.py::collect&#34;, &#34;duration&#34;: &#34;0 ms&#34;, &#34;resultsTableRow&#34;: [&#34;&lt;td class=\&#34;col-result\&#34;&gt;Error&lt;/td&gt;&#34;, &#34;&lt;td class=\&#34;col-testId\&#34;&gt;tests/core/validators/test_credential_validation.py::collect&lt;/td&gt;&#34;, &#34;&lt;td class=\&#34;col-duration\&#34;&gt;0 ms&lt;/td&gt;&#34;, &#34;&lt;td class=\&#34;col-links\&#34;&gt;&lt;/td&gt;&#34;], &#34;log&#34;: &#34;ImportError while importing test module &amp;#x27;C:\\Users\\thump\\web_automation_project\\tests\\core\\validators\\test_credential_validation.py&amp;#x27;.\nHint: make sure your test modules/packages have valid Python names.\nTraceback:\nC:\\Python312\\Lib\\importlib\\__init__.py:90: in import_module\n    return _bootstrap._gcd_import(name[level:], package, level)\ntests\\core\\validators\\test_credential_validation.py:3: in &amp;lt;module&amp;gt;\n    from core.data.validators import CredentialValidator\nE   ImportError: cannot import name &amp;#x27;CredentialValidator&amp;#x27; from &amp;#x27;core.data.validators&amp;#x27; (C:\\Users\\thump\\web_automation_project\\core\\data\\validators.py)\n&#34;}], &#34;tests/core/validators/test_url_validation.py&#34;: [{&#34;extras&#34;: [], &#34;result&#34;: &#34;Error&#34;, &#34;testId&#34;: &#34;tests/core/validators/test_url_validation.py::collect&#34;, &#34;duration&#34;: &#34;0 ms&#34;, &#34;resultsTableRow&#34;: [&#34;&lt;td class=\&#34;col-result\&#34;&gt;Error&lt;/td&gt;&#34;, &#34;&lt;td class=\&#34;col-testId\&#34;&gt;tests/core/validators/test_url_validation.py::collect&lt;/td&gt;&#34;, &#34;&lt;td class=\&#34;col-duration\&#34;&gt;0 ms&lt;/td&gt;&#34;, &#34;&lt;td class=\&#34;col-links\&#34;&gt;&lt;/td&gt;&#34;], &#34;log&#34;: &#34;ImportError while importing test module &amp;#x27;C:\\Users\\thump\\web_automation_project\\tests\\core\\validators\\test_url_validation.py&amp;#x27;.\nHint: make sure your test modules/packages have valid Python names.\nTraceback:\nC:\\Python312\\Lib\\importlib\\__init__.py:90: in import_module\n    return _bootstrap._gcd_import(name[level:], package, level)\ntests\\core\\validators\\test_url_validation.py:3: in &amp;lt;module&amp;gt;\n    from core.data.validators import CredentialValidator\nE   ImportError: cannot import name &amp;#x27;CredentialValidator&amp;#x27; from &amp;#x27;core.data.validators&amp;#x27; (C:\\Users\\thump\\web_automation_project\\core\\data\\validators.py)\n&#34;}], &#34;tests/test_actions.py&#34;: [{&#34;extras&#34;: [], &#34;result&#34;: &#34;Error&#34;, &#34;testId&#34;: &#34;tests/test_actions.py::collect&#34;, &#34;duration&#34;: &#34;0 ms&#34;, &#34;resultsTableRow&#34;: [&#34;&lt;td class=\&#34;col-result\&#34;&gt;Error&lt;/td&gt;&#34;, &#34;&lt;td class=\&#34;col-testId\&#34;&gt;tests/test_actions.py::collect&lt;/td&gt;&#34;, &#34;&lt;td class=\&#34;col-duration\&#34;&gt;0 ms&lt;/td&gt;&#34;, &#34;&lt;td class=\&#34;col-links\&#34;&gt;&lt;/td&gt;&#34;], &#34;log&#34;: &#34;ImportError while importing test module &amp;#x27;C:\\Users\\thump\\web_automation_project\\tests\\test_actions.py&amp;#x27;.\nHint: make sure your test modules/packages have valid Python names.\nTraceback:\nC:\\Python312\\Lib\\importlib\\__init__.py:90: in import_module\n    return _bootstrap._gcd_import(name[level:], package, level)\ntests\\test_actions.py:5: in &amp;lt;module&amp;gt;\n    from selenium.webdriver.remote.webdriver import WebDriver\nE   ModuleNotFoundError: No module named &amp;#x27;selenium&amp;#x27;\n&#34;}], &#34;tests/test_element_retry.py&#34;: [{&#34;extras&#34;: [], &#34;result&#34;: &#34;Error&#34;, &#34;testId&#34;: &#34;tests/test_element_retry.py::collect&#34;, &#34;duration&#34;: &#34;0 ms&#34;, &#34;resultsTableRow&#34;: [&#34;&lt;td class=\&#34;col-result\&#34;&gt;Error&lt;/td&gt;&#34;, &#34;&lt;td class=\&#34;col-testId\&#34;&gt;tests/test_element_retry.py::collect&lt;/td&gt;&#34;, &#34;&lt;td class=\&#34;col-duration\&#34;&gt;0 ms&lt;/td&gt;&#34;, &#34;&lt;td class=\&#34;col-links\&#34;&gt;&lt;/td&gt;&#34;], &#34;log&#34;: &#34;ImportError while importing test module &amp;#x27;C:\\Users\\thump\\web_automation_project\\tests\\test_element_retry.py&amp;#x27;.\nHint: make sure your test modules/packages have valid Python names.\nTraceback:\nC:\\Python312\\Lib\\importlib\\__init__.py:90: in import_module\n    return _bootstrap._gcd_import(name[level:], package, level)\ntests\\test_element_retry.py:6: in &amp;lt;module&amp;gt;\n    from selenium.common.exceptions import (\nE   ModuleNotFoundError: No module named &amp;#x27;selenium&amp;#x27;\n&#34;}], &#34;tests/test_element_validation.py&#34;: [{&#34;extras&#34;: [], &#34;result&#34;: &#34;Error&#34;, &#34;testId&#34;: &#34;tests/test_element_validation.py::collect&#34;, &#34;duration&#34;: &#34;0 ms&#34;, &#34;resultsTableRow&#34;: [&#34;&lt;td class=\&#34;col-result\&#34;&gt;Error&lt;/td&gt;&#34;, &#34;&lt;td class=\&#34;col-testId\&#34;&gt;tests/test_element_validation.py::collect&lt;/td&gt;&#34;, &#34;&lt;td class=\&#34;col-duration\&#34;&gt;0 ms&lt;/td&gt;&#34;, &#34;&lt;td class=\&#34;col-links\&#34;&gt;&lt;/td&gt;&#34;], &#34;log&#34;: &#34;ImportError while importing test module &amp;#x27;C:\\Users\\thump\\web_automation_project\\tests\\test_element_validation.py&amp;#x27;.\nHint: make sure your test modules/packages have valid Python names.\nTraceback:\nC:\\Python312\\Lib\\importlib\\__init__.py:90: in import_module\n    return _bootstrap._gcd_import(name[level:], package, level)\ntests\\test_element_validation.py:5: in &amp;lt;module&amp;gt;\n    from utils.element_validation import ElementValidator\nutils\\element_validation.py:5: in &amp;lt;module&amp;gt;\n    from selenium.webdriver.remote.webelement import WebElement\nE   ModuleNotFoundError: No module named &amp;#x27;selenium&amp;#x27;\n&#34;}], &#34;tests/test_integration.py&#34;: [{&#34;extras&#34;: [], &#34;result&#34;: &#34;Error&#34;, &#34;testId&#34;: &#34;tests/test_integration.py::collect&#34;, &#34;duration&#34;: &#34;0 ms&#34;, &#34;resultsTableRow&#34;: [&#34;&lt;td class=\&#34;col-result\&#34;&gt;Error&lt;/td&gt;&#34;, &#34;&lt;td class=\&#34;col-testId\&#34;&gt;tests/test_integration.py::collect&lt;/td&gt;&#34;, &#34;&lt;td class=\&#34;col-duration\&#34;&gt;0 ms&lt;/td&gt;&#34;, &#34;&lt;td class=\&#34;col-links\&#34;&gt;&lt;/td&gt;&#34;], &#34;log&#34;: &#34;ImportError while importing test module &amp;#x27;C:\\Users\\thump\\web_automation_project\\tests\\test_integration.py&amp;#x27;.\nHint: make sure your test modules/packages have valid Python names.\nTraceback:\nC:\\Python312\\Lib\\importlib\\__init__.py:90: in import_module\n    return _bootstrap._gcd_import(name[level:], package, level)\ntests\\test_integration.py:5: in &amp;lt;module&amp;gt;\n    from selenium.webdriver.common.by import By\nE   ModuleNotFoundError: No module named &amp;#x27;selenium&amp;#x27;\n&#34;}], &#34;tests/test_network_recovery.py&#34;: [{&#34;extras&#34;: [], &#34;result&#34;: &#34;Error&#34;, &#34;testId&#34;: &#34;tests/test_network_recovery.py::collect&#34;, &#34;duration&#34;: &#34;0 ms&#34;, &#34;resultsTableRow&#34;: [&#34;&lt;td class=\&#34;col-result\&#34;&gt;Error&lt;/td&gt;&#34;, &#34;&lt;td class=\&#34;col-testId\&#34;&gt;tests/test_network_recovery.py::collect&lt;/td&gt;&#34;, &#34;&lt;td class=\&#34;col-duration\&#34;&gt;0 ms&lt;/td&gt;&#34;, &#34;&lt;td class=\&#34;col-links\&#34;&gt;&lt;/td&gt;&#34;], &#34;log&#34;: &#34;ImportError while importing test module &amp;#x27;C:\\Users\\thump\\web_automation_project\\tests\\test_network_recovery.py&amp;#x27;.\nHint: make sure your test modules/packages have valid Python names.\nTraceback:\nC:\\Python312\\Lib\\importlib\\__init__.py:90: in import_module\n    return _bootstrap._gcd_import(name[level:], package, level)\ntests\\test_network_recovery.py:2: in &amp;lt;module&amp;gt;\n    from selenium.common.exceptions import WebDriverException\nE   ModuleNotFoundError: No module named &amp;#x27;selenium&amp;#x27;\n&#34;}], &#34;tests/test_recovery_monitoring.py&#34;: [{&#34;extras&#34;: [], &#34;result&#34;: &#34;Error&#34;, &#34;testId&#34;: &#34;tests/test_recovery_monitoring.py::collect&#34;, &#34;duration&#34;: &#34;0 ms&#34;, &#34;resultsTableRow&#34;: [&#34;&lt;td class=\&#34;col-result\&#34;&gt;Error&lt;/td&gt;&#34;, &#34;&lt;td class=\&#34;col-testId\&#34;&gt;tests/test_recovery_monitoring.py::collect&lt;/td&gt;&#34;, &#34;&lt;td class=\&#34;col-duration\&#34;&gt;0 ms&lt;/td&gt;&#34;, &#34;&lt;td class=\&#34;col-links\&#34;&gt;&lt;/td&gt;&#34;], &#34;log&#34;: &#34;ImportError while importing test module &amp;#x27;C:\\Users\\thump\\web_automation_project\\tests\\test_recovery_monitoring.py&amp;#x27;.\nHint: make sure your test modules/packages have valid Python names.\nTraceback:\nC:\\Python312\\Lib\\importlib\\__init__.py:90: in import_module\n    return _bootstrap._gcd_import(name[level:], package, level)\ntests\\test_recovery_monitoring.py:7: in &amp;lt;module&amp;gt;\n    from core.errors.monitoring import RecoveryMetric, RecoveryMonitor\nE   ImportError: cannot import name &amp;#x27;RecoveryMetric&amp;#x27; from &amp;#x27;core.errors.monitoring&amp;#x27; (unknown location)\n&#34;}], &#34;tests/test_selector_helper.py&#34;: [{&#34;extras&#34;: [], &#34;result&#34;: &#34;Error&#34;, &#34;testId&#34;: &#34;tests/test_selector_helper.py::collect&#34;, &#34;duration&#34;: &#34;0 ms&#34;, &#34;resultsTableRow&#34;: [&#34;&lt;td class=\&#34;col-result\&#34;&gt;Error&lt;/td&gt;&#34;, &#34;&lt;td class=\&#34;col-testId\&#34;&gt;tests/test_selector_helper.py::collect&lt;/td&gt;&#34;, &#34;&lt;td class=\&#34;col-duration\&#34;&gt;0 ms&lt;/td&gt;&#34;, &#34;&lt;td class=\&#34;col-links\&#34;&gt;&lt;/td&gt;&#34;], &#34;log&#34;: &#34;ImportError while importing test module &amp;#x27;C:\\Users\\thump\\web_automation_project\\tests\\test_selector_helper.py&amp;#x27;.\nHint: make sure your test modules/packages have valid Python names.\nTraceback:\nC:\\Python312\\Lib\\importlib\\__init__.py:90: in import_module\n    return _bootstrap._gcd_import(name[level:], package, level)\ntests\\test_selector_helper.py:2: in &amp;lt;module&amp;gt;\n    from ui.components.selector_helper import SelectorHelper\nui\\components\\selector_helper\\__init__.py:5: in &amp;lt;module&amp;gt;\n    from .models import SelectorType, SelectorPattern, ValidationResult, SelectorState\nE   ModuleNotFoundError: No module named &amp;#x27;ui.components.selector_helper.models&amp;#x27;\n&#34;}], &#34;tests/test_step_validation.py&#34;: [{&#34;extras&#34;: [], &#34;result&#34;: &#34;Error&#34;, &#34;testId&#34;: &#34;tests/test_step_validation.py::collect&#34;, &#34;duration&#34;: &#34;0 ms&#34;, &#34;resultsTableRow&#34;: [&#34;&lt;td class=\&#34;col-result\&#34;&gt;Error&lt;/td&gt;&#34;, &#34;&lt;td class=\&#34;col-testId\&#34;&gt;tests/test_step_validation.py::collect&lt;/td&gt;&#34;, &#34;&lt;td class=\&#34;col-duration\&#34;&gt;0 ms&lt;/td&gt;&#34;, &#34;&lt;td class=\&#34;col-links\&#34;&gt;&lt;/td&gt;&#34;], &#34;log&#34;: &#34;ImportError while importing test module &amp;#x27;C:\\Users\\thump\\web_automation_project\\tests\\test_step_validation.py&amp;#x27;.\nHint: make sure your test modules/packages have valid Python names.\nTraceback:\nC:\\Python312\\Lib\\importlib\\__init__.py:90: in import_module\n    return _bootstrap._gcd_import(name[level:], package, level)\ntests\\test_step_validation.py:10: in &amp;lt;module&amp;gt;\n    from selenium.webdriver.remote.webdriver import WebDriver\nE   ModuleNotFoundError: No module named &amp;#x27;selenium&amp;#x27;\n&#34;}], &#34;tests/test_utils.py&#34;: [{&#34;extras&#34;: [], &#34;result&#34;: &#34;Error&#34;, &#34;testId&#34;: &#34;tests/test_utils.py::collect&#34;, &#34;duration&#34;: &#34;0 ms&#34;, &#34;resultsTableRow&#34;: [&#34;&lt;td class=\&#34;col-result\&#34;&gt;Error&lt;/td&gt;&#34;, &#34;&lt;td class=\&#34;col-testId\&#34;&gt;tests/test_utils.py::collect&lt;/td&gt;&#34;, &#34;&lt;td class=\&#34;col-duration\&#34;&gt;0 ms&lt;/td&gt;&#34;, &#34;&lt;td class=\&#34;col-links\&#34;&gt;&lt;/td&gt;&#34;], &#34;log&#34;: &#34;tests\\test_utils.py:6: in &amp;lt;module&amp;gt;\n    from core.config import ConfigManager\ncore\\config.py:17: in &amp;lt;module&amp;gt;\n    @dataclass\nC:\\Python312\\Lib\\dataclasses.py:1275: in dataclass\n    return wrap(cls)\nC:\\Python312\\Lib\\dataclasses.py:1265: in wrap\n    return _process_class(cls, init, repr, eq, order, unsafe_hash,\nC:\\Python312\\Lib\\dataclasses.py:994: in _process_class\n    cls_fields.append(_get_field(cls, name, type, kw_only))\nC:\\Python312\\Lib\\dataclasses.py:852: in _get_field\n    raise ValueError(f&amp;#x27;mutable default {type(f.default)} for field &amp;#x27;\nE   ValueError: mutable default &amp;lt;class &amp;#x27;core.config.ValidationConfig&amp;#x27;&amp;gt; for field validation is not allowed: use default_factory\n&#34;}, {&#34;extras&#34;: [], &#34;result&#34;: &#34;Error&#34;, &#34;testId&#34;: &#34;tests/test_utils.py::collect&#34;, &#34;duration&#34;: &#34;0 ms&#34;, &#34;resultsTableRow&#34;: [&#34;&lt;td class=\&#34;col-result\&#34;&gt;Error&lt;/td&gt;&#34;, &#34;&lt;td class=\&#34;col-testId\&#34;&gt;tests/test_utils.py::collect&lt;/td&gt;&#34;, &#34;&lt;td class=\&#34;col-duration\&#34;&gt;0 ms&lt;/td&gt;&#34;, &#34;&lt;td class=\&#34;col-links\&#34;&gt;&lt;/td&gt;&#34;], &#34;log&#34;: &#34;tests\\test_utils.py:6: in &amp;lt;module&amp;gt;\n    from core.config import ConfigManager\ncore\\config.py:17: in &amp;lt;module&amp;gt;\n    @dataclass\nC:\\Python312\\Lib\\dataclasses.py:1275: in dataclass\n    return wrap(cls)\nC:\\Python312\\Lib\\dataclasses.py:1265: in wrap\n    return _process_class(cls, init, repr, eq, order, unsafe_hash,\nC:\\Python312\\Lib\\dataclasses.py:994: in _process_class\n    cls_fields.append(_get_field(cls, name, type, kw_only))\nC:\\Python312\\Lib\\dataclasses.py:852: in _get_field\n    raise ValueError(f&amp;#x27;mutable default {type(f.default)} for field &amp;#x27;\nE   ValueError: mutable default &amp;lt;class &amp;#x27;core.config.ValidationConfig&amp;#x27;&amp;gt; for field validation is not allowed: use default_factory\n&#34;}, {&#34;extras&#34;: [], &#34;result&#34;: &#34;Error&#34;, &#34;testId&#34;: &#34;tests/test_utils.py::collect&#34;, &#34;duration&#34;: &#34;0 ms&#34;, &#34;resultsTableRow&#34;: [&#34;&lt;td class=\&#34;col-result\&#34;&gt;Error&lt;/td&gt;&#34;, &#34;&lt;td class=\&#34;col-testId\&#34;&gt;tests/test_utils.py::collect&lt;/td&gt;&#34;, &#34;&lt;td class=\&#34;col-duration\&#34;&gt;0 ms&lt;/td&gt;&#34;, &#34;&lt;td class=\&#34;col-links\&#34;&gt;&lt;/td&gt;&#34;], &#34;log&#34;: &#34;tests\\test_utils.py:6: in &amp;lt;module&amp;gt;\n    from core.config import ConfigManager\ncore\\config.py:17: in &amp;lt;module&amp;gt;\n    @dataclass\nC:\\Python312\\Lib\\dataclasses.py:1275: in dataclass\n    return wrap(cls)\nC:\\Python312\\Lib\\dataclasses.py:1265: in wrap\n    return _process_class(cls, init, repr, eq, order, unsafe_hash,\nC:\\Python312\\Lib\\dataclasses.py:994: in _process_class\n    cls_fields.append(_get_field(cls, name, type, kw_only))\nC:\\Python312\\Lib\\dataclasses.py:852: in _get_field\n    raise ValueError(f&amp;#x27;mutable default {type(f.default)} for field &amp;#x27;\nE   ValueError: mutable default &amp;lt;class &amp;#x27;core.config.ValidationConfig&amp;#x27;&amp;gt; for field validation is not allowed: use default_factory\n&#34;}, {&#34;extras&#34;: [], &#34;result&#34;: &#34;Error&#34;, &#34;testId&#34;: &#34;tests/test_utils.py::collect&#34;, &#34;duration&#34;: &#34;0 ms&#34;, &#34;resultsTableRow&#34;: [&#34;&lt;td class=\&#34;col-result\&#34;&gt;Error&lt;/td&gt;&#34;, &#34;&lt;td class=\&#34;col-testId\&#34;&gt;tests/test_utils.py::collect&lt;/td&gt;&#34;, &#34;&lt;td class=\&#34;col-duration\&#34;&gt;0 ms&lt;/td&gt;&#34;, &#34;&lt;td class=\&#34;col-links\&#34;&gt;&lt;/td&gt;&#34;], &#34;log&#34;: &#34;tests\\test_utils.py:6: in &amp;lt;module&amp;gt;\n    from core.config import ConfigManager\ncore\\config.py:17: in &amp;lt;module&amp;gt;\n    @dataclass\nC:\\Python312\\Lib\\dataclasses.py:1275: in dataclass\n    return wrap(cls)\nC:\\Python312\\Lib\\dataclasses.py:1265: in wrap\n    return _process_class(cls, init, repr, eq, order, unsafe_hash,\nC:\\Python312\\Lib\\dataclasses.py:994: in _process_class\n    cls_fields.append(_get_field(cls, name, type, kw_only))\nC:\\Python312\\Lib\\dataclasses.py:852: in _get_field\n    raise ValueError(f&amp;#x27;mutable default {type(f.default)} for field &amp;#x27;\nE   ValueError: mutable default &amp;lt;class &amp;#x27;core.config.ValidationConfig&amp;#x27;&amp;gt; for field validation is not allowed: use default_factory\n&#34;}, {&#34;extras&#34;: [], &#34;result&#34;: &#34;Error&#34;, &#34;testId&#34;: &#34;tests/test_utils.py::collect&#34;, &#34;duration&#34;: &#34;0 ms&#34;, &#34;resultsTableRow&#34;: [&#34;&lt;td class=\&#34;col-result\&#34;&gt;Error&lt;/td&gt;&#34;, &#34;&lt;td class=\&#34;col-testId\&#34;&gt;tests/test_utils.py::collect&lt;/td&gt;&#34;, &#34;&lt;td class=\&#34;col-duration\&#34;&gt;0 ms&lt;/td&gt;&#34;, &#34;&lt;td class=\&#34;col-links\&#34;&gt;&lt;/td&gt;&#34;], &#34;log&#34;: &#34;tests\\test_utils.py:6: in &amp;lt;module&amp;gt;\n    from core.config import ConfigManager\ncore\\config.py:17: in &amp;lt;module&amp;gt;\n    @dataclass\nC:\\Python312\\Lib\\dataclasses.py:1275: in dataclass\n    return wrap(cls)\nC:\\Python312\\Lib\\dataclasses.py:1265: in wrap\n    return _process_class(cls, init, repr, eq, order, unsafe_hash,\nC:\\Python312\\Lib\\dataclasses.py:994: in _process_class\n    cls_fields.append(_get_field(cls, name, type, kw_only))\nC:\\Python312\\Lib\\dataclasses.py:852: in _get_field\n    raise ValueError(f&amp;#x27;mutable default {type(f.default)} for field &amp;#x27;\nE   ValueError: mutable default &amp;lt;class &amp;#x27;core.config.ValidationConfig&amp;#x27;&amp;gt; for field validation is not allowed: use default_factory\n&#34;}, {&#34;extras&#34;: [], &#34;result&#34;: &#34;Error&#34;, &#34;testId&#34;: &#34;tests/test_utils.py::collect&#34;, &#34;duration&#34;: &#34;0 ms&#34;, &#34;resultsTableRow&#34;: [&#34;&lt;td class=\&#34;col-result\&#34;&gt;Error&lt;/td&gt;&#34;, &#34;&lt;td class=\&#34;col-testId\&#34;&gt;tests/test_utils.py::collect&lt;/td&gt;&#34;, &#34;&lt;td class=\&#34;col-duration\&#34;&gt;0 ms&lt;/td&gt;&#34;, &#34;&lt;td class=\&#34;col-links\&#34;&gt;&lt;/td&gt;&#34;], &#34;log&#34;: &#34;tests\\test_utils.py:6: in &amp;lt;module&amp;gt;\n    from core.config import ConfigManager\ncore\\config.py:17: in &amp;lt;module&amp;gt;\n    @dataclass\nC:\\Python312\\Lib\\dataclasses.py:1275: in dataclass\n    return wrap(cls)\nC:\\Python312\\Lib\\dataclasses.py:1265: in wrap\n    return _process_class(cls, init, repr, eq, order, unsafe_hash,\nC:\\Python312\\Lib\\dataclasses.py:994: in _process_class\n    cls_fields.append(_get_field(cls, name, type, kw_only))\nC:\\Python312\\Lib\\dataclasses.py:852: in _get_field\n    raise ValueError(f&amp;#x27;mutable default {type(f.default)} for field &amp;#x27;\nE   ValueError: mutable default &amp;lt;class &amp;#x27;core.config.ValidationConfig&amp;#x27;&amp;gt; for field validation is not allowed: use default_factory\n&#34;}, {&#34;extras&#34;: [], &#34;result&#34;: &#34;Error&#34;, &#34;testId&#34;: &#34;tests/test_utils.py::collect&#34;, &#34;duration&#34;: &#34;0 ms&#34;, &#34;resultsTableRow&#34;: [&#34;&lt;td class=\&#34;col-result\&#34;&gt;Error&lt;/td&gt;&#34;, &#34;&lt;td class=\&#34;col-testId\&#34;&gt;tests/test_utils.py::collect&lt;/td&gt;&#34;, &#34;&lt;td class=\&#34;col-duration\&#34;&gt;0 ms&lt;/td&gt;&#34;, &#34;&lt;td class=\&#34;col-links\&#34;&gt;&lt;/td&gt;&#34;], &#34;log&#34;: &#34;tests\\test_utils.py:6: in &amp;lt;module&amp;gt;\n    from core.config import ConfigManager\ncore\\config.py:17: in &amp;lt;module&amp;gt;\n    @dataclass\nC:\\Python312\\Lib\\dataclasses.py:1275: in dataclass\n    return wrap(cls)\nC:\\Python312\\Lib\\dataclasses.py:1265: in wrap\n    return _process_class(cls, init, repr, eq, order, unsafe_hash,\nC:\\Python312\\Lib\\dataclasses.py:994: in _process_class\n    cls_fields.append(_get_field(cls, name, type, kw_only))\nC:\\Python312\\Lib\\dataclasses.py:852: in _get_field\n    raise ValueError(f&amp;#x27;mutable default {type(f.default)} for field &amp;#x27;\nE   ValueError: mutable default &amp;lt;class &amp;#x27;core.config.ValidationConfig&amp;#x27;&amp;gt; for field validation is not allowed: use default_factory\n&#34;}, {&#34;extras&#34;: [], &#34;result&#34;: &#34;Error&#34;, &#34;testId&#34;: &#34;tests/test_utils.py::collect&#34;, &#34;duration&#34;: &#34;0 ms&#34;, &#34;resultsTableRow&#34;: [&#34;&lt;td class=\&#34;col-result\&#34;&gt;Error&lt;/td&gt;&#34;, &#34;&lt;td class=\&#34;col-testId\&#34;&gt;tests/test_utils.py::collect&lt;/td&gt;&#34;, &#34;&lt;td class=\&#34;col-duration\&#34;&gt;0 ms&lt;/td&gt;&#34;, &#34;&lt;td class=\&#34;col-links\&#34;&gt;&lt;/td&gt;&#34;], &#34;log&#34;: &#34;tests\\test_utils.py:6: in &amp;lt;module&amp;gt;\n    from core.config import ConfigManager\ncore\\config.py:17: in &amp;lt;module&amp;gt;\n    @dataclass\nC:\\Python312\\Lib\\dataclasses.py:1275: in dataclass\n    return wrap(cls)\nC:\\Python312\\Lib\\dataclasses.py:1265: in wrap\n    return _process_class(cls, init, repr, eq, order, unsafe_hash,\nC:\\Python312\\Lib\\dataclasses.py:994: in _process_class\n    cls_fields.append(_get_field(cls, name, type, kw_only))\nC:\\Python312\\Lib\\dataclasses.py:852: in _get_field\n    raise ValueError(f&amp;#x27;mutable default {type(f.default)} for field &amp;#x27;\nE   ValueError: mutable default &amp;lt;class &amp;#x27;core.config.ValidationConfig&amp;#x27;&amp;gt; for field validation is not allowed: use default_factory\n&#34;}], &#34;tests/test_with_different_configs.py&#34;: [{&#34;extras&#34;: [], &#34;result&#34;: &#34;Error&#34;, &#34;testId&#34;: &#34;tests/test_with_different_configs.py::collect&#34;, &#34;duration&#34;: &#34;0 ms&#34;, &#34;resultsTableRow&#34;: [&#34;&lt;td class=\&#34;col-result\&#34;&gt;Error&lt;/td&gt;&#34;, &#34;&lt;td class=\&#34;col-testId\&#34;&gt;tests/test_with_different_configs.py::collect&lt;/td&gt;&#34;, &#34;&lt;td class=\&#34;col-duration\&#34;&gt;0 ms&lt;/td&gt;&#34;, &#34;&lt;td class=\&#34;col-links\&#34;&gt;&lt;/td&gt;&#34;], &#34;log&#34;: &#34;tests\\test_with_different_configs.py:5: in &amp;lt;module&amp;gt;\n    from .test_utils import get_test_config\n&amp;lt;frozen importlib._bootstrap&amp;gt;:1360: in _find_and_load\n    ???\n&amp;lt;frozen importlib._bootstrap&amp;gt;:1331: in _find_and_load_unlocked\n    ???\n&amp;lt;frozen importlib._bootstrap&amp;gt;:935: in _load_unlocked\n    ???\nvenv\\Lib\\site-packages\\_pytest\\assertion\\rewrite.py:185: in exec_module\n    exec(co, module.__dict__)\ntests\\test_utils.py:6: in &amp;lt;module&amp;gt;\n    from core.config import ConfigManager\ncore\\config.py:17: in &amp;lt;module&amp;gt;\n    @dataclass\nC:\\Python312\\Lib\\dataclasses.py:1275: in dataclass\n    return wrap(cls)\nC:\\Python312\\Lib\\dataclasses.py:1265: in wrap\n    return _process_class(cls, init, repr, eq, order, unsafe_hash,\nC:\\Python312\\Lib\\dataclasses.py:994: in _process_class\n    cls_fields.append(_get_field(cls, name, type, kw_only))\nC:\\Python312\\Lib\\dataclasses.py:852: in _get_field\n    raise ValueError(f&amp;#x27;mutable default {type(f.default)} for field &amp;#x27;\nE   ValueError: mutable default &amp;lt;class &amp;#x27;core.config.ValidationConfig&amp;#x27;&amp;gt; for field validation is not allowed: use default_factory\n&#34;}, {&#34;extras&#34;: [], &#34;result&#34;: &#34;Error&#34;, &#34;testId&#34;: &#34;tests/test_with_different_configs.py::collect&#34;, &#34;duration&#34;: &#34;0 ms&#34;, &#34;resultsTableRow&#34;: [&#34;&lt;td class=\&#34;col-result\&#34;&gt;Error&lt;/td&gt;&#34;, &#34;&lt;td class=\&#34;col-testId\&#34;&gt;tests/test_with_different_configs.py::collect&lt;/td&gt;&#34;, &#34;&lt;td class=\&#34;col-duration\&#34;&gt;0 ms&lt;/td&gt;&#34;, &#34;&lt;td class=\&#34;col-links\&#34;&gt;&lt;/td&gt;&#34;], &#34;log&#34;: &#34;tests\\test_with_different_configs.py:5: in &amp;lt;module&amp;gt;\n    from .test_utils import get_test_config\n&amp;lt;frozen importlib._bootstrap&amp;gt;:1360: in _find_and_load\n    ???\n&amp;lt;frozen importlib._bootstrap&amp;gt;:1331: in _find_and_load_unlocked\n    ???\n&amp;lt;frozen importlib._bootstrap&amp;gt;:935: in _load_unlocked\n    ???\nvenv\\Lib\\site-packages\\_pytest\\assertion\\rewrite.py:185: in exec_module\n    exec(co, module.__dict__)\ntests\\test_utils.py:6: in &amp;lt;module&amp;gt;\n    from core.config import ConfigManager\ncore\\config.py:17: in &amp;lt;module&amp;gt;\n    @dataclass\nC:\\Python312\\Lib\\dataclasses.py:1275: in dataclass\n    return wrap(cls)\nC:\\Python312\\Lib\\dataclasses.py:1265: in wrap\n    return _process_class(cls, init, repr, eq, order, unsafe_hash,\nC:\\Python312\\Lib\\dataclasses.py:994: in _process_class\n    cls_fields.append(_get_field(cls, name, type, kw_only))\nC:\\Python312\\Lib\\dataclasses.py:852: in _get_field\n    raise ValueError(f&amp;#x27;mutable default {type(f.default)} for field &amp;#x27;\nE   ValueError: mutable default &amp;lt;class &amp;#x27;core.config.ValidationConfig&amp;#x27;&amp;gt; for field validation is not allowed: use default_factory\n&#34;}, {&#34;extras&#34;: [], &#34;result&#34;: &#34;Error&#34;, &#34;testId&#34;: &#34;tests/test_with_different_configs.py::collect&#34;, &#34;duration&#34;: &#34;0 ms&#34;, &#34;resultsTableRow&#34;: [&#34;&lt;td class=\&#34;col-result\&#34;&gt;Error&lt;/td&gt;&#34;, &#34;&lt;td class=\&#34;col-testId\&#34;&gt;tests/test_with_different_configs.py::collect&lt;/td&gt;&#34;, &#34;&lt;td class=\&#34;col-duration\&#34;&gt;0 ms&lt;/td&gt;&#34;, &#34;&lt;td class=\&#34;col-links\&#34;&gt;&lt;/td&gt;&#34;], &#34;log&#34;: &#34;tests\\test_with_different_configs.py:5: in &amp;lt;module&amp;gt;\n    from .test_utils import get_test_config\n&amp;lt;frozen importlib._bootstrap&amp;gt;:1360: in _find_and_load\n    ???\n&amp;lt;frozen importlib._bootstrap&amp;gt;:1331: in _find_and_load_unlocked\n    ???\n&amp;lt;frozen importlib._bootstrap&amp;gt;:935: in _load_unlocked\n    ???\nvenv\\Lib\\site-packages\\_pytest\\assertion\\rewrite.py:185: in exec_module\n    exec(co, module.__dict__)\ntests\\test_utils.py:6: in &amp;lt;module&amp;gt;\n    from core.config import ConfigManager\ncore\\config.py:17: in &amp;lt;module&amp;gt;\n    @dataclass\nC:\\Python312\\Lib\\dataclasses.py:1275: in dataclass\n    return wrap(cls)\nC:\\Python312\\Lib\\dataclasses.py:1265: in wrap\n    return _process_class(cls, init, repr, eq, order, unsafe_hash,\nC:\\Python312\\Lib\\dataclasses.py:994: in _process_class\n    cls_fields.append(_get_field(cls, name, type, kw_only))\nC:\\Python312\\Lib\\dataclasses.py:852: in _get_field\n    raise ValueError(f&amp;#x27;mutable default {type(f.default)} for field &amp;#x27;\nE   ValueError: mutable default &amp;lt;class &amp;#x27;core.config.ValidationConfig&amp;#x27;&amp;gt; for field validation is not allowed: use default_factory\n&#34;}, {&#34;extras&#34;: [], &#34;result&#34;: &#34;Error&#34;, &#34;testId&#34;: &#34;tests/test_with_different_configs.py::collect&#34;, &#34;duration&#34;: &#34;0 ms&#34;, &#34;resultsTableRow&#34;: [&#34;&lt;td class=\&#34;col-result\&#34;&gt;Error&lt;/td&gt;&#34;, &#34;&lt;td class=\&#34;col-testId\&#34;&gt;tests/test_with_different_configs.py::collect&lt;/td&gt;&#34;, &#34;&lt;td class=\&#34;col-duration\&#34;&gt;0 ms&lt;/td&gt;&#34;, &#34;&lt;td class=\&#34;col-links\&#34;&gt;&lt;/td&gt;&#34;], &#34;log&#34;: &#34;tests\\test_with_different_configs.py:5: in &amp;lt;module&amp;gt;\n    from .test_utils import get_test_config\n&amp;lt;frozen importlib._bootstrap&amp;gt;:1360: in _find_and_load\n    ???\n&amp;lt;frozen importlib._bootstrap&amp;gt;:1331: in _find_and_load_unlocked\n    ???\n&amp;lt;frozen importlib._bootstrap&amp;gt;:935: in _load_unlocked\n    ???\nvenv\\Lib\\site-packages\\_pytest\\assertion\\rewrite.py:185: in exec_module\n    exec(co, module.__dict__)\ntests\\test_utils.py:6: in &amp;lt;module&amp;gt;\n    from core.config import ConfigManager\ncore\\config.py:17: in &amp;lt;module&amp;gt;\n    @dataclass\nC:\\Python312\\Lib\\dataclasses.py:1275: in dataclass\n    return wrap(cls)\nC:\\Python312\\Lib\\dataclasses.py:1265: in wrap\n    return _process_class(cls, init, repr, eq, order, unsafe_hash,\nC:\\Python312\\Lib\\dataclasses.py:994: in _process_class\n    cls_fields.append(_get_field(cls, name, type, kw_only))\nC:\\Python312\\Lib\\dataclasses.py:852: in _get_field\n    raise ValueError(f&amp;#x27;mutable default {type(f.default)} for field &amp;#x27;\nE   ValueError: mutable default &amp;lt;class &amp;#x27;core.config.ValidationConfig&amp;#x27;&amp;gt; for field validation is not allowed: use default_factory\n&#34;}, {&#34;extras&#34;: [], &#34;result&#34;: &#34;Error&#34;, &#34;testId&#34;: &#34;tests/test_with_different_configs.py::collect&#34;, &#34;duration&#34;: &#34;0 ms&#34;, &#34;resultsTableRow&#34;: [&#34;&lt;td class=\&#34;col-result\&#34;&gt;Error&lt;/td&gt;&#34;, &#34;&lt;td class=\&#34;col-testId\&#34;&gt;tests/test_with_different_configs.py::collect&lt;/td&gt;&#34;, &#34;&lt;td class=\&#34;col-duration\&#34;&gt;0 ms&lt;/td&gt;&#34;, &#34;&lt;td class=\&#34;col-links\&#34;&gt;&lt;/td&gt;&#34;], &#34;log&#34;: &#34;tests\\test_with_different_configs.py:5: in &amp;lt;module&amp;gt;\n    from .test_utils import get_test_config\n&amp;lt;frozen importlib._bootstrap&amp;gt;:1360: in _find_and_load\n    ???\n&amp;lt;frozen importlib._bootstrap&amp;gt;:1331: in _find_and_load_unlocked\n    ???\n&amp;lt;frozen importlib._bootstrap&amp;gt;:935: in _load_unlocked\n    ???\nvenv\\Lib\\site-packages\\_pytest\\assertion\\rewrite.py:185: in exec_module\n    exec(co, module.__dict__)\ntests\\test_utils.py:6: in &amp;lt;module&amp;gt;\n    from core.config import ConfigManager\ncore\\config.py:17: in &amp;lt;module&amp;gt;\n    @dataclass\nC:\\Python312\\Lib\\dataclasses.py:1275: in dataclass\n    return wrap(cls)\nC:\\Python312\\Lib\\dataclasses.py:1265: in wrap\n    return _process_class(cls, init, repr, eq, order, unsafe_hash,\nC:\\Python312\\Lib\\dataclasses.py:994: in _process_class\n    cls_fields.append(_get_field(cls, name, type, kw_only))\nC:\\Python312\\Lib\\dataclasses.py:852: in _get_field\n    raise ValueError(f&amp;#x27;mutable default {type(f.default)} for field &amp;#x27;\nE   ValueError: mutable default &amp;lt;class &amp;#x27;core.config.ValidationConfig&amp;#x27;&amp;gt; for field validation is not allowed: use default_factory\n&#34;}, {&#34;extras&#34;: [], &#34;result&#34;: &#34;Error&#34;, &#34;testId&#34;: &#34;tests/test_with_different_configs.py::collect&#34;, &#34;duration&#34;: &#34;0 ms&#34;, &#34;resultsTableRow&#34;: [&#34;&lt;td class=\&#34;col-result\&#34;&gt;Error&lt;/td&gt;&#34;, &#34;&lt;td class=\&#34;col-testId\&#34;&gt;tests/test_with_different_configs.py::collect&lt;/td&gt;&#34;, &#34;&lt;td class=\&#34;col-duration\&#34;&gt;0 ms&lt;/td&gt;&#34;, &#34;&lt;td class=\&#34;col-links\&#34;&gt;&lt;/td&gt;&#34;], &#34;log&#34;: &#34;tests\\test_with_different_configs.py:5: in &amp;lt;module&amp;gt;\n    from .test_utils import get_test_config\n&amp;lt;frozen importlib._bootstrap&amp;gt;:1360: in _find_and_load\n    ???\n&amp;lt;frozen importlib._bootstrap&amp;gt;:1331: in _find_and_load_unlocked\n    ???\n&amp;lt;frozen importlib._bootstrap&amp;gt;:935: in _load_unlocked\n    ???\nvenv\\Lib\\site-packages\\_pytest\\assertion\\rewrite.py:185: in exec_module\n    exec(co, module.__dict__)\ntests\\test_utils.py:6: in &amp;lt;module&amp;gt;\n    from core.config import ConfigManager\ncore\\config.py:17: in &amp;lt;module&amp;gt;\n    @dataclass\nC:\\Python312\\Lib\\dataclasses.py:1275: in dataclass\n    return wrap(cls)\nC:\\Python312\\Lib\\dataclasses.py:1265: in wrap\n    return _process_class(cls, init, repr, eq, order, unsafe_hash,\nC:\\Python312\\Lib\\dataclasses.py:994: in _process_class\n    cls_fields.append(_get_field(cls, name, type, kw_only))\nC:\\Python312\\Lib\\dataclasses.py:852: in _get_field\n    raise ValueError(f&amp;#x27;mutable default {type(f.default)} for field &amp;#x27;\nE   ValueError: mutable default &amp;lt;class &amp;#x27;core.config.ValidationConfig&amp;#x27;&amp;gt; for field validation is not allowed: use default_factory\n&#34;}, {&#34;extras&#34;: [], &#34;result&#34;: &#34;Error&#34;, &#34;testId&#34;: &#34;tests/test_with_different_configs.py::collect&#34;, &#34;duration&#34;: &#34;0 ms&#34;, &#34;resultsTableRow&#34;: [&#34;&lt;td class=\&#34;col-result\&#34;&gt;Error&lt;/td&gt;&#34;, &#34;&lt;td class=\&#34;col-testId\&#34;&gt;tests/test_with_different_configs.py::collect&lt;/td&gt;&#34;, &#34;&lt;td class=\&#34;col-duration\&#34;&gt;0 ms&lt;/td&gt;&#34;, &#34;&lt;td class=\&#34;col-links\&#34;&gt;&lt;/td&gt;&#34;], &#34;log&#34;: &#34;tests\\test_with_different_configs.py:5: in &amp;lt;module&amp;gt;\n    from .test_utils import get_test_config\n&amp;lt;frozen importlib._bootstrap&amp;gt;:1360: in _find_and_load\n    ???\n&amp;lt;frozen importlib._bootstrap&amp;gt;:1331: in _find_and_load_unlocked\n    ???\n&amp;lt;frozen importlib._bootstrap&amp;gt;:935: in _load_unlocked\n    ???\nvenv\\Lib\\site-packages\\_pytest\\assertion\\rewrite.py:185: in exec_module\n    exec(co, module.__dict__)\ntests\\test_utils.py:6: in &amp;lt;module&amp;gt;\n    from core.config import ConfigManager\ncore\\config.py:17: in &amp;lt;module&amp;gt;\n    @dataclass\nC:\\Python312\\Lib\\dataclasses.py:1275: in dataclass\n    return wrap(cls)\nC:\\Python312\\Lib\\dataclasses.py:1265: in wrap\n    return _process_class(cls, init, repr, eq, order, unsafe_hash,\nC:\\Python312\\Lib\\dataclasses.py:994: in _process_class\n    cls_fields.append(_get_field(cls, name, type, kw_only))\nC:\\Python312\\Lib\\dataclasses.py:852: in _get_field\n    raise ValueError(f&amp;#x27;mutable default {type(f.default)} for field &amp;#x27;\nE   ValueError: mutable default &amp;lt;class &amp;#x27;core.config.ValidationConfig&amp;#x27;&amp;gt; for field validation is not allowed: use default_factory\n&#34;}, {&#34;extras&#34;: [], &#34;result&#34;: &#34;Error&#34;, &#34;testId&#34;: &#34;tests/test_with_different_configs.py::collect&#34;, &#34;duration&#34;: &#34;0 ms&#34;, &#34;resultsTableRow&#34;: [&#34;&lt;td class=\&#34;col-result\&#34;&gt;Error&lt;/td&gt;&#34;, &#34;&lt;td class=\&#34;col-testId\&#34;&gt;tests/test_with_different_configs.py::collect&lt;/td&gt;&#34;, &#34;&lt;td class=\&#34;col-duration\&#34;&gt;0 ms&lt;/td&gt;&#34;, &#34;&lt;td class=\&#34;col-links\&#34;&gt;&lt;/td&gt;&#34;], &#34;log&#34;: &#34;tests\\test_with_different_configs.py:5: in &amp;lt;module&amp;gt;\n    from .test_utils import get_test_config\n&amp;lt;frozen importlib._bootstrap&amp;gt;:1360: in _find_and_load\n    ???\n&amp;lt;frozen importlib._bootstrap&amp;gt;:1331: in _find_and_load_unlocked\n    ???\n&amp;lt;frozen importlib._bootstrap&amp;gt;:935: in _load_unlocked\n    ???\nvenv\\Lib\\site-packages\\_pytest\\assertion\\rewrite.py:185: in exec_module\n    exec(co, module.__dict__)\ntests\\test_utils.py:6: in &amp;lt;module&amp;gt;\n    from core.config import ConfigManager\ncore\\config.py:17: in &amp;lt;module&amp;gt;\n    @dataclass\nC:\\Python312\\Lib\\dataclasses.py:1275: in dataclass\n    return wrap(cls)\nC:\\Python312\\Lib\\dataclasses.py:1265: in wrap\n    return _process_class(cls, init, repr, eq, order, unsafe_hash,\nC:\\Python312\\Lib\\dataclasses.py:994: in _process_class\n    cls_fields.append(_get_field(cls, name, type, kw_only))\nC:\\Python312\\Lib\\dataclasses.py:852: in _get_field\n    raise ValueError(f&amp;#x27;mutable default {type(f.default)} for field &amp;#x27;\nE   ValueError: mutable default &amp;lt;class &amp;#x27;core.config.ValidationConfig&amp;#x27;&amp;gt; for field validation is not allowed: use default_factory\n&#34;}], &#34;tests/utils/files/test_atomic_write.py&#34;: [{&#34;extras&#34;: [], &#34;result&#34;: &#34;Error&#34;, &#34;testId&#34;: &#34;tests/utils/files/test_atomic_write.py::collect&#34;, &#34;duration&#34;: &#34;0 ms&#34;, &#34;resultsTableRow&#34;: [&#34;&lt;td class=\&#34;col-result\&#34;&gt;Error&lt;/td&gt;&#34;, &#34;&lt;td class=\&#34;col-testId\&#34;&gt;tests/utils/files/test_atomic_write.py::collect&lt;/td&gt;&#34;, &#34;&lt;td class=\&#34;col-duration\&#34;&gt;0 ms&lt;/td&gt;&#34;, &#34;&lt;td class=\&#34;col-links\&#34;&gt;&lt;/td&gt;&#34;], &#34;log&#34;: &#34;ImportError while importing test module &amp;#x27;C:\\Users\\thump\\web_automation_project\\tests\\utils\\files\\test_atomic_write.py&amp;#x27;.\nHint: make sure your test modules/packages have valid Python names.\nTraceback:\nC:\\Python312\\Lib\\importlib\\__init__.py:90: in import_module\n    return _bootstrap._gcd_import(name[level:], package, level)\ntests\\utils\\files\\test_atomic_write.py:4: in &amp;lt;module&amp;gt;\n    from utils.file_ops import SafeFileOps\nutils\\file_ops.py:19: in &amp;lt;module&amp;gt;\n    from ..errors.exceptions import StorageError\nE   ImportError: attempted relative import beyond top-level package\n&#34;}], &#34;tests/utils/files/test_backup_creation.py&#34;: [{&#34;extras&#34;: [], &#34;result&#34;: &#34;Error&#34;, &#34;testId&#34;: &#34;tests/utils/files/test_backup_creation.py::collect&#34;, &#34;duration&#34;: &#34;0 ms&#34;, &#34;resultsTableRow&#34;: [&#34;&lt;td class=\&#34;col-result\&#34;&gt;Error&lt;/td&gt;&#34;, &#34;&lt;td class=\&#34;col-testId\&#34;&gt;tests/utils/files/test_backup_creation.py::collect&lt;/td&gt;&#34;, &#34;&lt;td class=\&#34;col-duration\&#34;&gt;0 ms&lt;/td&gt;&#34;, &#34;&lt;td class=\&#34;col-links\&#34;&gt;&lt;/td&gt;&#34;], &#34;log&#34;: &#34;ImportError while importing test module &amp;#x27;C:\\Users\\thump\\web_automation_project\\tests\\utils\\files\\test_backup_creation.py&amp;#x27;.\nHint: make sure your test modules/packages have valid Python names.\nTraceback:\nC:\\Python312\\Lib\\importlib\\__init__.py:90: in import_module\n    return _bootstrap._gcd_import(name[level:], package, level)\ntests\\utils\\files\\test_backup_creation.py:5: in &amp;lt;module&amp;gt;\n    from utils.file_ops import SafeFileOps\nutils\\file_ops.py:19: in &amp;lt;module&amp;gt;\n    from ..errors.exceptions import StorageError\nE   ImportError: attempted relative import beyond top-level package\n&#34;}], &#34;tests/utils/files/test_json_operations.py&#34;: [{&#34;extras&#34;: [], &#34;result&#34;: &#34;Error&#34;, &#34;testId&#34;: &#34;tests/utils/files/test_json_operations.py::collect&#34;, &#34;duration&#34;: &#34;0 ms&#34;, &#34;resultsTableRow&#34;: [&#34;&lt;td class=\&#34;col-result\&#34;&gt;Error&lt;/td&gt;&#34;, &#34;&lt;td class=\&#34;col-testId\&#34;&gt;tests/utils/files/test_json_operations.py::collect&lt;/td&gt;&#34;, &#34;&lt;td class=\&#34;col-duration\&#34;&gt;0 ms&lt;/td&gt;&#34;, &#34;&lt;td class=\&#34;col-links\&#34;&gt;&lt;/td&gt;&#34;], &#34;log&#34;: &#34;ImportError while importing test module &amp;#x27;C:\\Users\\thump\\web_automation_project\\tests\\utils\\files\\test_json_operations.py&amp;#x27;.\nHint: make sure your test modules/packages have valid Python names.\nTraceback:\nC:\\Python312\\Lib\\importlib\\__init__.py:90: in import_module\n    return _bootstrap._gcd_import(name[level:], package, level)\ntests\\utils\\files\\test_json_operations.py:4: in &amp;lt;module&amp;gt;\n    from utils.file_ops import SafeFileOps\nutils\\file_ops.py:19: in &amp;lt;module&amp;gt;\n    from ..errors.exceptions import StorageError\nE   ImportError: attempted relative import beyond top-level package\n&#34;}], &#34;tests/utils/test_file_ops.py&#34;: [{&#34;extras&#34;: [], &#34;result&#34;: &#34;Error&#34;, &#34;testId&#34;: &#34;tests/utils/test_file_ops.py::collect&#34;, &#34;duration&#34;: &#34;0 ms&#34;, &#34;resultsTableRow&#34;: [&#34;&lt;td class=\&#34;col-result\&#34;&gt;Error&lt;/td&gt;&#34;, &#34;&lt;td class=\&#34;col-testId\&#34;&gt;tests/utils/test_file_ops.py::collect&lt;/td&gt;&#34;, &#34;&lt;td class=\&#34;col-duration\&#34;&gt;0 ms&lt;/td&gt;&#34;, &#34;&lt;td class=\&#34;col-links\&#34;&gt;&lt;/td&gt;&#34;], &#34;log&#34;: &#34;ImportError while importing test module &amp;#x27;C:\\Users\\thump\\web_automation_project\\tests\\utils\\test_file_ops.py&amp;#x27;.\nHint: make sure your test modules/packages have valid Python names.\nTraceback:\nC:\\Python312\\Lib\\importlib\\__init__.py:90: in import_module\n    return _bootstrap._gcd_import(name[level:], package, level)\ntests\\utils\\test_file_ops.py:9: in &amp;lt;module&amp;gt;\n    from core.errors.exceptions import StorageError\nE   ImportError: cannot import name &amp;#x27;StorageError&amp;#x27; from &amp;#x27;core.errors.exceptions&amp;#x27; (C:\\Users\\thump\\web_automation_project\\core\\errors\\exceptions.py)\n&#34;}], &#34;ui/components/selector_helper/components/test_runner.py&#34;: [{&#34;extras&#34;: [], &#34;result&#34;: &#34;Error&#34;, &#34;testId&#34;: &#34;ui/components/selector_helper/components/test_runner.py::collect&#34;, &#34;duration&#34;: &#34;0 ms&#34;, &#34;resultsTableRow&#34;: [&#34;&lt;td class=\&#34;col-result\&#34;&gt;Error&lt;/td&gt;&#34;, &#34;&lt;td class=\&#34;col-testId\&#34;&gt;ui/components/selector_helper/components/test_runner.py::collect&lt;/td&gt;&#34;, &#34;&lt;td class=\&#34;col-duration\&#34;&gt;0 ms&lt;/td&gt;&#34;, &#34;&lt;td class=\&#34;col-links\&#34;&gt;&lt;/td&gt;&#34;], &#34;log&#34;: &#34;ui\\components\\selector_helper\\components\\test_runner.py:7: in &amp;lt;module&amp;gt;\n    class SelectorValidator(Protocol):\nui\\components\\selector_helper\\components\\test_runner.py:8: in SelectorValidator\n    def validate(self, selector: str, selector_type: str, url: str) -&amp;gt; ValidationStatus: ...\nE   NameError: name &amp;#x27;ValidationStatus&amp;#x27; is not defined\n&#34;}, {&#34;extras&#34;: [], &#34;result&#34;: &#34;Error&#34;, &#34;testId&#34;: &#34;ui/components/selector_helper/components/test_runner.py::collect&#34;, &#34;duration&#34;: &#34;0 ms&#34;, &#34;resultsTableRow&#34;: [&#34;&lt;td class=\&#34;col-result\&#34;&gt;Error&lt;/td&gt;&#34;, &#34;&lt;td class=\&#34;col-testId\&#34;&gt;ui/components/selector_helper/components/test_runner.py::collect&lt;/td&gt;&#34;, &#34;&lt;td class=\&#34;col-duration\&#34;&gt;0 ms&lt;/td&gt;&#34;, &#34;&lt;td class=\&#34;col-links\&#34;&gt;&lt;/td&gt;&#34;], &#34;log&#34;: &#34;ui\\components\\selector_helper\\components\\test_runner.py:7: in &amp;lt;module&amp;gt;\n    class SelectorValidator(Protocol):\nui\\components\\selector_helper\\components\\test_runner.py:8: in SelectorValidator\n    def validate(self, selector: str, selector_type: str, url: str) -&amp;gt; ValidationStatus: ...\nE   NameError: name &amp;#x27;ValidationStatus&amp;#x27; is not defined\n&#34;}, {&#34;extras&#34;: [], &#34;result&#34;: &#34;Error&#34;, &#34;testId&#34;: &#34;ui/components/selector_helper/components/test_runner.py::collect&#34;, &#34;duration&#34;: &#34;0 ms&#34;, &#34;resultsTableRow&#34;: [&#34;&lt;td class=\&#34;col-result\&#34;&gt;Error&lt;/td&gt;&#34;, &#34;&lt;td class=\&#34;col-testId\&#34;&gt;ui/components/selector_helper/components/test_runner.py::collect&lt;/td&gt;&#34;, &#34;&lt;td class=\&#34;col-duration\&#34;&gt;0 ms&lt;/td&gt;&#34;, &#34;&lt;td class=\&#34;col-links\&#34;&gt;&lt;/td&gt;&#34;], &#34;log&#34;: &#34;ui\\components\\selector_helper\\components\\test_runner.py:7: in &amp;lt;module&amp;gt;\n    class SelectorValidator(Protocol):\nui\\components\\selector_helper\\components\\test_runner.py:8: in SelectorValidator\n    def validate(self, selector: str, selector_type: str, url: str) -&amp;gt; ValidationStatus: ...\nE   NameError: name &amp;#x27;ValidationStatus&amp;#x27; is not defined\n&#34;}, {&#34;extras&#34;: [], &#34;result&#34;: &#34;Error&#34;, &#34;testId&#34;: &#34;ui/components/selector_helper/components/test_runner.py::collect&#34;, &#34;duration&#34;: &#34;0 ms&#34;, &#34;resultsTableRow&#34;: [&#34;&lt;td class=\&#34;col-result\&#34;&gt;Error&lt;/td&gt;&#34;, &#34;&lt;td class=\&#34;col-testId\&#34;&gt;ui/components/selector_helper/components/test_runner.py::collect&lt;/td&gt;&#34;, &#34;&lt;td class=\&#34;col-duration\&#34;&gt;0 ms&lt;/td&gt;&#34;, &#34;&lt;td class=\&#34;col-links\&#34;&gt;&lt;/td&gt;&#34;], &#34;log&#34;: &#34;ui\\components\\selector_helper\\components\\test_runner.py:7: in &amp;lt;module&amp;gt;\n    class SelectorValidator(Protocol):\nui\\components\\selector_helper\\components\\test_runner.py:8: in SelectorValidator\n    def validate(self, selector: str, selector_type: str, url: str) -&amp;gt; ValidationStatus: ...\nE   NameError: name &amp;#x27;ValidationStatus&amp;#x27; is not defined\n&#34;}, {&#34;extras&#34;: [], &#34;result&#34;: &#34;Error&#34;, &#34;testId&#34;: &#34;ui/components/selector_helper/components/test_runner.py::collect&#34;, &#34;duration&#34;: &#34;0 ms&#34;, &#34;resultsTableRow&#34;: [&#34;&lt;td class=\&#34;col-result\&#34;&gt;Error&lt;/td&gt;&#34;, &#34;&lt;td class=\&#34;col-testId\&#34;&gt;ui/components/selector_helper/components/test_runner.py::collect&lt;/td&gt;&#34;, &#34;&lt;td class=\&#34;col-duration\&#34;&gt;0 ms&lt;/td&gt;&#34;, &#34;&lt;td class=\&#34;col-links\&#34;&gt;&lt;/td&gt;&#34;], &#34;log&#34;: &#34;ui\\components\\selector_helper\\components\\test_runner.py:7: in &amp;lt;module&amp;gt;\n    class SelectorValidator(Protocol):\nui\\components\\selector_helper\\components\\test_runner.py:8: in SelectorValidator\n    def validate(self, selector: str, selector_type: str, url: str) -&amp;gt; ValidationStatus: ...\nE   NameError: name &amp;#x27;ValidationStatus&amp;#x27; is not defined\n&#34;}, {&#34;extras&#34;: [], &#34;result&#34;: &#34;Error&#34;, &#34;testId&#34;: &#34;ui/components/selector_helper/components/test_runner.py::collect&#34;, &#34;duration&#34;: &#34;0 ms&#34;, &#34;resultsTableRow&#34;: [&#34;&lt;td class=\&#34;col-result\&#34;&gt;Error&lt;/td&gt;&#34;, &#34;&lt;td class=\&#34;col-testId\&#34;&gt;ui/components/selector_helper/components/test_runner.py::collect&lt;/td&gt;&#34;, &#34;&lt;td class=\&#34;col-duration\&#34;&gt;0 ms&lt;/td&gt;&#34;, &#34;&lt;td class=\&#34;col-links\&#34;&gt;&lt;/td&gt;&#34;], &#34;log&#34;: &#34;ui\\components\\selector_helper\\components\\test_runner.py:7: in &amp;lt;module&amp;gt;\n    class SelectorValidator(Protocol):\nui\\components\\selector_helper\\components\\test_runner.py:8: in SelectorValidator\n    def validate(self, selector: str, selector_type: str, url: str) -&amp;gt; ValidationStatus: ...\nE   NameError: name &amp;#x27;ValidationStatus&amp;#x27; is not defined\n&#34;}, {&#34;extras&#34;: [], &#34;result&#34;: &#34;Error&#34;, &#34;testId&#34;: &#34;ui/components/selector_helper/components/test_runner.py::collect&#34;, &#34;duration&#34;: &#34;0 ms&#34;, &#34;resultsTableRow&#34;: [&#34;&lt;td class=\&#34;col-result\&#34;&gt;Error&lt;/td&gt;&#34;, &#34;&lt;td class=\&#34;col-testId\&#34;&gt;ui/components/selector_helper/components/test_runner.py::collect&lt;/td&gt;&#34;, &#34;&lt;td class=\&#34;col-duration\&#34;&gt;0 ms&lt;/td&gt;&#34;, &#34;&lt;td class=\&#34;col-links\&#34;&gt;&lt;/td&gt;&#34;], &#34;log&#34;: &#34;ui\\components\\selector_helper\\components\\test_runner.py:7: in &amp;lt;module&amp;gt;\n    class SelectorValidator(Protocol):\nui\\components\\selector_helper\\components\\test_runner.py:8: in SelectorValidator\n    def validate(self, selector: str, selector_type: str, url: str) -&amp;gt; ValidationStatus: ...\nE   NameError: name &amp;#x27;ValidationStatus&amp;#x27; is not defined\n&#34;}, {&#34;extras&#34;: [], &#34;result&#34;: &#34;Error&#34;, &#34;testId&#34;: &#34;ui/components/selector_helper/components/test_runner.py::collect&#34;, &#34;duration&#34;: &#34;0 ms&#34;, &#34;resultsTableRow&#34;: [&#34;&lt;td class=\&#34;col-result\&#34;&gt;Error&lt;/td&gt;&#34;, &#34;&lt;td class=\&#34;col-testId\&#34;&gt;ui/components/selector_helper/components/test_runner.py::collect&lt;/td&gt;&#34;, &#34;&lt;td class=\&#34;col-duration\&#34;&gt;0 ms&lt;/td&gt;&#34;, &#34;&lt;td class=\&#34;col-links\&#34;&gt;&lt;/td&gt;&#34;], &#34;log&#34;: &#34;ui\\components\\selector_helper\\components\\test_runner.py:7: in &amp;lt;module&amp;gt;\n    class SelectorValidator(Protocol):\nui\\components\\selector_helper\\components\\test_runner.py:8: in SelectorValidator\n    def validate(self, selector: str, selector_type: str, url: str) -&amp;gt; ValidationStatus: ...\nE   NameError: name &amp;#x27;ValidationStatus&amp;#x27; is not defined\n&#34;}], &#34;tests/test_navigation_sequence.py::TestNavigationSequence::test_create_sequence&#34;: [{&#34;extras&#34;: [], &#34;result&#34;: &#34;Passed&#34;, &#34;testId&#34;: &#34;tests/test_navigation_sequence.py::TestNavigationSequence::test_create_sequence&#34;, &#34;duration&#34;: &#34;11 ms&#34;, &#34;resultsTableRow&#34;: [&#34;&lt;td class=\&#34;col-result\&#34;&gt;Passed&lt;/td&gt;&#34;, &#34;&lt;td class=\&#34;col-testId\&#34;&gt;tests/test_navigation_sequence.py::TestNavigationSequence::test_create_sequence&lt;/td&gt;&#34;, &#34;&lt;td class=\&#34;col-duration\&#34;&gt;11 ms&lt;/td&gt;&#34;, &#34;&lt;td class=\&#34;col-links\&#34;&gt;&lt;/td&gt;&#34;], &#34;log&#34;: &#34;[gw3] win32 -- Python 3.12.6 C:\\Users\\thump\\web_automation_project\\venv\\Scripts\\python.exe\n&#34;}], &#34;tests/core/test_cache.py::TestMemoryCache::test_set_and_get&#34;: [{&#34;extras&#34;: [], &#34;result&#34;: &#34;Passed&#34;, &#34;testId&#34;: &#34;tests/core/test_cache.py::TestMemoryCache::test_set_and_get&#34;, &#34;duration&#34;: &#34;14 ms&#34;, &#34;resultsTableRow&#34;: [&#34;&lt;td class=\&#34;col-result\&#34;&gt;Passed&lt;/td&gt;&#34;, &#34;&lt;td class=\&#34;col-testId\&#34;&gt;tests/core/test_cache.py::TestMemoryCache::test_set_and_get&lt;/td&gt;&#34;, &#34;&lt;td class=\&#34;col-duration\&#34;&gt;14 ms&lt;/td&gt;&#34;, &#34;&lt;td class=\&#34;col-links\&#34;&gt;&lt;/td&gt;&#34;], &#34;log&#34;: &#34;[gw5] win32 -- Python 3.12.6 C:\\Users\\thump\\web_automation_project\\venv\\Scripts\\python.exe\n&#34;}], &#34;review_cache_20250323_024056/tests/core/cache/test_disk_cache.py::TestDiskCache::test_basic_operations&#34;: [{&#34;extras&#34;: [], &#34;result&#34;: &#34;Error&#34;, &#34;testId&#34;: &#34;review_cache_20250323_024056/tests/core/cache/test_disk_cache.py::TestDiskCache::test_basic_operations::setup&#34;, &#34;duration&#34;: &#34;9 ms&#34;, &#34;resultsTableRow&#34;: [&#34;&lt;td class=\&#34;col-result\&#34;&gt;Error&lt;/td&gt;&#34;, &#34;&lt;td class=\&#34;col-testId\&#34;&gt;review_cache_20250323_024056/tests/core/cache/test_disk_cache.py::TestDiskCache::test_basic_operations::setup&lt;/td&gt;&#34;, &#34;&lt;td class=\&#34;col-duration\&#34;&gt;9 ms&lt;/td&gt;&#34;, &#34;&lt;td class=\&#34;col-links\&#34;&gt;&lt;/td&gt;&#34;], &#34;log&#34;: &#34;[gw0] win32 -- Python 3.12.6 C:\\Users\\thump\\web_automation_project\\venv\\Scripts\\python.exe\nfile C:\\Users\\thump\\web_automation_project\\review_cache_20250323_024056\\tests\\core\\cache\\test_disk_cache.py, line 14\n      def test_basic_operations(self, disk_cache, sample_data):\nE       fixture &amp;#x27;disk_cache&amp;#x27; not found\n&amp;gt;       available fixtures: cache, capfd, capfdbinary, caplog, capsys, capsysbinary, cov, doctest_namespace, extra, extras, include_metadata_in_junit_xml, metadata, monkeypatch, no_cover, pytestconfig, record_property, record_testsuite_property, record_xml_attribute, recwarn, testrun_uid, tmp_path, tmp_path_factory, tmpdir, tmpdir_factory, worker_id\n&amp;gt;       use &amp;#x27;pytest --fixtures [testpath]&amp;#x27; for help on them.\n\nC:\\Users\\thump\\web_automation_project\\review_cache_20250323_024056\\tests\\core\\cache\\test_disk_cache.py:14\n&#34;}], &#34;review_cache_20250323_024056/tests/core/cache/test_cache_eviction.py::TestCacheEviction::test_lru_eviction&#34;: [{&#34;extras&#34;: [], &#34;result&#34;: &#34;Error&#34;, &#34;testId&#34;: &#34;review_cache_20250323_024056/tests/core/cache/test_cache_eviction.py::TestCacheEviction::test_lru_eviction::setup&#34;, &#34;duration&#34;: &#34;9 ms&#34;, &#34;resultsTableRow&#34;: [&#34;&lt;td class=\&#34;col-result\&#34;&gt;Error&lt;/td&gt;&#34;, &#34;&lt;td class=\&#34;col-testId\&#34;&gt;review_cache_20250323_024056/tests/core/cache/test_cache_eviction.py::TestCacheEviction::test_lru_eviction::setup&lt;/td&gt;&#34;, &#34;&lt;td class=\&#34;col-duration\&#34;&gt;9 ms&lt;/td&gt;&#34;, &#34;&lt;td class=\&#34;col-links\&#34;&gt;&lt;/td&gt;&#34;], &#34;log&#34;: &#34;[gw2] win32 -- Python 3.12.6 C:\\Users\\thump\\web_automation_project\\venv\\Scripts\\python.exe\nfile C:\\Users\\thump\\web_automation_project\\review_cache_20250323_024056\\tests\\core\\cache\\test_cache_eviction.py, line 14\n      def test_lru_eviction(self, disk_cache):\nE       fixture &amp;#x27;disk_cache&amp;#x27; not found\n&amp;gt;       available fixtures: cache, capfd, capfdbinary, caplog, capsys, capsysbinary, cov, doctest_namespace, extra, extras, include_metadata_in_junit_xml, metadata, monkeypatch, no_cover, pytestconfig, record_property, record_testsuite_property, record_xml_attribute, recwarn, testrun_uid, tmp_path, tmp_path_factory, tmpdir, tmpdir_factory, worker_id\n&amp;gt;       use &amp;#x27;pytest --fixtures [testpath]&amp;#x27; for help on them.\n\nC:\\Users\\thump\\web_automation_project\\review_cache_20250323_024056\\tests\\core\\cache\\test_cache_eviction.py:14\n&#34;}], &#34;tests/core/di/test_interfaces.py::TestInterfaces::test_idisposable_contract&#34;: [{&#34;extras&#34;: [], &#34;result&#34;: &#34;Passed&#34;, &#34;testId&#34;: &#34;tests/core/di/test_interfaces.py::TestInterfaces::test_idisposable_contract&#34;, &#34;duration&#34;: &#34;19 ms&#34;, &#34;resultsTableRow&#34;: [&#34;&lt;td class=\&#34;col-result\&#34;&gt;Passed&lt;/td&gt;&#34;, &#34;&lt;td class=\&#34;col-testId\&#34;&gt;tests/core/di/test_interfaces.py::TestInterfaces::test_idisposable_contract&lt;/td&gt;&#34;, &#34;&lt;td class=\&#34;col-duration\&#34;&gt;19 ms&lt;/td&gt;&#34;, &#34;&lt;td class=\&#34;col-links\&#34;&gt;&lt;/td&gt;&#34;], &#34;log&#34;: &#34;[gw4] win32 -- Python 3.12.6 C:\\Users\\thump\\web_automation_project\\venv\\Scripts\\python.exe\n&#34;}], &#34;tests/test_navigation_sequence.py::TestNavigationSequence::test_validate_sequence_structure&#34;: [{&#34;extras&#34;: [], &#34;result&#34;: &#34;Passed&#34;, &#34;testId&#34;: &#34;tests/test_navigation_sequence.py::TestNavigationSequence::test_validate_sequence_structure&#34;, &#34;duration&#34;: &#34;3 ms&#34;, &#34;resultsTableRow&#34;: [&#34;&lt;td class=\&#34;col-result\&#34;&gt;Passed&lt;/td&gt;&#34;, &#34;&lt;td class=\&#34;col-testId\&#34;&gt;tests/test_navigation_sequence.py::TestNavigationSequence::test_validate_sequence_structure&lt;/td&gt;&#34;, &#34;&lt;td class=\&#34;col-duration\&#34;&gt;3 ms&lt;/td&gt;&#34;, &#34;&lt;td class=\&#34;col-links\&#34;&gt;&lt;/td&gt;&#34;], &#34;log&#34;: &#34;[gw3] win32 -- Python 3.12.6 C:\\Users\\thump\\web_automation_project\\venv\\Scripts\\python.exe\n&#34;}], &#34;review_cache_20250323_024056/tests/core/cache/test_disk_cache.py::TestDiskCache::test_cache_persistence&#34;: [{&#34;extras&#34;: [], &#34;result&#34;: &#34;Error&#34;, &#34;testId&#34;: &#34;review_cache_20250323_024056/tests/core/cache/test_disk_cache.py::TestDiskCache::test_cache_persistence::setup&#34;, &#34;duration&#34;: &#34;0 ms&#34;, &#34;resultsTableRow&#34;: [&#34;&lt;td class=\&#34;col-result\&#34;&gt;Error&lt;/td&gt;&#34;, &#34;&lt;td class=\&#34;col-testId\&#34;&gt;review_cache_20250323_024056/tests/core/cache/test_disk_cache.py::TestDiskCache::test_cache_persistence::setup&lt;/td&gt;&#34;, &#34;&lt;td class=\&#34;col-duration\&#34;&gt;0 ms&lt;/td&gt;&#34;, &#34;&lt;td class=\&#34;col-links\&#34;&gt;&lt;/td&gt;&#34;], &#34;log&#34;: &#34;[gw0] win32 -- Python 3.12.6 C:\\Users\\thump\\web_automation_project\\venv\\Scripts\\python.exe\nfile C:\\Users\\thump\\web_automation_project\\review_cache_20250323_024056\\tests\\core\\cache\\test_disk_cache.py, line 28\n      def test_cache_persistence(self, disk_cache, sample_data, cache_dir):\nE       fixture &amp;#x27;disk_cache&amp;#x27; not found\n&amp;gt;       available fixtures: cache, capfd, capfdbinary, caplog, capsys, capsysbinary, cov, doctest_namespace, extra, extras, include_metadata_in_junit_xml, metadata, monkeypatch, no_cover, pytestconfig, record_property, record_testsuite_property, record_xml_attribute, recwarn, testrun_uid, tmp_path, tmp_path_factory, tmpdir, tmpdir_factory, worker_id\n&amp;gt;       use &amp;#x27;pytest --fixtures [testpath]&amp;#x27; for help on them.\n\nC:\\Users\\thump\\web_automation_project\\review_cache_20250323_024056\\tests\\core\\cache\\test_disk_cache.py:28\n&#34;}], &#34;tests/core/di/test_interfaces.py::TestInterfaces::test_ifactory_contract&#34;: [{&#34;extras&#34;: [], &#34;result&#34;: &#34;Passed&#34;, &#34;testId&#34;: &#34;tests/core/di/test_interfaces.py::TestInterfaces::test_ifactory_contract&#34;, &#34;duration&#34;: &#34;2 ms&#34;, &#34;resultsTableRow&#34;: [&#34;&lt;td class=\&#34;col-result\&#34;&gt;Passed&lt;/td&gt;&#34;, &#34;&lt;td class=\&#34;col-testId\&#34;&gt;tests/core/di/test_interfaces.py::TestInterfaces::test_ifactory_contract&lt;/td&gt;&#34;, &#34;&lt;td class=\&#34;col-duration\&#34;&gt;2 ms&lt;/td&gt;&#34;, &#34;&lt;td class=\&#34;col-links\&#34;&gt;&lt;/td&gt;&#34;], &#34;log&#34;: &#34;[gw4] win32 -- Python 3.12.6 C:\\Users\\thump\\web_automation_project\\venv\\Scripts\\python.exe\n&#34;}], &#34;tests/core/di/test_lifecycle.py::TestLifecycleManager::test_add_remove_hook&#34;: [{&#34;extras&#34;: [], &#34;result&#34;: &#34;Passed&#34;, &#34;testId&#34;: &#34;tests/core/di/test_lifecycle.py::TestLifecycleManager::test_add_remove_hook&#34;, &#34;duration&#34;: &#34;22 ms&#34;, &#34;resultsTableRow&#34;: [&#34;&lt;td class=\&#34;col-result\&#34;&gt;Passed&lt;/td&gt;&#34;, &#34;&lt;td class=\&#34;col-testId\&#34;&gt;tests/core/di/test_lifecycle.py::TestLifecycleManager::test_add_remove_hook&lt;/td&gt;&#34;, &#34;&lt;td class=\&#34;col-duration\&#34;&gt;22 ms&lt;/td&gt;&#34;, &#34;&lt;td class=\&#34;col-links\&#34;&gt;&lt;/td&gt;&#34;], &#34;log&#34;: &#34;[gw6] win32 -- Python 3.12.6 C:\\Users\\thump\\web_automation_project\\venv\\Scripts\\python.exe\n&#34;}], &#34;tests/test_navigation_sequence.py::TestNavigationSequence::test_sequence_step_order&#34;: [{&#34;extras&#34;: [], &#34;result&#34;: &#34;Passed&#34;, &#34;testId&#34;: &#34;tests/test_navigation_sequence.py::TestNavigationSequence::test_sequence_step_order&#34;, &#34;duration&#34;: &#34;3 ms&#34;, &#34;resultsTableRow&#34;: [&#34;&lt;td class=\&#34;col-result\&#34;&gt;Passed&lt;/td&gt;&#34;, &#34;&lt;td class=\&#34;col-testId\&#34;&gt;tests/test_navigation_sequence.py::TestNavigationSequence::test_sequence_step_order&lt;/td&gt;&#34;, &#34;&lt;td class=\&#34;col-duration\&#34;&gt;3 ms&lt;/td&gt;&#34;, &#34;&lt;td class=\&#34;col-links\&#34;&gt;&lt;/td&gt;&#34;], &#34;log&#34;: &#34;[gw3] win32 -- Python 3.12.6 C:\\Users\\thump\\web_automation_project\\venv\\Scripts\\python.exe\n&#34;}], &#34;review_cache_20250323_024056/tests/core/cache/test_cache_eviction.py::TestCacheEviction::test_size_based_eviction&#34;: [{&#34;extras&#34;: [], &#34;result&#34;: &#34;Error&#34;, &#34;testId&#34;: &#34;review_cache_20250323_024056/tests/core/cache/test_cache_eviction.py::TestCacheEviction::test_size_based_eviction::setup&#34;, &#34;duration&#34;: &#34;1 ms&#34;, &#34;resultsTableRow&#34;: [&#34;&lt;td class=\&#34;col-result\&#34;&gt;Error&lt;/td&gt;&#34;, &#34;&lt;td class=\&#34;col-testId\&#34;&gt;review_cache_20250323_024056/tests/core/cache/test_cache_eviction.py::TestCacheEviction::test_size_based_eviction::setup&lt;/td&gt;&#34;, &#34;&lt;td class=\&#34;col-duration\&#34;&gt;1 ms&lt;/td&gt;&#34;, &#34;&lt;td class=\&#34;col-links\&#34;&gt;&lt;/td&gt;&#34;], &#34;log&#34;: &#34;[gw2] win32 -- Python 3.12.6 C:\\Users\\thump\\web_automation_project\\venv\\Scripts\\python.exe\nfile C:\\Users\\thump\\web_automation_project\\review_cache_20250323_024056\\tests\\core\\cache\\test_cache_eviction.py, line 31\n      def test_size_based_eviction(self, disk_cache):\nE       fixture &amp;#x27;disk_cache&amp;#x27; not found\n&amp;gt;       available fixtures: cache, capfd, capfdbinary, caplog, capsys, capsysbinary, cov, doctest_namespace, extra, extras, include_metadata_in_junit_xml, metadata, monkeypatch, no_cover, pytestconfig, record_property, record_testsuite_property, record_xml_attribute, recwarn, testrun_uid, tmp_path, tmp_path_factory, tmpdir, tmpdir_factory, worker_id\n&amp;gt;       use &amp;#x27;pytest --fixtures [testpath]&amp;#x27; for help on them.\n\nC:\\Users\\thump\\web_automation_project\\review_cache_20250323_024056\\tests\\core\\cache\\test_cache_eviction.py:31\n&#34;}], &#34;review_cache_20250323_024056/tests/core/cache/test_disk_cache.py::TestDiskCache::test_large_dataset_handling&#34;: [{&#34;extras&#34;: [], &#34;result&#34;: &#34;Error&#34;, &#34;testId&#34;: &#34;review_cache_20250323_024056/tests/core/cache/test_disk_cache.py::TestDiskCache::test_large_dataset_handling::setup&#34;, &#34;duration&#34;: &#34;0 ms&#34;, &#34;resultsTableRow&#34;: [&#34;&lt;td class=\&#34;col-result\&#34;&gt;Error&lt;/td&gt;&#34;, &#34;&lt;td class=\&#34;col-testId\&#34;&gt;review_cache_20250323_024056/tests/core/cache/test_disk_cache.py::TestDiskCache::test_large_dataset_handling::setup&lt;/td&gt;&#34;, &#34;&lt;td class=\&#34;col-duration\&#34;&gt;0 ms&lt;/td&gt;&#34;, &#34;&lt;td class=\&#34;col-links\&#34;&gt;&lt;/td&gt;&#34;], &#34;log&#34;: &#34;[gw0] win32 -- Python 3.12.6 C:\\Users\\thump\\web_automation_project\\venv\\Scripts\\python.exe\nfile C:\\Users\\thump\\web_automation_project\\review_cache_20250323_024056\\tests\\core\\cache\\test_disk_cache.py, line 42\n      def test_large_dataset_handling(self, disk_cache, large_dataset):\nE       fixture &amp;#x27;disk_cache&amp;#x27; not found\n&amp;gt;       available fixtures: cache, capfd, capfdbinary, caplog, capsys, capsysbinary, cov, doctest_namespace, extra, extras, include_metadata_in_junit_xml, metadata, monkeypatch, no_cover, pytestconfig, record_property, record_testsuite_property, record_xml_attribute, recwarn, testrun_uid, tmp_path, tmp_path_factory, tmpdir, tmpdir_factory, worker_id\n&amp;gt;       use &amp;#x27;pytest --fixtures [testpath]&amp;#x27; for help on them.\n\nC:\\Users\\thump\\web_automation_project\\review_cache_20250323_024056\\tests\\core\\cache\\test_disk_cache.py:42\n&#34;}], &#34;review_cache_20250323_024056/tests/core/cache/test_disk_cache.py::TestDiskCache::test_error_handling&#34;: [{&#34;extras&#34;: [], &#34;result&#34;: &#34;Error&#34;, &#34;testId&#34;: &#34;review_cache_20250323_024056/tests/core/cache/test_disk_cache.py::TestDiskCache::test_error_handling::setup&#34;, &#34;duration&#34;: &#34;0 ms&#34;, &#34;resultsTableRow&#34;: [&#34;&lt;td class=\&#34;col-result\&#34;&gt;Error&lt;/td&gt;&#34;, &#34;&lt;td class=\&#34;col-testId\&#34;&gt;review_cache_20250323_024056/tests/core/cache/test_disk_cache.py::TestDiskCache::test_error_handling::setup&lt;/td&gt;&#34;, &#34;&lt;td class=\&#34;col-duration\&#34;&gt;0 ms&lt;/td&gt;&#34;, &#34;&lt;td class=\&#34;col-links\&#34;&gt;&lt;/td&gt;&#34;], &#34;log&#34;: &#34;[gw0] win32 -- Python 3.12.6 C:\\Users\\thump\\web_automation_project\\venv\\Scripts\\python.exe\nfile C:\\Users\\thump\\web_automation_project\\review_cache_20250323_024056\\tests\\core\\cache\\test_disk_cache.py, line 55\n      def test_error_handling(self, disk_cache, corrupted_cache_dir):\nE       fixture &amp;#x27;disk_cache&amp;#x27; not found\n&amp;gt;       available fixtures: cache, capfd, capfdbinary, caplog, capsys, capsysbinary, cov, doctest_namespace, extra, extras, include_metadata_in_junit_xml, metadata, monkeypatch, no_cover, pytestconfig, record_property, record_testsuite_property, record_xml_attribute, recwarn, testrun_uid, tmp_path, tmp_path_factory, tmpdir, tmpdir_factory, worker_id\n&amp;gt;       use &amp;#x27;pytest --fixtures [testpath]&amp;#x27; for help on them.\n\nC:\\Users\\thump\\web_automation_project\\review_cache_20250323_024056\\tests\\core\\cache\\test_disk_cache.py:55\n&#34;}], &#34;tests/core/di/test_interfaces.py::TestInterfaces::test_istatemanager_contract&#34;: [{&#34;extras&#34;: [], &#34;result&#34;: &#34;Passed&#34;, &#34;testId&#34;: &#34;tests/core/di/test_interfaces.py::TestInterfaces::test_istatemanager_contract&#34;, &#34;duration&#34;: &#34;4 ms&#34;, &#34;resultsTableRow&#34;: [&#34;&lt;td class=\&#34;col-result\&#34;&gt;Passed&lt;/td&gt;&#34;, &#34;&lt;td class=\&#34;col-testId\&#34;&gt;tests/core/di/test_interfaces.py::TestInterfaces::test_istatemanager_contract&lt;/td&gt;&#34;, &#34;&lt;td class=\&#34;col-duration\&#34;&gt;4 ms&lt;/td&gt;&#34;, &#34;&lt;td class=\&#34;col-links\&#34;&gt;&lt;/td&gt;&#34;], &#34;log&#34;: &#34;[gw4] win32 -- Python 3.12.6 C:\\Users\\thump\\web_automation_project\\venv\\Scripts\\python.exe\n&#34;}], &#34;review_cache_20250323_024056/tests/core/cache/test_cache_eviction.py::TestCacheEviction::test_ttl_based_eviction&#34;: [{&#34;extras&#34;: [], &#34;result&#34;: &#34;Error&#34;, &#34;testId&#34;: &#34;review_cache_20250323_024056/tests/core/cache/test_cache_eviction.py::TestCacheEviction::test_ttl_based_eviction::setup&#34;, &#34;duration&#34;: &#34;0 ms&#34;, &#34;resultsTableRow&#34;: [&#34;&lt;td class=\&#34;col-result\&#34;&gt;Error&lt;/td&gt;&#34;, &#34;&lt;td class=\&#34;col-testId\&#34;&gt;review_cache_20250323_024056/tests/core/cache/test_cache_eviction.py::TestCacheEviction::test_ttl_based_eviction::setup&lt;/td&gt;&#34;, &#34;&lt;td class=\&#34;col-duration\&#34;&gt;0 ms&lt;/td&gt;&#34;, &#34;&lt;td class=\&#34;col-links\&#34;&gt;&lt;/td&gt;&#34;], &#34;log&#34;: &#34;[gw2] win32 -- Python 3.12.6 C:\\Users\\thump\\web_automation_project\\venv\\Scripts\\python.exe\nfile C:\\Users\\thump\\web_automation_project\\review_cache_20250323_024056\\tests\\core\\cache\\test_cache_eviction.py, line 48\n      def test_ttl_based_eviction(self, disk_cache):\nE       fixture &amp;#x27;disk_cache&amp;#x27; not found\n&amp;gt;       available fixtures: cache, capfd, capfdbinary, caplog, capsys, capsysbinary, cov, doctest_namespace, extra, extras, include_metadata_in_junit_xml, metadata, monkeypatch, no_cover, pytestconfig, record_property, record_testsuite_property, record_xml_attribute, recwarn, testrun_uid, tmp_path, tmp_path_factory, tmpdir, tmpdir_factory, worker_id\n&amp;gt;       use &amp;#x27;pytest --fixtures [testpath]&amp;#x27; for help on them.\n\nC:\\Users\\thump\\web_automation_project\\review_cache_20250323_024056\\tests\\core\\cache\\test_cache_eviction.py:48\n&#34;}], &#34;tests/core/di/test_lifecycle.py::TestLifecycleManager::test_trigger_event&#34;: [{&#34;extras&#34;: [], &#34;result&#34;: &#34;Skipped&#34;, &#34;testId&#34;: &#34;tests/core/di/test_lifecycle.py::TestLifecycleManager::test_trigger_event&#34;, &#34;duration&#34;: &#34;3 ms&#34;, &#34;resultsTableRow&#34;: [&#34;&lt;td class=\&#34;col-result\&#34;&gt;Skipped&lt;/td&gt;&#34;, &#34;&lt;td class=\&#34;col-testId\&#34;&gt;tests/core/di/test_lifecycle.py::TestLifecycleManager::test_trigger_event&lt;/td&gt;&#34;, &#34;&lt;td class=\&#34;col-duration\&#34;&gt;3 ms&lt;/td&gt;&#34;, &#34;&lt;td class=\&#34;col-links\&#34;&gt;&lt;/td&gt;&#34;], &#34;log&#34;: &#34;[gw6] win32 -- Python 3.12.6 C:\\Users\\thump\\web_automation_project\\venv\\Scripts\\python.exe\n(&amp;#x27;C:\\\\Users\\\\thump\\\\web_automation_project\\\\venv\\\\Lib\\\\site-packages\\\\_pytest\\\\python.py&amp;#x27;, 149, &amp;#x27;Skipped: async def function and no async plugin installed (see warnings)&amp;#x27;)\n&#34;}], &#34;tests/core/di/test_interfaces.py::TestInterfaces::test_iconfigurationmanager_contract&#34;: [{&#34;extras&#34;: [], &#34;result&#34;: &#34;Passed&#34;, &#34;testId&#34;: &#34;tests/core/di/test_interfaces.py::TestInterfaces::test_iconfigurationmanager_contract&#34;, &#34;duration&#34;: &#34;2 ms&#34;, &#34;resultsTableRow&#34;: [&#34;&lt;td class=\&#34;col-result\&#34;&gt;Passed&lt;/td&gt;&#34;, &#34;&lt;td class=\&#34;col-testId\&#34;&gt;tests/core/di/test_interfaces.py::TestInterfaces::test_iconfigurationmanager_contract&lt;/td&gt;&#34;, &#34;&lt;td class=\&#34;col-duration\&#34;&gt;2 ms&lt;/td&gt;&#34;, &#34;&lt;td class=\&#34;col-links\&#34;&gt;&lt;/td&gt;&#34;], &#34;log&#34;: &#34;[gw4] win32 -- Python 3.12.6 C:\\Users\\thump\\web_automation_project\\venv\\Scripts\\python.exe\n&#34;}], &#34;review_cache_20250323_024056/tests/core/cache/test_cache_eviction.py::TestCacheEviction::test_priority_eviction&#34;: [{&#34;extras&#34;: [], &#34;result&#34;: &#34;Error&#34;, &#34;testId&#34;: &#34;review_cache_20250323_024056/tests/core/cache/test_cache_eviction.py::TestCacheEviction::test_priority_eviction::setup&#34;, &#34;duration&#34;: &#34;1 ms&#34;, &#34;resultsTableRow&#34;: [&#34;&lt;td class=\&#34;col-result\&#34;&gt;Error&lt;/td&gt;&#34;, &#34;&lt;td class=\&#34;col-testId\&#34;&gt;review_cache_20250323_024056/tests/core/cache/test_cache_eviction.py::TestCacheEviction::test_priority_eviction::setup&lt;/td&gt;&#34;, &#34;&lt;td class=\&#34;col-duration\&#34;&gt;1 ms&lt;/td&gt;&#34;, &#34;&lt;td class=\&#34;col-links\&#34;&gt;&lt;/td&gt;&#34;], &#34;log&#34;: &#34;[gw2] win32 -- Python 3.12.6 C:\\Users\\thump\\web_automation_project\\venv\\Scripts\\python.exe\nfile C:\\Users\\thump\\web_automation_project\\review_cache_20250323_024056\\tests\\core\\cache\\test_cache_eviction.py, line 66\n      def test_priority_eviction(self, disk_cache):\nE       fixture &amp;#x27;disk_cache&amp;#x27; not found\n&amp;gt;       available fixtures: cache, capfd, capfdbinary, caplog, capsys, capsysbinary, cov, doctest_namespace, extra, extras, include_metadata_in_junit_xml, metadata, monkeypatch, no_cover, pytestconfig, record_property, record_testsuite_property, record_xml_attribute, recwarn, testrun_uid, tmp_path, tmp_path_factory, tmpdir, tmpdir_factory, worker_id\n&amp;gt;       use &amp;#x27;pytest --fixtures [testpath]&amp;#x27; for help on them.\n\nC:\\Users\\thump\\web_automation_project\\review_cache_20250323_024056\\tests\\core\\cache\\test_cache_eviction.py:66\n&#34;}], &#34;review_cache_20250323_024056/tests/core/cache/test_disk_cache.py::TestDiskCache::test_ttl_functionality&#34;: [{&#34;extras&#34;: [], &#34;result&#34;: &#34;Error&#34;, &#34;testId&#34;: &#34;review_cache_20250323_024056/tests/core/cache/test_disk_cache.py::TestDiskCache::test_ttl_functionality::setup&#34;, &#34;duration&#34;: &#34;1 ms&#34;, &#34;resultsTableRow&#34;: [&#34;&lt;td class=\&#34;col-result\&#34;&gt;Error&lt;/td&gt;&#34;, &#34;&lt;td class=\&#34;col-testId\&#34;&gt;review_cache_20250323_024056/tests/core/cache/test_disk_cache.py::TestDiskCache::test_ttl_functionality::setup&lt;/td&gt;&#34;, &#34;&lt;td class=\&#34;col-duration\&#34;&gt;1 ms&lt;/td&gt;&#34;, &#34;&lt;td class=\&#34;col-links\&#34;&gt;&lt;/td&gt;&#34;], &#34;log&#34;: &#34;[gw0] win32 -- Python 3.12.6 C:\\Users\\thump\\web_automation_project\\venv\\Scripts\\python.exe\nfile C:\\Users\\thump\\web_automation_project\\review_cache_20250323_024056\\tests\\core\\cache\\test_disk_cache.py, line 67\n      def test_ttl_functionality(self, time_sensitive_cache, sample_data):\nE       fixture &amp;#x27;time_sensitive_cache&amp;#x27; not found\n&amp;gt;       available fixtures: cache, capfd, capfdbinary, caplog, capsys, capsysbinary, cov, doctest_namespace, extra, extras, include_metadata_in_junit_xml, metadata, monkeypatch, no_cover, pytestconfig, record_property, record_testsuite_property, record_xml_attribute, recwarn, testrun_uid, tmp_path, tmp_path_factory, tmpdir, tmpdir_factory, worker_id\n&amp;gt;       use &amp;#x27;pytest --fixtures [testpath]&amp;#x27; for help on them.\n\nC:\\Users\\thump\\web_automation_project\\review_cache_20250323_024056\\tests\\core\\cache\\test_disk_cache.py:67\n&#34;}], &#34;tests/core/di/test_interfaces.py::TestInterfaces::test_icachemanager_contract&#34;: [{&#34;extras&#34;: [], &#34;result&#34;: &#34;Passed&#34;, &#34;testId&#34;: &#34;tests/core/di/test_interfaces.py::TestInterfaces::test_icachemanager_contract&#34;, &#34;duration&#34;: &#34;3 ms&#34;, &#34;resultsTableRow&#34;: [&#34;&lt;td class=\&#34;col-result\&#34;&gt;Passed&lt;/td&gt;&#34;, &#34;&lt;td class=\&#34;col-testId\&#34;&gt;tests/core/di/test_interfaces.py::TestInterfaces::test_icachemanager_contract&lt;/td&gt;&#34;, &#34;&lt;td class=\&#34;col-duration\&#34;&gt;3 ms&lt;/td&gt;&#34;, &#34;&lt;td class=\&#34;col-links\&#34;&gt;&lt;/td&gt;&#34;], &#34;log&#34;: &#34;[gw4] win32 -- Python 3.12.6 C:\\Users\\thump\\web_automation_project\\venv\\Scripts\\python.exe\n&#34;}], &#34;review_cache_20250323_024056/tests/core/cache/test_disk_cache.py::TestDiskCache::test_concurrent_access&#34;: [{&#34;extras&#34;: [], &#34;result&#34;: &#34;Error&#34;, &#34;testId&#34;: &#34;review_cache_20250323_024056/tests/core/cache/test_disk_cache.py::TestDiskCache::test_concurrent_access::setup&#34;, &#34;duration&#34;: &#34;1 ms&#34;, &#34;resultsTableRow&#34;: [&#34;&lt;td class=\&#34;col-result\&#34;&gt;Error&lt;/td&gt;&#34;, &#34;&lt;td class=\&#34;col-testId\&#34;&gt;review_cache_20250323_024056/tests/core/cache/test_disk_cache.py::TestDiskCache::test_concurrent_access::setup&lt;/td&gt;&#34;, &#34;&lt;td class=\&#34;col-duration\&#34;&gt;1 ms&lt;/td&gt;&#34;, &#34;&lt;td class=\&#34;col-links\&#34;&gt;&lt;/td&gt;&#34;], &#34;log&#34;: &#34;[gw0] win32 -- Python 3.12.6 C:\\Users\\thump\\web_automation_project\\venv\\Scripts\\python.exe\nfile C:\\Users\\thump\\web_automation_project\\review_cache_20250323_024056\\tests\\core\\cache\\test_disk_cache.py, line 85\n      def test_concurrent_access(self, concurrent_cache, sample_data):\nE       fixture &amp;#x27;concurrent_cache&amp;#x27; not found\n&amp;gt;       available fixtures: cache, capfd, capfdbinary, caplog, capsys, capsysbinary, cov, doctest_namespace, extra, extras, include_metadata_in_junit_xml, metadata, monkeypatch, no_cover, pytestconfig, record_property, record_testsuite_property, record_xml_attribute, recwarn, testrun_uid, tmp_path, tmp_path_factory, tmpdir, tmpdir_factory, worker_id\n&amp;gt;       use &amp;#x27;pytest --fixtures [testpath]&amp;#x27; for help on them.\n\nC:\\Users\\thump\\web_automation_project\\review_cache_20250323_024056\\tests\\core\\cache\\test_disk_cache.py:85\n&#34;}], &#34;review_cache_20250323_024056/tests/core/cache/test_disk_cache.py::TestDiskCache::test_cache_size_limits&#34;: [{&#34;extras&#34;: [], &#34;result&#34;: &#34;Error&#34;, &#34;testId&#34;: &#34;review_cache_20250323_024056/tests/core/cache/test_disk_cache.py::TestDiskCache::test_cache_size_limits::setup&#34;, &#34;duration&#34;: &#34;0 ms&#34;, &#34;resultsTableRow&#34;: [&#34;&lt;td class=\&#34;col-result\&#34;&gt;Error&lt;/td&gt;&#34;, &#34;&lt;td class=\&#34;col-testId\&#34;&gt;review_cache_20250323_024056/tests/core/cache/test_disk_cache.py::TestDiskCache::test_cache_size_limits::setup&lt;/td&gt;&#34;, &#34;&lt;td class=\&#34;col-duration\&#34;&gt;0 ms&lt;/td&gt;&#34;, &#34;&lt;td class=\&#34;col-links\&#34;&gt;&lt;/td&gt;&#34;], &#34;log&#34;: &#34;[gw0] win32 -- Python 3.12.6 C:\\Users\\thump\\web_automation_project\\venv\\Scripts\\python.exe\nfile C:\\Users\\thump\\web_automation_project\\review_cache_20250323_024056\\tests\\core\\cache\\test_disk_cache.py, line 98\n      def test_cache_size_limits(self, disk_cache, temp_file_generator):\nE       fixture &amp;#x27;disk_cache&amp;#x27; not found\n&amp;gt;       available fixtures: cache, capfd, capfdbinary, caplog, capsys, capsysbinary, cov, doctest_namespace, extra, extras, include_metadata_in_junit_xml, metadata, monkeypatch, no_cover, pytestconfig, record_property, record_testsuite_property, record_xml_attribute, recwarn, testrun_uid, tmp_path, tmp_path_factory, tmpdir, tmpdir_factory, worker_id\n&amp;gt;       use &amp;#x27;pytest --fixtures [testpath]&amp;#x27; for help on them.\n\nC:\\Users\\thump\\web_automation_project\\review_cache_20250323_024056\\tests\\core\\cache\\test_disk_cache.py:98\n&#34;}], &#34;tests/core/errors/test_logger.py::TestErrorLogger::test_init_creates_log_file&#34;: [{&#34;extras&#34;: [], &#34;result&#34;: &#34;Passed&#34;, &#34;testId&#34;: &#34;tests/core/errors/test_logger.py::TestErrorLogger::test_init_creates_log_file&#34;, &#34;duration&#34;: &#34;74 ms&#34;, &#34;resultsTableRow&#34;: [&#34;&lt;td class=\&#34;col-result\&#34;&gt;Passed&lt;/td&gt;&#34;, &#34;&lt;td class=\&#34;col-testId\&#34;&gt;tests/core/errors/test_logger.py::TestErrorLogger::test_init_creates_log_file&lt;/td&gt;&#34;, &#34;&lt;td class=\&#34;col-duration\&#34;&gt;74 ms&lt;/td&gt;&#34;, &#34;&lt;td class=\&#34;col-links\&#34;&gt;&lt;/td&gt;&#34;], &#34;log&#34;: &#34;[gw1] win32 -- Python 3.12.6 C:\\Users\\thump\\web_automation_project\\venv\\Scripts\\python.exe\n&#34;}], &#34;tests/test_recovery_metrics.py::test_record_single_metric&#34;: [{&#34;extras&#34;: [], &#34;result&#34;: &#34;Error&#34;, &#34;testId&#34;: &#34;tests/test_recovery_metrics.py::test_record_single_metric::setup&#34;, &#34;duration&#34;: &#34;13 ms&#34;, &#34;resultsTableRow&#34;: [&#34;&lt;td class=\&#34;col-result\&#34;&gt;Error&lt;/td&gt;&#34;, &#34;&lt;td class=\&#34;col-testId\&#34;&gt;tests/test_recovery_metrics.py::test_record_single_metric::setup&lt;/td&gt;&#34;, &#34;&lt;td class=\&#34;col-duration\&#34;&gt;13 ms&lt;/td&gt;&#34;, &#34;&lt;td class=\&#34;col-links\&#34;&gt;&lt;/td&gt;&#34;], &#34;log&#34;: &#34;[gw7] win32 -- Python 3.12.6 C:\\Users\\thump\\web_automation_project\\venv\\Scripts\\python.exe\n\n    @pytest.fixture\n    def collector():\n&amp;gt;       return MetricsCollector()\n\ntests\\test_recovery_metrics.py:8: \n_ _ _ _ _ _ _ _ _ _ _ _ _ _ _ _ _ _ _ _ _ _ _ _ _ _ _ _ _ _ _ _ _ _ _ _ _ _ _ _ _ _ _ _ _ _ _ _ _ _ _ _ _ _ _ _ _ _\n\nself = &amp;lt;core.errors.recovery_metrics.MetricsCollector object at 0x0000027D1244C860&amp;gt;\n\n    def __init__(self):\n        &amp;quot;&amp;quot;&amp;quot;Initialize metrics storage&amp;quot;&amp;quot;&amp;quot;\n        self._metrics: Dict[str, List[RecoveryMetric]] = defaultdict(list)\n&amp;gt;       self._lock = threading.Lock()\nE       NameError: name &amp;#x27;threading&amp;#x27; is not defined. Did you forget to import &amp;#x27;threading&amp;#x27;\n\ncore\\errors\\recovery_metrics.py:41: NameError\n&#34;}], &#34;review_cache_20250323_024056/tests/core/cache/test_disk_cache.py::TestDiskCache::test_metrics_collection&#34;: [{&#34;extras&#34;: [], &#34;result&#34;: &#34;Error&#34;, &#34;testId&#34;: &#34;review_cache_20250323_024056/tests/core/cache/test_disk_cache.py::TestDiskCache::test_metrics_collection::setup&#34;, &#34;duration&#34;: &#34;1 ms&#34;, &#34;resultsTableRow&#34;: [&#34;&lt;td class=\&#34;col-result\&#34;&gt;Error&lt;/td&gt;&#34;, &#34;&lt;td class=\&#34;col-testId\&#34;&gt;review_cache_20250323_024056/tests/core/cache/test_disk_cache.py::TestDiskCache::test_metrics_collection::setup&lt;/td&gt;&#34;, &#34;&lt;td class=\&#34;col-duration\&#34;&gt;1 ms&lt;/td&gt;&#34;, &#34;&lt;td class=\&#34;col-links\&#34;&gt;&lt;/td&gt;&#34;], &#34;log&#34;: &#34;[gw0] win32 -- Python 3.12.6 C:\\Users\\thump\\web_automation_project\\venv\\Scripts\\python.exe\nfile C:\\Users\\thump\\web_automation_project\\review_cache_20250323_024056\\tests\\core\\cache\\test_disk_cache.py, line 115\n      def test_metrics_collection(self, disk_cache, cache_metrics, sample_data):\nE       fixture &amp;#x27;disk_cache&amp;#x27; not found\n&amp;gt;       available fixtures: cache, capfd, capfdbinary, caplog, capsys, capsysbinary, cov, doctest_namespace, extra, extras, include_metadata_in_junit_xml, metadata, monkeypatch, no_cover, pytestconfig, record_property, record_testsuite_property, record_xml_attribute, recwarn, testrun_uid, tmp_path, tmp_path_factory, tmpdir, tmpdir_factory, worker_id\n&amp;gt;       use &amp;#x27;pytest --fixtures [testpath]&amp;#x27; for help on them.\n\nC:\\Users\\thump\\web_automation_project\\review_cache_20250323_024056\\tests\\core\\cache\\test_disk_cache.py:115\n&#34;}], &#34;tests/test_navigation_sequence.py::TestNavigationSequence::test_sequence_metadata_validation&#34;: [{&#34;extras&#34;: [], &#34;result&#34;: &#34;Failed&#34;, &#34;testId&#34;: &#34;tests/test_navigation_sequence.py::TestNavigationSequence::test_sequence_metadata_validation&#34;, &#34;duration&#34;: &#34;2 ms&#34;, &#34;resultsTableRow&#34;: [&#34;&lt;td class=\&#34;col-result\&#34;&gt;Failed&lt;/td&gt;&#34;, &#34;&lt;td class=\&#34;col-testId\&#34;&gt;tests/test_navigation_sequence.py::TestNavigationSequence::test_sequence_metadata_validation&lt;/td&gt;&#34;, &#34;&lt;td class=\&#34;col-duration\&#34;&gt;2 ms&lt;/td&gt;&#34;, &#34;&lt;td class=\&#34;col-links\&#34;&gt;&lt;/td&gt;&#34;], &#34;log&#34;: &#34;[gw3] win32 -- Python 3.12.6 C:\\Users\\thump\\web_automation_project\\venv\\Scripts\\python.exe\n\nself = &amp;lt;tests.test_navigation_sequence.TestNavigationSequence object at 0x000001F154692DE0&amp;gt;\nvalid_steps = [{&amp;#x27;description&amp;#x27;: &amp;#x27;Click first button&amp;#x27;, &amp;#x27;id&amp;#x27;: &amp;#x27;step1&amp;#x27;, &amp;#x27;selector&amp;#x27;: &amp;#x27;#button1&amp;#x27;, &amp;#x27;type&amp;#x27;: &amp;#x27;click&amp;#x27;}, {&amp;#x27;description&amp;#x27;: &amp;#x27;Enter test input&amp;#x27;, &amp;#x27;id&amp;#x27;: &amp;#x27;step2&amp;#x27;, &amp;#x27;selector&amp;#x27;: &amp;#x27;#input1&amp;#x27;, &amp;#x27;type&amp;#x27;: &amp;#x27;type&amp;#x27;, ...}]\n\n    def test_sequence_metadata_validation(self, valid_steps):\n        &amp;quot;&amp;quot;&amp;quot;Should validate metadata requirements&amp;quot;&amp;quot;&amp;quot;\n        # Arrange\n&amp;gt;       invalid_metadata = SequenceMetadata(\n            name=&amp;quot;&amp;quot;,  # Empty name should be invalid\n            description=&amp;quot;Test sequence&amp;quot;,\n            created_at=datetime.now(),\n            modified_at=datetime.now(),\n            version=&amp;quot;1.0.0&amp;quot;,\n            tags=[]\n        )\n\ntests\\test_navigation_sequence.py:109: \n_ _ _ _ _ _ _ _ _ _ _ _ _ _ _ _ _ _ _ _ _ _ _ _ _ _ _ _ _ _ _ _ _ _ _ _ _ _ _ _ _ _ _ _ _ _ _ _ _ _ _ _ _ _ _ _ _ _\n&amp;lt;string&amp;gt;:9: in __init__\n    ???\n_ _ _ _ _ _ _ _ _ _ _ _ _ _ _ _ _ _ _ _ _ _ _ _ _ _ _ _ _ _ _ _ _ _ _ _ _ _ _ _ _ _ _ _ _ _ _ _ _ _ _ _ _ _ _ _ _ _\n\nself = SequenceMetadata(name=&amp;#x27;&amp;#x27;, description=&amp;#x27;Test sequence&amp;#x27;, created_at=datetime.datetime(2025, 3, 23, 14, 42, 55, 116409), modified_at=datetime.datetime(2025, 3, 23, 14, 42, 55, 116409), version=&amp;#x27;1.0.0&amp;#x27;, tags=[])\n\n    def __post_init__(self):\n        &amp;quot;&amp;quot;&amp;quot;Validate metadata after initialization&amp;quot;&amp;quot;&amp;quot;\n        if not self.name:\n&amp;gt;           raise SequenceValidationError(&amp;quot;Name cannot be empty&amp;quot;)\nE           ui.components.navigation.navigation_sequence.SequenceValidationError: Name cannot be empty\n\nui\\components\\navigation\\navigation_sequence.py:33: SequenceValidationError\n&#34;}], &#34;tests/test_navigation_sequence.py::TestNavigationSequence::test_sequence_execution_status&#34;: [{&#34;extras&#34;: [], &#34;result&#34;: &#34;Passed&#34;, &#34;testId&#34;: &#34;tests/test_navigation_sequence.py::TestNavigationSequence::test_sequence_execution_status&#34;, &#34;duration&#34;: &#34;10 ms&#34;, &#34;resultsTableRow&#34;: [&#34;&lt;td class=\&#34;col-result\&#34;&gt;Passed&lt;/td&gt;&#34;, &#34;&lt;td class=\&#34;col-testId\&#34;&gt;tests/test_navigation_sequence.py::TestNavigationSequence::test_sequence_execution_status&lt;/td&gt;&#34;, &#34;&lt;td class=\&#34;col-duration\&#34;&gt;10 ms&lt;/td&gt;&#34;, &#34;&lt;td class=\&#34;col-links\&#34;&gt;&lt;/td&gt;&#34;], &#34;log&#34;: &#34;[gw3] win32 -- Python 3.12.6 C:\\Users\\thump\\web_automation_project\\venv\\Scripts\\python.exe\n&#34;}], &#34;review_cache_20250323_024056/tests/core/cache/test_disk_cache.py::TestDiskCache::test_data_type_handling[test_data0]&#34;: [{&#34;extras&#34;: [], &#34;result&#34;: &#34;Error&#34;, &#34;testId&#34;: &#34;review_cache_20250323_024056/tests/core/cache/test_disk_cache.py::TestDiskCache::test_data_type_handling[test_data0]::setup&#34;, &#34;duration&#34;: &#34;1 ms&#34;, &#34;resultsTableRow&#34;: [&#34;&lt;td class=\&#34;col-result\&#34;&gt;Error&lt;/td&gt;&#34;, &#34;&lt;td class=\&#34;col-testId\&#34;&gt;review_cache_20250323_024056/tests/core/cache/test_disk_cache.py::TestDiskCache::test_data_type_handling[test_data0]::setup&lt;/td&gt;&#34;, &#34;&lt;td class=\&#34;col-duration\&#34;&gt;1 ms&lt;/td&gt;&#34;, &#34;&lt;td class=\&#34;col-links\&#34;&gt;&lt;/td&gt;&#34;], &#34;log&#34;: &#34;[gw0] win32 -- Python 3.12.6 C:\\Users\\thump\\web_automation_project\\venv\\Scripts\\python.exe\nfile C:\\Users\\thump\\web_automation_project\\review_cache_20250323_024056\\tests\\core\\cache\\test_disk_cache.py, line 133\n      @pytest.mark.parametrize(&amp;quot;test_data&amp;quot;, [\n          {&amp;quot;string&amp;quot;: &amp;quot;test&amp;quot;},\n          [1, 2, 3],\n          42,\n          3.14,\n          True,\n          None\n      ])\n      def test_data_type_handling(self, disk_cache, test_data):\nE       fixture &amp;#x27;disk_cache&amp;#x27; not found\n&amp;gt;       available fixtures: cache, capfd, capfdbinary, caplog, capsys, capsysbinary, cov, doctest_namespace, extra, extras, include_metadata_in_junit_xml, metadata, monkeypatch, no_cover, pytestconfig, record_property, record_testsuite_property, record_xml_attribute, recwarn, testrun_uid, tmp_path, tmp_path_factory, tmpdir, tmpdir_factory, worker_id\n&amp;gt;       use &amp;#x27;pytest --fixtures [testpath]&amp;#x27; for help on them.\n\nC:\\Users\\thump\\web_automation_project\\review_cache_20250323_024056\\tests\\core\\cache\\test_disk_cache.py:133\n&#34;}], &#34;review_cache_20250323_024056/tests/core/cache/test_cache_eviction.py::TestCacheEviction::test_eviction_callbacks&#34;: [{&#34;extras&#34;: [], &#34;result&#34;: &#34;Error&#34;, &#34;testId&#34;: &#34;review_cache_20250323_024056/tests/core/cache/test_cache_eviction.py::TestCacheEviction::test_eviction_callbacks::setup&#34;, &#34;duration&#34;: &#34;0 ms&#34;, &#34;resultsTableRow&#34;: [&#34;&lt;td class=\&#34;col-result\&#34;&gt;Error&lt;/td&gt;&#34;, &#34;&lt;td class=\&#34;col-testId\&#34;&gt;review_cache_20250323_024056/tests/core/cache/test_cache_eviction.py::TestCacheEviction::test_eviction_callbacks::setup&lt;/td&gt;&#34;, &#34;&lt;td class=\&#34;col-duration\&#34;&gt;0 ms&lt;/td&gt;&#34;, &#34;&lt;td class=\&#34;col-links\&#34;&gt;&lt;/td&gt;&#34;], &#34;log&#34;: &#34;[gw2] win32 -- Python 3.12.6 C:\\Users\\thump\\web_automation_project\\venv\\Scripts\\python.exe\nfile C:\\Users\\thump\\web_automation_project\\review_cache_20250323_024056\\tests\\core\\cache\\test_cache_eviction.py, line 95\n      def test_eviction_callbacks(self, disk_cache):\nE       fixture &amp;#x27;disk_cache&amp;#x27; not found\n&amp;gt;       available fixtures: cache, capfd, capfdbinary, caplog, capsys, capsysbinary, cov, doctest_namespace, extra, extras, include_metadata_in_junit_xml, metadata, monkeypatch, no_cover, pytestconfig, record_property, record_testsuite_property, record_xml_attribute, recwarn, testrun_uid, tmp_path, tmp_path_factory, tmpdir, tmpdir_factory, worker_id\n&amp;gt;       use &amp;#x27;pytest --fixtures [testpath]&amp;#x27; for help on them.\n\nC:\\Users\\thump\\web_automation_project\\review_cache_20250323_024056\\tests\\core\\cache\\test_cache_eviction.py:95\n&#34;}], &#34;tests/test_navigation_sequence.py::TestNavigationSequence::test_sequence_step_validation&#34;: [{&#34;extras&#34;: [], &#34;result&#34;: &#34;Passed&#34;, &#34;testId&#34;: &#34;tests/test_navigation_sequence.py::TestNavigationSequence::test_sequence_step_validation&#34;, &#34;duration&#34;: &#34;2 ms&#34;, &#34;resultsTableRow&#34;: [&#34;&lt;td class=\&#34;col-result\&#34;&gt;Passed&lt;/td&gt;&#34;, &#34;&lt;td class=\&#34;col-testId\&#34;&gt;tests/test_navigation_sequence.py::TestNavigationSequence::test_sequence_step_validation&lt;/td&gt;&#34;, &#34;&lt;td class=\&#34;col-duration\&#34;&gt;2 ms&lt;/td&gt;&#34;, &#34;&lt;td class=\&#34;col-links\&#34;&gt;&lt;/td&gt;&#34;], &#34;log&#34;: &#34;[gw3] win32 -- Python 3.12.6 C:\\Users\\thump\\web_automation_project\\venv\\Scripts\\python.exe\n&#34;}], &#34;tests/core/di/test_lifecycle.py::TestLifecycleManager::test_service_registration&#34;: [{&#34;extras&#34;: [], &#34;result&#34;: &#34;Passed&#34;, &#34;testId&#34;: &#34;tests/core/di/test_lifecycle.py::TestLifecycleManager::test_service_registration&#34;, &#34;duration&#34;: &#34;7 ms&#34;, &#34;resultsTableRow&#34;: [&#34;&lt;td class=\&#34;col-result\&#34;&gt;Passed&lt;/td&gt;&#34;, &#34;&lt;td class=\&#34;col-testId\&#34;&gt;tests/core/di/test_lifecycle.py::TestLifecycleManager::test_service_registration&lt;/td&gt;&#34;, &#34;&lt;td class=\&#34;col-duration\&#34;&gt;7 ms&lt;/td&gt;&#34;, &#34;&lt;td class=\&#34;col-links\&#34;&gt;&lt;/td&gt;&#34;], &#34;log&#34;: &#34;[gw6] win32 -- Python 3.12.6 C:\\Users\\thump\\web_automation_project\\venv\\Scripts\\python.exe\n&#34;}], &#34;review_cache_20250323_024056/tests/core/cache/test_disk_cache.py::TestDiskCache::test_data_type_handling[test_data1]&#34;: [{&#34;extras&#34;: [], &#34;result&#34;: &#34;Error&#34;, &#34;testId&#34;: &#34;review_cache_20250323_024056/tests/core/cache/test_disk_cache.py::TestDiskCache::test_data_type_handling[test_data1]::setup&#34;, &#34;duration&#34;: &#34;0 ms&#34;, &#34;resultsTableRow&#34;: [&#34;&lt;td class=\&#34;col-result\&#34;&gt;Error&lt;/td&gt;&#34;, &#34;&lt;td class=\&#34;col-testId\&#34;&gt;review_cache_20250323_024056/tests/core/cache/test_disk_cache.py::TestDiskCache::test_data_type_handling[test_data1]::setup&lt;/td&gt;&#34;, &#34;&lt;td class=\&#34;col-duration\&#34;&gt;0 ms&lt;/td&gt;&#34;, &#34;&lt;td class=\&#34;col-links\&#34;&gt;&lt;/td&gt;&#34;], &#34;log&#34;: &#34;[gw0] win32 -- Python 3.12.6 C:\\Users\\thump\\web_automation_project\\venv\\Scripts\\python.exe\nfile C:\\Users\\thump\\web_automation_project\\review_cache_20250323_024056\\tests\\core\\cache\\test_disk_cache.py, line 133\n      @pytest.mark.parametrize(&amp;quot;test_data&amp;quot;, [\n          {&amp;quot;string&amp;quot;: &amp;quot;test&amp;quot;},\n          [1, 2, 3],\n          42,\n          3.14,\n          True,\n          None\n      ])\n      def test_data_type_handling(self, disk_cache, test_data):\nE       fixture &amp;#x27;disk_cache&amp;#x27; not found\n&amp;gt;       available fixtures: cache, capfd, capfdbinary, caplog, capsys, capsysbinary, cov, doctest_namespace, extra, extras, include_metadata_in_junit_xml, metadata, monkeypatch, no_cover, pytestconfig, record_property, record_testsuite_property, record_xml_attribute, recwarn, testrun_uid, tmp_path, tmp_path_factory, tmpdir, tmpdir_factory, worker_id\n&amp;gt;       use &amp;#x27;pytest --fixtures [testpath]&amp;#x27; for help on them.\n\nC:\\Users\\thump\\web_automation_project\\review_cache_20250323_024056\\tests\\core\\cache\\test_disk_cache.py:133\n&#34;}], &#34;tests/core/errors/test_logger.py::TestErrorLogger::test_log_error[ErrorSeverity.LOW-Minor issue-context0]&#34;: [{&#34;extras&#34;: [], &#34;result&#34;: &#34;Passed&#34;, &#34;testId&#34;: &#34;tests/core/errors/test_logger.py::TestErrorLogger::test_log_error[ErrorSeverity.LOW-Minor issue-context0]&#34;, &#34;duration&#34;: &#34;34 ms&#34;, &#34;resultsTableRow&#34;: [&#34;&lt;td class=\&#34;col-result\&#34;&gt;Passed&lt;/td&gt;&#34;, &#34;&lt;td class=\&#34;col-testId\&#34;&gt;tests/core/errors/test_logger.py::TestErrorLogger::test_log_error[ErrorSeverity.LOW-Minor issue-context0]&lt;/td&gt;&#34;, &#34;&lt;td class=\&#34;col-duration\&#34;&gt;34 ms&lt;/td&gt;&#34;, &#34;&lt;td class=\&#34;col-links\&#34;&gt;&lt;/td&gt;&#34;], &#34;log&#34;: &#34;[gw1] win32 -- Python 3.12.6 C:\\Users\\thump\\web_automation_project\\venv\\Scripts\\python.exe\n\n------------------------------ Captured log call -------------------------------\nINFO     core.errors.logger:logger.py:123 [2025-03-23T14:42:55.199039] LOW: Minor issue {&amp;quot;url&amp;quot;: &amp;quot;test.com&amp;quot;}\n\n&#34;}], &#34;tests/core/di/test_lifecycle.py::TestLifecycleManager::test_shutdown&#34;: [{&#34;extras&#34;: [], &#34;result&#34;: &#34;Skipped&#34;, &#34;testId&#34;: &#34;tests/core/di/test_lifecycle.py::TestLifecycleManager::test_shutdown&#34;, &#34;duration&#34;: &#34;4 ms&#34;, &#34;resultsTableRow&#34;: [&#34;&lt;td class=\&#34;col-result\&#34;&gt;Skipped&lt;/td&gt;&#34;, &#34;&lt;td class=\&#34;col-testId\&#34;&gt;tests/core/di/test_lifecycle.py::TestLifecycleManager::test_shutdown&lt;/td&gt;&#34;, &#34;&lt;td class=\&#34;col-duration\&#34;&gt;4 ms&lt;/td&gt;&#34;, &#34;&lt;td class=\&#34;col-links\&#34;&gt;&lt;/td&gt;&#34;], &#34;log&#34;: &#34;[gw6] win32 -- Python 3.12.6 C:\\Users\\thump\\web_automation_project\\venv\\Scripts\\python.exe\n(&amp;#x27;C:\\\\Users\\\\thump\\\\web_automation_project\\\\venv\\\\Lib\\\\site-packages\\\\_pytest\\\\python.py&amp;#x27;, 149, &amp;#x27;Skipped: async def function and no async plugin installed (see warnings)&amp;#x27;)\n&#34;}], &#34;review_cache_20250323_024056/tests/core/cache/test_disk_cache.py::TestDiskCache::test_data_type_handling[42]&#34;: [{&#34;extras&#34;: [], &#34;result&#34;: &#34;Error&#34;, &#34;testId&#34;: &#34;review_cache_20250323_024056/tests/core/cache/test_disk_cache.py::TestDiskCache::test_data_type_handling[42]::setup&#34;, &#34;duration&#34;: &#34;2 ms&#34;, &#34;resultsTableRow&#34;: [&#34;&lt;td class=\&#34;col-result\&#34;&gt;Error&lt;/td&gt;&#34;, &#34;&lt;td class=\&#34;col-testId\&#34;&gt;review_cache_20250323_024056/tests/core/cache/test_disk_cache.py::TestDiskCache::test_data_type_handling[42]::setup&lt;/td&gt;&#34;, &#34;&lt;td class=\&#34;col-duration\&#34;&gt;2 ms&lt;/td&gt;&#34;, &#34;&lt;td class=\&#34;col-links\&#34;&gt;&lt;/td&gt;&#34;], &#34;log&#34;: &#34;[gw0] win32 -- Python 3.12.6 C:\\Users\\thump\\web_automation_project\\venv\\Scripts\\python.exe\nfile C:\\Users\\thump\\web_automation_project\\review_cache_20250323_024056\\tests\\core\\cache\\test_disk_cache.py, line 133\n      @pytest.mark.parametrize(&amp;quot;test_data&amp;quot;, [\n          {&amp;quot;string&amp;quot;: &amp;quot;test&amp;quot;},\n          [1, 2, 3],\n          42,\n          3.14,\n          True,\n          None\n      ])\n      def test_data_type_handling(self, disk_cache, test_data):\nE       fixture &amp;#x27;disk_cache&amp;#x27; not found\n&amp;gt;       available fixtures: cache, capfd, capfdbinary, caplog, capsys, capsysbinary, cov, doctest_namespace, extra, extras, include_metadata_in_junit_xml, metadata, monkeypatch, no_cover, pytestconfig, record_property, record_testsuite_property, record_xml_attribute, recwarn, testrun_uid, tmp_path, tmp_path_factory, tmpdir, tmpdir_factory, worker_id\n&amp;gt;       use &amp;#x27;pytest --fixtures [testpath]&amp;#x27; for help on them.\n\nC:\\Users\\thump\\web_automation_project\\review_cache_20250323_024056\\tests\\core\\cache\\test_disk_cache.py:133\n&#34;}], &#34;review_cache_20250323_024056/tests/core/cache/test_cache_eviction.py::TestCacheEviction::test_partial_eviction&#34;: [{&#34;extras&#34;: [], &#34;result&#34;: &#34;Error&#34;, &#34;testId&#34;: &#34;review_cache_20250323_024056/tests/core/cache/test_cache_eviction.py::TestCacheEviction::test_partial_eviction::setup&#34;, &#34;duration&#34;: &#34;0 ms&#34;, &#34;resultsTableRow&#34;: [&#34;&lt;td class=\&#34;col-result\&#34;&gt;Error&lt;/td&gt;&#34;, &#34;&lt;td class=\&#34;col-testId\&#34;&gt;review_cache_20250323_024056/tests/core/cache/test_cache_eviction.py::TestCacheEviction::test_partial_eviction::setup&lt;/td&gt;&#34;, &#34;&lt;td class=\&#34;col-duration\&#34;&gt;0 ms&lt;/td&gt;&#34;, &#34;&lt;td class=\&#34;col-links\&#34;&gt;&lt;/td&gt;&#34;], &#34;log&#34;: &#34;[gw2] win32 -- Python 3.12.6 C:\\Users\\thump\\web_automation_project\\venv\\Scripts\\python.exe\nfile C:\\Users\\thump\\web_automation_project\\review_cache_20250323_024056\\tests\\core\\cache\\test_cache_eviction.py, line 114\n      def test_partial_eviction(self, disk_cache):\nE       fixture &amp;#x27;disk_cache&amp;#x27; not found\n&amp;gt;       available fixtures: cache, capfd, capfdbinary, caplog, capsys, capsysbinary, cov, doctest_namespace, extra, extras, include_metadata_in_junit_xml, metadata, monkeypatch, no_cover, pytestconfig, record_property, record_testsuite_property, record_xml_attribute, recwarn, testrun_uid, tmp_path, tmp_path_factory, tmpdir, tmpdir_factory, worker_id\n&amp;gt;       use &amp;#x27;pytest --fixtures [testpath]&amp;#x27; for help on them.\n\nC:\\Users\\thump\\web_automation_project\\review_cache_20250323_024056\\tests\\core\\cache\\test_cache_eviction.py:114\n&#34;}], &#34;review_cache_20250323_024056/tests/core/cache/test_disk_cache.py::TestDiskCache::test_data_type_handling[3.14]&#34;: [{&#34;extras&#34;: [], &#34;result&#34;: &#34;Error&#34;, &#34;testId&#34;: &#34;review_cache_20250323_024056/tests/core/cache/test_disk_cache.py::TestDiskCache::test_data_type_handling[3.14]::setup&#34;, &#34;duration&#34;: &#34;0 ms&#34;, &#34;resultsTableRow&#34;: [&#34;&lt;td class=\&#34;col-result\&#34;&gt;Error&lt;/td&gt;&#34;, &#34;&lt;td class=\&#34;col-testId\&#34;&gt;review_cache_20250323_024056/tests/core/cache/test_disk_cache.py::TestDiskCache::test_data_type_handling[3.14]::setup&lt;/td&gt;&#34;, &#34;&lt;td class=\&#34;col-duration\&#34;&gt;0 ms&lt;/td&gt;&#34;, &#34;&lt;td class=\&#34;col-links\&#34;&gt;&lt;/td&gt;&#34;], &#34;log&#34;: &#34;[gw0] win32 -- Python 3.12.6 C:\\Users\\thump\\web_automation_project\\venv\\Scripts\\python.exe\nfile C:\\Users\\thump\\web_automation_project\\review_cache_20250323_024056\\tests\\core\\cache\\test_disk_cache.py, line 133\n      @pytest.mark.parametrize(&amp;quot;test_data&amp;quot;, [\n          {&amp;quot;string&amp;quot;: &amp;quot;test&amp;quot;},\n          [1, 2, 3],\n          42,\n          3.14,\n          True,\n          None\n      ])\n      def test_data_type_handling(self, disk_cache, test_data):\nE       fixture &amp;#x27;disk_cache&amp;#x27; not found\n&amp;gt;       available fixtures: cache, capfd, capfdbinary, caplog, capsys, capsysbinary, cov, doctest_namespace, extra, extras, include_metadata_in_junit_xml, metadata, monkeypatch, no_cover, pytestconfig, record_property, record_testsuite_property, record_xml_attribute, recwarn, testrun_uid, tmp_path, tmp_path_factory, tmpdir, tmpdir_factory, worker_id\n&amp;gt;       use &amp;#x27;pytest --fixtures [testpath]&amp;#x27; for help on them.\n\nC:\\Users\\thump\\web_automation_project\\review_cache_20250323_024056\\tests\\core\\cache\\test_disk_cache.py:133\n&#34;}], &#34;review_cache_20250323_024056/tests/core/cache/test_disk_cache.py::TestDiskCache::test_data_type_handling[True]&#34;: [{&#34;extras&#34;: [], &#34;result&#34;: &#34;Error&#34;, &#34;testId&#34;: &#34;review_cache_20250323_024056/tests/core/cache/test_disk_cache.py::TestDiskCache::test_data_type_handling[True]::setup&#34;, &#34;duration&#34;: &#34;1 ms&#34;, &#34;resultsTableRow&#34;: [&#34;&lt;td class=\&#34;col-result\&#34;&gt;Error&lt;/td&gt;&#34;, &#34;&lt;td class=\&#34;col-testId\&#34;&gt;review_cache_20250323_024056/tests/core/cache/test_disk_cache.py::TestDiskCache::test_data_type_handling[True]::setup&lt;/td&gt;&#34;, &#34;&lt;td class=\&#34;col-duration\&#34;&gt;1 ms&lt;/td&gt;&#34;, &#34;&lt;td class=\&#34;col-links\&#34;&gt;&lt;/td&gt;&#34;], &#34;log&#34;: &#34;[gw0] win32 -- Python 3.12.6 C:\\Users\\thump\\web_automation_project\\venv\\Scripts\\python.exe\nfile C:\\Users\\thump\\web_automation_project\\review_cache_20250323_024056\\tests\\core\\cache\\test_disk_cache.py, line 133\n      @pytest.mark.parametrize(&amp;quot;test_data&amp;quot;, [\n          {&amp;quot;string&amp;quot;: &amp;quot;test&amp;quot;},\n          [1, 2, 3],\n          42,\n          3.14,\n          True,\n          None\n      ])\n      def test_data_type_handling(self, disk_cache, test_data):\nE       fixture &amp;#x27;disk_cache&amp;#x27; not found\n&amp;gt;       available fixtures: cache, capfd, capfdbinary, caplog, capsys, capsysbinary, cov, doctest_namespace, extra, extras, include_metadata_in_junit_xml, metadata, monkeypatch, no_cover, pytestconfig, record_property, record_testsuite_property, record_xml_attribute, recwarn, testrun_uid, tmp_path, tmp_path_factory, tmpdir, tmpdir_factory, worker_id\n&amp;gt;       use &amp;#x27;pytest --fixtures [testpath]&amp;#x27; for help on them.\n\nC:\\Users\\thump\\web_automation_project\\review_cache_20250323_024056\\tests\\core\\cache\\test_disk_cache.py:133\n&#34;}], &#34;tests/test_recovery_metrics.py::test_metrics_summary&#34;: [{&#34;extras&#34;: [], &#34;result&#34;: &#34;Error&#34;, &#34;testId&#34;: &#34;tests/test_recovery_metrics.py::test_metrics_summary::setup&#34;, &#34;duration&#34;: &#34;1 ms&#34;, &#34;resultsTableRow&#34;: [&#34;&lt;td class=\&#34;col-result\&#34;&gt;Error&lt;/td&gt;&#34;, &#34;&lt;td class=\&#34;col-testId\&#34;&gt;tests/test_recovery_metrics.py::test_metrics_summary::setup&lt;/td&gt;&#34;, &#34;&lt;td class=\&#34;col-duration\&#34;&gt;1 ms&lt;/td&gt;&#34;, &#34;&lt;td class=\&#34;col-links\&#34;&gt;&lt;/td&gt;&#34;], &#34;log&#34;: &#34;[gw7] win32 -- Python 3.12.6 C:\\Users\\thump\\web_automation_project\\venv\\Scripts\\python.exe\n\n    @pytest.fixture\n    def collector():\n&amp;gt;       return MetricsCollector()\n\ntests\\test_recovery_metrics.py:8: \n_ _ _ _ _ _ _ _ _ _ _ _ _ _ _ _ _ _ _ _ _ _ _ _ _ _ _ _ _ _ _ _ _ _ _ _ _ _ _ _ _ _ _ _ _ _ _ _ _ _ _ _ _ _ _ _ _ _\n\nself = &amp;lt;core.errors.recovery_metrics.MetricsCollector object at 0x0000027D11E63470&amp;gt;\n\n    def __init__(self):\n        &amp;quot;&amp;quot;&amp;quot;Initialize metrics storage&amp;quot;&amp;quot;&amp;quot;\n        self._metrics: Dict[str, List[RecoveryMetric]] = defaultdict(list)\n&amp;gt;       self._lock = threading.Lock()\nE       NameError: name &amp;#x27;threading&amp;#x27; is not defined. Did you forget to import &amp;#x27;threading&amp;#x27;\n\ncore\\errors\\recovery_metrics.py:41: NameError\n&#34;}], &#34;review_cache_20250323_024056/tests/core/cache/test_cache_eviction.py::TestCacheEviction::test_eviction_under_load&#34;: [{&#34;extras&#34;: [], &#34;result&#34;: &#34;Error&#34;, &#34;testId&#34;: &#34;review_cache_20250323_024056/tests/core/cache/test_cache_eviction.py::TestCacheEviction::test_eviction_under_load::setup&#34;, &#34;duration&#34;: &#34;1 ms&#34;, &#34;resultsTableRow&#34;: [&#34;&lt;td class=\&#34;col-result\&#34;&gt;Error&lt;/td&gt;&#34;, &#34;&lt;td class=\&#34;col-testId\&#34;&gt;review_cache_20250323_024056/tests/core/cache/test_cache_eviction.py::TestCacheEviction::test_eviction_under_load::setup&lt;/td&gt;&#34;, &#34;&lt;td class=\&#34;col-duration\&#34;&gt;1 ms&lt;/td&gt;&#34;, &#34;&lt;td class=\&#34;col-links\&#34;&gt;&lt;/td&gt;&#34;], &#34;log&#34;: &#34;[gw2] win32 -- Python 3.12.6 C:\\Users\\thump\\web_automation_project\\venv\\Scripts\\python.exe\nfile C:\\Users\\thump\\web_automation_project\\review_cache_20250323_024056\\tests\\core\\cache\\test_cache_eviction.py, line 134\n      def test_eviction_under_load(self, disk_cache):\nE       fixture &amp;#x27;disk_cache&amp;#x27; not found\n&amp;gt;       available fixtures: cache, capfd, capfdbinary, caplog, capsys, capsysbinary, cov, doctest_namespace, extra, extras, include_metadata_in_junit_xml, metadata, monkeypatch, no_cover, pytestconfig, record_property, record_testsuite_property, record_xml_attribute, recwarn, testrun_uid, tmp_path, tmp_path_factory, tmpdir, tmpdir_factory, worker_id\n&amp;gt;       use &amp;#x27;pytest --fixtures [testpath]&amp;#x27; for help on them.\n\nC:\\Users\\thump\\web_automation_project\\review_cache_20250323_024056\\tests\\core\\cache\\test_cache_eviction.py:134\n&#34;}], &#34;review_cache_20250323_024056/tests/core/cache/test_disk_cache.py::TestDiskCache::test_data_type_handling[None]&#34;: [{&#34;extras&#34;: [], &#34;result&#34;: &#34;Error&#34;, &#34;testId&#34;: &#34;review_cache_20250323_024056/tests/core/cache/test_disk_cache.py::TestDiskCache::test_data_type_handling[None]::setup&#34;, &#34;duration&#34;: &#34;1 ms&#34;, &#34;resultsTableRow&#34;: [&#34;&lt;td class=\&#34;col-result\&#34;&gt;Error&lt;/td&gt;&#34;, &#34;&lt;td class=\&#34;col-testId\&#34;&gt;review_cache_20250323_024056/tests/core/cache/test_disk_cache.py::TestDiskCache::test_data_type_handling[None]::setup&lt;/td&gt;&#34;, &#34;&lt;td class=\&#34;col-duration\&#34;&gt;1 ms&lt;/td&gt;&#34;, &#34;&lt;td class=\&#34;col-links\&#34;&gt;&lt;/td&gt;&#34;], &#34;log&#34;: &#34;[gw0] win32 -- Python 3.12.6 C:\\Users\\thump\\web_automation_project\\venv\\Scripts\\python.exe\nfile C:\\Users\\thump\\web_automation_project\\review_cache_20250323_024056\\tests\\core\\cache\\test_disk_cache.py, line 133\n      @pytest.mark.parametrize(&amp;quot;test_data&amp;quot;, [\n          {&amp;quot;string&amp;quot;: &amp;quot;test&amp;quot;},\n          [1, 2, 3],\n          42,\n          3.14,\n          True,\n          None\n      ])\n      def test_data_type_handling(self, disk_cache, test_data):\nE       fixture &amp;#x27;disk_cache&amp;#x27; not found\n&amp;gt;       available fixtures: cache, capfd, capfdbinary, caplog, capsys, capsysbinary, cov, doctest_namespace, extra, extras, include_metadata_in_junit_xml, metadata, monkeypatch, no_cover, pytestconfig, record_property, record_testsuite_property, record_xml_attribute, recwarn, testrun_uid, tmp_path, tmp_path_factory, tmpdir, tmpdir_factory, worker_id\n&amp;gt;       use &amp;#x27;pytest --fixtures [testpath]&amp;#x27; for help on them.\n\nC:\\Users\\thump\\web_automation_project\\review_cache_20250323_024056\\tests\\core\\cache\\test_disk_cache.py:133\n&#34;}], &#34;review_cache_20250323_024056/tests/core/cache/test_cache_eviction.py::TestCacheEviction::test_metadata_preservation&#34;: [{&#34;extras&#34;: [], &#34;result&#34;: &#34;Error&#34;, &#34;testId&#34;: &#34;review_cache_20250323_024056/tests/core/cache/test_cache_eviction.py::TestCacheEviction::test_metadata_preservation::setup&#34;, &#34;duration&#34;: &#34;1 ms&#34;, &#34;resultsTableRow&#34;: [&#34;&lt;td class=\&#34;col-result\&#34;&gt;Error&lt;/td&gt;&#34;, &#34;&lt;td class=\&#34;col-testId\&#34;&gt;review_cache_20250323_024056/tests/core/cache/test_cache_eviction.py::TestCacheEviction::test_metadata_preservation::setup&lt;/td&gt;&#34;, &#34;&lt;td class=\&#34;col-duration\&#34;&gt;1 ms&lt;/td&gt;&#34;, &#34;&lt;td class=\&#34;col-links\&#34;&gt;&lt;/td&gt;&#34;], &#34;log&#34;: &#34;[gw2] win32 -- Python 3.12.6 C:\\Users\\thump\\web_automation_project\\venv\\Scripts\\python.exe\nfile C:\\Users\\thump\\web_automation_project\\review_cache_20250323_024056\\tests\\core\\cache\\test_cache_eviction.py, line 171\n      def test_metadata_preservation(self, disk_cache):\nE       fixture &amp;#x27;disk_cache&amp;#x27; not found\n&amp;gt;       available fixtures: cache, capfd, capfdbinary, caplog, capsys, capsysbinary, cov, doctest_namespace, extra, extras, include_metadata_in_junit_xml, metadata, monkeypatch, no_cover, pytestconfig, record_property, record_testsuite_property, record_xml_attribute, recwarn, testrun_uid, tmp_path, tmp_path_factory, tmpdir, tmpdir_factory, worker_id\n&amp;gt;       use &amp;#x27;pytest --fixtures [testpath]&amp;#x27; for help on them.\n\nC:\\Users\\thump\\web_automation_project\\review_cache_20250323_024056\\tests\\core\\cache\\test_cache_eviction.py:171\n&#34;}], &#34;tests/core/errors/test_logger.py::TestErrorLogger::test_log_error[ErrorSeverity.MEDIUM-Warning-context1]&#34;: [{&#34;extras&#34;: [], &#34;result&#34;: &#34;Passed&#34;, &#34;testId&#34;: &#34;tests/core/errors/test_logger.py::TestErrorLogger::test_log_error[ErrorSeverity.MEDIUM-Warning-context1]&#34;, &#34;duration&#34;: &#34;19 ms&#34;, &#34;resultsTableRow&#34;: [&#34;&lt;td class=\&#34;col-result\&#34;&gt;Passed&lt;/td&gt;&#34;, &#34;&lt;td class=\&#34;col-testId\&#34;&gt;tests/core/errors/test_logger.py::TestErrorLogger::test_log_error[ErrorSeverity.MEDIUM-Warning-context1]&lt;/td&gt;&#34;, &#34;&lt;td class=\&#34;col-duration\&#34;&gt;19 ms&lt;/td&gt;&#34;, &#34;&lt;td class=\&#34;col-links\&#34;&gt;&lt;/td&gt;&#34;], &#34;log&#34;: &#34;[gw1] win32 -- Python 3.12.6 C:\\Users\\thump\\web_automation_project\\venv\\Scripts\\python.exe\n\n------------------------------ Captured log call -------------------------------\nWARNING  core.errors.logger:logger.py:123 [2025-03-23T14:42:55.257990] MEDIUM: Warning {&amp;quot;selector&amp;quot;: &amp;quot;#element&amp;quot;}\n\n&#34;}], &#34;tests/test_recovery_metrics.py::test_time_window_filtering&#34;: [{&#34;extras&#34;: [], &#34;result&#34;: &#34;Error&#34;, &#34;testId&#34;: &#34;tests/test_recovery_metrics.py::test_time_window_filtering::setup&#34;, &#34;duration&#34;: &#34;1 ms&#34;, &#34;resultsTableRow&#34;: [&#34;&lt;td class=\&#34;col-result\&#34;&gt;Error&lt;/td&gt;&#34;, &#34;&lt;td class=\&#34;col-testId\&#34;&gt;tests/test_recovery_metrics.py::test_time_window_filtering::setup&lt;/td&gt;&#34;, &#34;&lt;td class=\&#34;col-duration\&#34;&gt;1 ms&lt;/td&gt;&#34;, &#34;&lt;td class=\&#34;col-links\&#34;&gt;&lt;/td&gt;&#34;], &#34;log&#34;: &#34;[gw7] win32 -- Python 3.12.6 C:\\Users\\thump\\web_automation_project\\venv\\Scripts\\python.exe\n\n    @pytest.fixture\n    def collector():\n&amp;gt;       return MetricsCollector()\n\ntests\\test_recovery_metrics.py:8: \n_ _ _ _ _ _ _ _ _ _ _ _ _ _ _ _ _ _ _ _ _ _ _ _ _ _ _ _ _ _ _ _ _ _ _ _ _ _ _ _ _ _ _ _ _ _ _ _ _ _ _ _ _ _ _ _ _ _\n\nself = &amp;lt;core.errors.recovery_metrics.MetricsCollector object at 0x0000027D12876DB0&amp;gt;\n\n    def __init__(self):\n        &amp;quot;&amp;quot;&amp;quot;Initialize metrics storage&amp;quot;&amp;quot;&amp;quot;\n        self._metrics: Dict[str, List[RecoveryMetric]] = defaultdict(list)\n&amp;gt;       self._lock = threading.Lock()\nE       NameError: name &amp;#x27;threading&amp;#x27; is not defined. Did you forget to import &amp;#x27;threading&amp;#x27;\n\ncore\\errors\\recovery_metrics.py:41: NameError\n&#34;}], &#34;tests/core/errors/test_logger.py::TestErrorLogger::test_log_error[ErrorSeverity.HIGH-Critical error-context2]&#34;: [{&#34;extras&#34;: [], &#34;result&#34;: &#34;Passed&#34;, &#34;testId&#34;: &#34;tests/core/errors/test_logger.py::TestErrorLogger::test_log_error[ErrorSeverity.HIGH-Critical error-context2]&#34;, &#34;duration&#34;: &#34;20 ms&#34;, &#34;resultsTableRow&#34;: [&#34;&lt;td class=\&#34;col-result\&#34;&gt;Passed&lt;/td&gt;&#34;, &#34;&lt;td class=\&#34;col-testId\&#34;&gt;tests/core/errors/test_logger.py::TestErrorLogger::test_log_error[ErrorSeverity.HIGH-Critical error-context2]&lt;/td&gt;&#34;, &#34;&lt;td class=\&#34;col-duration\&#34;&gt;20 ms&lt;/td&gt;&#34;, &#34;&lt;td class=\&#34;col-links\&#34;&gt;&lt;/td&gt;&#34;], &#34;log&#34;: &#34;[gw1] win32 -- Python 3.12.6 C:\\Users\\thump\\web_automation_project\\venv\\Scripts\\python.exe\n\n------------------------------ Captured log call -------------------------------\nERROR    core.errors.logger:logger.py:123 [2025-03-23T14:42:55.282498] HIGH: Critical error {&amp;quot;stack&amp;quot;: &amp;quot;traceback&amp;quot;}\n\n&#34;}], &#34;tests/test_recovery_metrics.py::test_multiple_strategies&#34;: [{&#34;extras&#34;: [], &#34;result&#34;: &#34;Error&#34;, &#34;testId&#34;: &#34;tests/test_recovery_metrics.py::test_multiple_strategies::setup&#34;, &#34;duration&#34;: &#34;1 ms&#34;, &#34;resultsTableRow&#34;: [&#34;&lt;td class=\&#34;col-result\&#34;&gt;Error&lt;/td&gt;&#34;, &#34;&lt;td class=\&#34;col-testId\&#34;&gt;tests/test_recovery_metrics.py::test_multiple_strategies::setup&lt;/td&gt;&#34;, &#34;&lt;td class=\&#34;col-duration\&#34;&gt;1 ms&lt;/td&gt;&#34;, &#34;&lt;td class=\&#34;col-links\&#34;&gt;&lt;/td&gt;&#34;], &#34;log&#34;: &#34;[gw7] win32 -- Python 3.12.6 C:\\Users\\thump\\web_automation_project\\venv\\Scripts\\python.exe\n\n    @pytest.fixture\n    def collector():\n&amp;gt;       return MetricsCollector()\n\ntests\\test_recovery_metrics.py:8: \n_ _ _ _ _ _ _ _ _ _ _ _ _ _ _ _ _ _ _ _ _ _ _ _ _ _ _ _ _ _ _ _ _ _ _ _ _ _ _ _ _ _ _ _ _ _ _ _ _ _ _ _ _ _ _ _ _ _\n\nself = &amp;lt;core.errors.recovery_metrics.MetricsCollector object at 0x0000027D128A58B0&amp;gt;\n\n    def __init__(self):\n        &amp;quot;&amp;quot;&amp;quot;Initialize metrics storage&amp;quot;&amp;quot;&amp;quot;\n        self._metrics: Dict[str, List[RecoveryMetric]] = defaultdict(list)\n&amp;gt;       self._lock = threading.Lock()\nE       NameError: name &amp;#x27;threading&amp;#x27; is not defined. Did you forget to import &amp;#x27;threading&amp;#x27;\n\ncore\\errors\\recovery_metrics.py:41: NameError\n&#34;}], &#34;tests/core/errors/test_logger.py::TestErrorLogger::test_get_recent_errors&#34;: [{&#34;extras&#34;: [], &#34;result&#34;: &#34;Failed&#34;, &#34;testId&#34;: &#34;tests/core/errors/test_logger.py::TestErrorLogger::test_get_recent_errors&#34;, &#34;duration&#34;: &#34;81 ms&#34;, &#34;resultsTableRow&#34;: [&#34;&lt;td class=\&#34;col-result\&#34;&gt;Failed&lt;/td&gt;&#34;, &#34;&lt;td class=\&#34;col-testId\&#34;&gt;tests/core/errors/test_logger.py::TestErrorLogger::test_get_recent_errors&lt;/td&gt;&#34;, &#34;&lt;td class=\&#34;col-duration\&#34;&gt;81 ms&lt;/td&gt;&#34;, &#34;&lt;td class=\&#34;col-links\&#34;&gt;&lt;/td&gt;&#34;], &#34;log&#34;: &#34;[gw1] win32 -- Python 3.12.6 C:\\Users\\thump\\web_automation_project\\venv\\Scripts\\python.exe\n\nself = &amp;lt;test_logger.TestErrorLogger object at 0x000001D67F3F83B0&amp;gt;\nerror_logger = &amp;lt;core.errors.logger.ErrorLogger object at 0x000001D67F3F1970&amp;gt;\n\n    def test_get_recent_errors(self, error_logger):\n        &amp;quot;&amp;quot;&amp;quot;Test retrieval of recent errors&amp;quot;&amp;quot;&amp;quot;\n        test_records = [\n            {&amp;quot;timestamp&amp;quot;: &amp;quot;2024-03-22T10:00:00&amp;quot;, &amp;quot;severity&amp;quot;: &amp;quot;HIGH&amp;quot;, &amp;quot;message&amp;quot;: &amp;quot;Error 1&amp;quot;},\n            {&amp;quot;timestamp&amp;quot;: &amp;quot;2024-03-22T10:01:00&amp;quot;, &amp;quot;severity&amp;quot;: &amp;quot;MEDIUM&amp;quot;, &amp;quot;message&amp;quot;: &amp;quot;Error 2&amp;quot;}\n        ]\n    \n        with patch(&amp;quot;builtins.open&amp;quot;, mock_open(read_data=&amp;quot;\\n&amp;quot;.join(json.dumps(r) for r in test_records))):\n            recent = error_logger.get_recent_errors(limit=2)\n            assert len(recent) == 2\n&amp;gt;           assert recent[0].severity == ErrorSeverity.HIGH\nE           AssertionError: assert &amp;lt;ErrorSeverity.MEDIUM: 2&amp;gt; == &amp;lt;ErrorSeverity.HIGH: 3&amp;gt;\nE            +  where &amp;lt;ErrorSeverity.MEDIUM: 2&amp;gt; = ErrorRecord(timestamp=datetime.datetime(2024, 3, 22, 10, 1), severity=&amp;lt;ErrorSeverity.MEDIUM: 2&amp;gt;, message=&amp;#x27;Error 2&amp;#x27;, context=None).severity\nE            +  and   &amp;lt;ErrorSeverity.HIGH: 3&amp;gt; = ErrorSeverity.HIGH\n\ntests\\core\\errors\\test_logger.py:55: AssertionError\n&#34;}], &#34;tests/core/errors/test_logger.py::TestErrorLogger::test_error_summary&#34;: [{&#34;extras&#34;: [], &#34;result&#34;: &#34;Passed&#34;, &#34;testId&#34;: &#34;tests/core/errors/test_logger.py::TestErrorLogger::test_error_summary&#34;, &#34;duration&#34;: &#34;7 ms&#34;, &#34;resultsTableRow&#34;: [&#34;&lt;td class=\&#34;col-result\&#34;&gt;Passed&lt;/td&gt;&#34;, &#34;&lt;td class=\&#34;col-testId\&#34;&gt;tests/core/errors/test_logger.py::TestErrorLogger::test_error_summary&lt;/td&gt;&#34;, &#34;&lt;td class=\&#34;col-duration\&#34;&gt;7 ms&lt;/td&gt;&#34;, &#34;&lt;td class=\&#34;col-links\&#34;&gt;&lt;/td&gt;&#34;], &#34;log&#34;: &#34;[gw1] win32 -- Python 3.12.6 C:\\Users\\thump\\web_automation_project\\venv\\Scripts\\python.exe\n&#34;}], &#34;tests/core/errors/test_logger.py::TestErrorRecord::test_error_record_serialization&#34;: [{&#34;extras&#34;: [], &#34;result&#34;: &#34;Passed&#34;, &#34;testId&#34;: &#34;tests/core/errors/test_logger.py::TestErrorRecord::test_error_record_serialization&#34;, &#34;duration&#34;: &#34;3 ms&#34;, &#34;resultsTableRow&#34;: [&#34;&lt;td class=\&#34;col-result\&#34;&gt;Passed&lt;/td&gt;&#34;, &#34;&lt;td class=\&#34;col-testId\&#34;&gt;tests/core/errors/test_logger.py::TestErrorRecord::test_error_record_serialization&lt;/td&gt;&#34;, &#34;&lt;td class=\&#34;col-duration\&#34;&gt;3 ms&lt;/td&gt;&#34;, &#34;&lt;td class=\&#34;col-links\&#34;&gt;&lt;/td&gt;&#34;], &#34;log&#34;: &#34;[gw1] win32 -- Python 3.12.6 C:\\Users\\thump\\web_automation_project\\venv\\Scripts\\python.exe\n&#34;}], &#34;tests/core/errors/test_logger.py::TestErrorRecord::test_error_record_from_json&#34;: [{&#34;extras&#34;: [], &#34;result&#34;: &#34;Passed&#34;, &#34;testId&#34;: &#34;tests/core/errors/test_logger.py::TestErrorRecord::test_error_record_from_json&#34;, &#34;duration&#34;: &#34;1 ms&#34;, &#34;resultsTableRow&#34;: [&#34;&lt;td class=\&#34;col-result\&#34;&gt;Passed&lt;/td&gt;&#34;, &#34;&lt;td class=\&#34;col-testId\&#34;&gt;tests/core/errors/test_logger.py::TestErrorRecord::test_error_record_from_json&lt;/td&gt;&#34;, &#34;&lt;td class=\&#34;col-duration\&#34;&gt;1 ms&lt;/td&gt;&#34;, &#34;&lt;td class=\&#34;col-links\&#34;&gt;&lt;/td&gt;&#34;], &#34;log&#34;: &#34;[gw1] win32 -- Python 3.12.6 C:\\Users\\thump\\web_automation_project\\venv\\Scripts\\python.exe\n&#34;}], &#34;tests/core/errors/test_logger.py::test_rotate_logs&#34;: [{&#34;extras&#34;: [], &#34;result&#34;: &#34;Passed&#34;, &#34;testId&#34;: &#34;tests/core/errors/test_logger.py::test_rotate_logs&#34;, &#34;duration&#34;: &#34;9 ms&#34;, &#34;resultsTableRow&#34;: [&#34;&lt;td class=\&#34;col-result\&#34;&gt;Passed&lt;/td&gt;&#34;, &#34;&lt;td class=\&#34;col-testId\&#34;&gt;tests/core/errors/test_logger.py::test_rotate_logs&lt;/td&gt;&#34;, &#34;&lt;td class=\&#34;col-duration\&#34;&gt;9 ms&lt;/td&gt;&#34;, &#34;&lt;td class=\&#34;col-links\&#34;&gt;&lt;/td&gt;&#34;], &#34;log&#34;: &#34;[gw1] win32 -- Python 3.12.6 C:\\Users\\thump\\web_automation_project\\venv\\Scripts\\python.exe\n&#34;}], &#34;tests/core/test_cache.py::TestMemoryCache::test_ttl_expiration&#34;: [{&#34;extras&#34;: [], &#34;result&#34;: &#34;Failed&#34;, &#34;testId&#34;: &#34;tests/core/test_cache.py::TestMemoryCache::test_ttl_expiration&#34;, &#34;duration&#34;: &#34;00:00:01&#34;, &#34;resultsTableRow&#34;: [&#34;&lt;td class=\&#34;col-result\&#34;&gt;Failed&lt;/td&gt;&#34;, &#34;&lt;td class=\&#34;col-testId\&#34;&gt;tests/core/test_cache.py::TestMemoryCache::test_ttl_expiration&lt;/td&gt;&#34;, &#34;&lt;td class=\&#34;col-duration\&#34;&gt;00:00:01&lt;/td&gt;&#34;, &#34;&lt;td class=\&#34;col-links\&#34;&gt;&lt;/td&gt;&#34;], &#34;log&#34;: &#34;[gw5] win32 -- Python 3.12.6 C:\\Users\\thump\\web_automation_project\\venv\\Scripts\\python.exe\n\nself = &amp;lt;test_cache.TestMemoryCache object at 0x00000185C096F3B0&amp;gt;\ncache = &amp;lt;core.cache.memory_cache.MemoryCache object at 0x00000185C0977410&amp;gt;\n\n    def test_ttl_expiration(self, cache):\n        cache.set(&amp;quot;test_key&amp;quot;, &amp;quot;test_value&amp;quot;, ttl=1)\n        assert cache.get(&amp;quot;test_key&amp;quot;) == &amp;quot;test_value&amp;quot;\n        time.sleep(1.1)\n&amp;gt;       assert cache.get(&amp;quot;test_key&amp;quot;) is None\n\ntests\\core\\test_cache.py:20: \n_ _ _ _ _ _ _ _ _ _ _ _ _ _ _ _ _ _ _ _ _ _ _ _ _ _ _ _ _ _ _ _ _ _ _ _ _ _ _ _ _ _ _ _ _ _ _ _ _ _ _ _ _ _ _ _ _ _\n\nself = &amp;lt;core.cache.memory_cache.MemoryCache object at 0x00000185C0977410&amp;gt;, key = &amp;#x27;test_key&amp;#x27;\n\n    def get(self, key: str) -&amp;gt; Any:\n        &amp;quot;&amp;quot;&amp;quot;\n        Retrieve a value from cache if it exists and hasn&amp;#x27;t expired.\n    \n        Args:\n            key: Unique identifier for the cached item\n    \n        Returns:\n            The cached value if found and valid\n    \n        Raises:\n            CacheKeyError: If the key doesn&amp;#x27;t exist or has expired\n        &amp;quot;&amp;quot;&amp;quot;\n        with self._lock:\n            entry = self._cache.get(key)\n    \n            if entry is None:\n                logger.debug(f&amp;quot;Cache miss: {key}&amp;quot;)\n                raise CacheKeyError(f&amp;quot;Key &amp;#x27;{key}&amp;#x27; not found in cache&amp;quot;)\n    \n            if entry.expiry &amp;lt; datetime.now():\n                # Auto-remove expired entry\n                del self._cache[key]\n                logger.debug(f&amp;quot;Cache entry expired: {key}&amp;quot;)\n&amp;gt;               raise CacheKeyError(f&amp;quot;Key &amp;#x27;{key}&amp;#x27; has expired&amp;quot;)\nE               core.cache.memory_cache.CacheKeyError: Key &amp;#x27;test_key&amp;#x27; has expired\n\ncore\\cache\\memory_cache.py:82: CacheKeyError\n&#34;}], &#34;tests/core/test_cache.py::TestMemoryCache::test_delete&#34;: [{&#34;extras&#34;: [], &#34;result&#34;: &#34;Failed&#34;, &#34;testId&#34;: &#34;tests/core/test_cache.py::TestMemoryCache::test_delete&#34;, &#34;duration&#34;: &#34;2 ms&#34;, &#34;resultsTableRow&#34;: [&#34;&lt;td class=\&#34;col-result\&#34;&gt;Failed&lt;/td&gt;&#34;, &#34;&lt;td class=\&#34;col-testId\&#34;&gt;tests/core/test_cache.py::TestMemoryCache::test_delete&lt;/td&gt;&#34;, &#34;&lt;td class=\&#34;col-duration\&#34;&gt;2 ms&lt;/td&gt;&#34;, &#34;&lt;td class=\&#34;col-links\&#34;&gt;&lt;/td&gt;&#34;], &#34;log&#34;: &#34;[gw5] win32 -- Python 3.12.6 C:\\Users\\thump\\web_automation_project\\venv\\Scripts\\python.exe\n\nself = &amp;lt;test_cache.TestMemoryCache object at 0x00000185C02B22A0&amp;gt;\ncache = &amp;lt;core.cache.memory_cache.MemoryCache object at 0x00000185C02B0E30&amp;gt;\n\n    def test_delete(self, cache):\n        cache.set(&amp;quot;test_key&amp;quot;, &amp;quot;test_value&amp;quot;)\n&amp;gt;       assert cache.delete(&amp;quot;test_key&amp;quot;) is True\nE       AssertionError: assert None is True\nE        +  where None = delete(&amp;#x27;test_key&amp;#x27;)\nE        +    where delete = &amp;lt;core.cache.memory_cache.MemoryCache object at 0x00000185C02B0E30&amp;gt;.delete\n\ntests\\core\\test_cache.py:24: AssertionError\n&#34;}], &#34;tests/core/test_cache.py::TestMemoryCache::test_clear&#34;: [{&#34;extras&#34;: [], &#34;result&#34;: &#34;Failed&#34;, &#34;testId&#34;: &#34;tests/core/test_cache.py::TestMemoryCache::test_clear&#34;, &#34;duration&#34;: &#34;1 ms&#34;, &#34;resultsTableRow&#34;: [&#34;&lt;td class=\&#34;col-result\&#34;&gt;Failed&lt;/td&gt;&#34;, &#34;&lt;td class=\&#34;col-testId\&#34;&gt;tests/core/test_cache.py::TestMemoryCache::test_clear&lt;/td&gt;&#34;, &#34;&lt;td class=\&#34;col-duration\&#34;&gt;1 ms&lt;/td&gt;&#34;, &#34;&lt;td class=\&#34;col-links\&#34;&gt;&lt;/td&gt;&#34;], &#34;log&#34;: &#34;[gw5] win32 -- Python 3.12.6 C:\\Users\\thump\\web_automation_project\\venv\\Scripts\\python.exe\n\nself = &amp;lt;test_cache.TestMemoryCache object at 0x00000185C097F3B0&amp;gt;\ncache = &amp;lt;core.cache.memory_cache.MemoryCache object at 0x00000185C0CBE1B0&amp;gt;\n\n    def test_clear(self, cache):\n        cache.set(&amp;quot;key1&amp;quot;, &amp;quot;value1&amp;quot;)\n        cache.set(&amp;quot;key2&amp;quot;, &amp;quot;value2&amp;quot;)\n        cache.clear()\n&amp;gt;       assert cache.get(&amp;quot;key1&amp;quot;) is None\n\ntests\\core\\test_cache.py:31: \n_ _ _ _ _ _ _ _ _ _ _ _ _ _ _ _ _ _ _ _ _ _ _ _ _ _ _ _ _ _ _ _ _ _ _ _ _ _ _ _ _ _ _ _ _ _ _ _ _ _ _ _ _ _ _ _ _ _\n\nself = &amp;lt;core.cache.memory_cache.MemoryCache object at 0x00000185C0CBE1B0&amp;gt;, key = &amp;#x27;key1&amp;#x27;\n\n    def get(self, key: str) -&amp;gt; Any:\n        &amp;quot;&amp;quot;&amp;quot;\n        Retrieve a value from cache if it exists and hasn&amp;#x27;t expired.\n    \n        Args:\n            key: Unique identifier for the cached item\n    \n        Returns:\n            The cached value if found and valid\n    \n        Raises:\n            CacheKeyError: If the key doesn&amp;#x27;t exist or has expired\n        &amp;quot;&amp;quot;&amp;quot;\n        with self._lock:\n            entry = self._cache.get(key)\n    \n            if entry is None:\n                logger.debug(f&amp;quot;Cache miss: {key}&amp;quot;)\n&amp;gt;               raise CacheKeyError(f&amp;quot;Key &amp;#x27;{key}&amp;#x27; not found in cache&amp;quot;)\nE               core.cache.memory_cache.CacheKeyError: Key &amp;#x27;key1&amp;#x27; not found in cache\n\ncore\\cache\\memory_cache.py:76: CacheKeyError\n&#34;}], &#34;tests/core/test_cache.py::TestMemoryCache::test_thread_safety&#34;: [{&#34;extras&#34;: [], &#34;result&#34;: &#34;Passed&#34;, &#34;testId&#34;: &#34;tests/core/test_cache.py::TestMemoryCache::test_thread_safety&#34;, &#34;duration&#34;: &#34;1 ms&#34;, &#34;resultsTableRow&#34;: [&#34;&lt;td class=\&#34;col-result\&#34;&gt;Passed&lt;/td&gt;&#34;, &#34;&lt;td class=\&#34;col-testId\&#34;&gt;tests/core/test_cache.py::TestMemoryCache::test_thread_safety&lt;/td&gt;&#34;, &#34;&lt;td class=\&#34;col-duration\&#34;&gt;1 ms&lt;/td&gt;&#34;, &#34;&lt;td class=\&#34;col-links\&#34;&gt;&lt;/td&gt;&#34;], &#34;log&#34;: &#34;[gw5] win32 -- Python 3.12.6 C:\\Users\\thump\\web_automation_project\\venv\\Scripts\\python.exe\n&#34;}]}, &#34;renderCollapsed&#34;: [&#34;passed&#34;], &#34;initialSort&#34;: &#34;result&#34;, &#34;title&#34;: &#34;test_report.html&#34;}"></div>
    <script>
      (function(){function r(e,n,t){function o(i,f){if(!n[i]){if(!e[i]){var c="function"==typeof require&&require;if(!f&&c)return c(i,!0);if(u)return u(i,!0);var a=new Error("Cannot find module '"+i+"'");throw a.code="MODULE_NOT_FOUND",a}var p=n[i]={exports:{}};e[i][0].call(p.exports,function(r){var n=e[i][1][r];return o(n||r)},p,p.exports,r,e,n,t)}return n[i].exports}for(var u="function"==typeof require&&require,i=0;i<t.length;i++)o(t[i]);return o}return r})()({1:[function(require,module,exports){
const { getCollapsedCategory, setCollapsedIds } = require('./storage.js')

class DataManager {
    setManager(data) {
        const collapsedCategories = [...getCollapsedCategory(data.renderCollapsed)]
        const collapsedIds = []
        const tests = Object.values(data.tests).flat().map((test, index) => {
            const collapsed = collapsedCategories.includes(test.result.toLowerCase())
            const id = `test_${index}`
            if (collapsed) {
                collapsedIds.push(id)
            }
            return {
                ...test,
                id,
                collapsed,
            }
        })
        const dataBlob = { ...data, tests }
        this.data = { ...dataBlob }
        this.renderData = { ...dataBlob }
        setCollapsedIds(collapsedIds)
    }

    get allData() {
        return { ...this.data }
    }

    resetRender() {
        this.renderData = { ...this.data }
    }

    setRender(data) {
        this.renderData.tests = [...data]
    }

    toggleCollapsedItem(id) {
        this.renderData.tests = this.renderData.tests.map((test) =>
            test.id === id ? { ...test, collapsed: !test.collapsed } : test,
        )
    }

    set allCollapsed(collapsed) {
        this.renderData = { ...this.renderData, tests: [...this.renderData.tests.map((test) => (
            { ...test, collapsed }
        ))] }
    }

    get testSubset() {
        return [...this.renderData.tests]
    }

    get environment() {
        return this.renderData.environment
    }

    get initialSort() {
        return this.data.initialSort
    }
}

module.exports = {
    manager: new DataManager(),
}

},{"./storage.js":8}],2:[function(require,module,exports){
const mediaViewer = require('./mediaviewer.js')
const templateEnvRow = document.getElementById('template_environment_row')
const templateResult = document.getElementById('template_results-table__tbody')

function htmlToElements(html) {
    const temp = document.createElement('template')
    temp.innerHTML = html
    return temp.content.childNodes
}

const find = (selector, elem) => {
    if (!elem) {
        elem = document
    }
    return elem.querySelector(selector)
}

const findAll = (selector, elem) => {
    if (!elem) {
        elem = document
    }
    return [...elem.querySelectorAll(selector)]
}

const dom = {
    getStaticRow: (key, value) => {
        const envRow = templateEnvRow.content.cloneNode(true)
        const isObj = typeof value === 'object' && value !== null
        const values = isObj ? Object.keys(value).map((k) => `${k}: ${value[k]}`) : null

        const valuesElement = htmlToElements(
            values ? `<ul>${values.map((val) => `<li>${val}</li>`).join('')}<ul>` : `<div>${value}</div>`)[0]
        const td = findAll('td', envRow)
        td[0].textContent = key
        td[1].appendChild(valuesElement)

        return envRow
    },
    getResultTBody: ({ testId, id, log, extras, resultsTableRow, tableHtml, result, collapsed }) => {
        const resultBody = templateResult.content.cloneNode(true)
        resultBody.querySelector('tbody').classList.add(result.toLowerCase())
        resultBody.querySelector('tbody').id = testId
        resultBody.querySelector('.collapsible').dataset.id = id

        resultsTableRow.forEach((html) => {
            const t = document.createElement('template')
            t.innerHTML = html
            resultBody.querySelector('.collapsible').appendChild(t.content)
        })

        if (log) {
            // Wrap lines starting with "E" with span.error to color those lines red
            const wrappedLog = log.replace(/^E.*$/gm, (match) => `<span class="error">${match}</span>`)
            resultBody.querySelector('.log').innerHTML = wrappedLog
        } else {
            resultBody.querySelector('.log').remove()
        }

        if (collapsed) {
            resultBody.querySelector('.collapsible > td')?.classList.add('collapsed')
            resultBody.querySelector('.extras-row').classList.add('hidden')
        } else {
            resultBody.querySelector('.collapsible > td')?.classList.remove('collapsed')
        }

        const media = []
        extras?.forEach(({ name, format_type, content }) => {
            if (['image', 'video'].includes(format_type)) {
                media.push({ path: content, name, format_type })
            }

            if (format_type === 'html') {
                resultBody.querySelector('.extraHTML').insertAdjacentHTML('beforeend', `<div>${content}</div>`)
            }
        })
        mediaViewer.setup(resultBody, media)

        // Add custom html from the pytest_html_results_table_html hook
        tableHtml?.forEach((item) => {
            resultBody.querySelector('td[class="extra"]').insertAdjacentHTML('beforeend', item)
        })

        return resultBody
    },
}

module.exports = {
    dom,
    htmlToElements,
    find,
    findAll,
}

},{"./mediaviewer.js":6}],3:[function(require,module,exports){
const { manager } = require('./datamanager.js')
const { doSort } = require('./sort.js')
const storageModule = require('./storage.js')

const getFilteredSubSet = (filter) =>
    manager.allData.tests.filter(({ result }) => filter.includes(result.toLowerCase()))

const doInitFilter = () => {
    const currentFilter = storageModule.getVisible()
    const filteredSubset = getFilteredSubSet(currentFilter)
    manager.setRender(filteredSubset)
}

const doFilter = (type, show) => {
    if (show) {
        storageModule.showCategory(type)
    } else {
        storageModule.hideCategory(type)
    }

    const currentFilter = storageModule.getVisible()
    const filteredSubset = getFilteredSubSet(currentFilter)
    manager.setRender(filteredSubset)

    const sortColumn = storageModule.getSort()
    doSort(sortColumn, true)
}

module.exports = {
    doFilter,
    doInitFilter,
}

},{"./datamanager.js":1,"./sort.js":7,"./storage.js":8}],4:[function(require,module,exports){
const { redraw, bindEvents, renderStatic } = require('./main.js')
const { doInitFilter } = require('./filter.js')
const { doInitSort } = require('./sort.js')
const { manager } = require('./datamanager.js')
const data = JSON.parse(document.getElementById('data-container').dataset.jsonblob)

function init() {
    manager.setManager(data)
    doInitFilter()
    doInitSort()
    renderStatic()
    redraw()
    bindEvents()
}

init()

},{"./datamanager.js":1,"./filter.js":3,"./main.js":5,"./sort.js":7}],5:[function(require,module,exports){
const { dom, find, findAll } = require('./dom.js')
const { manager } = require('./datamanager.js')
const { doSort } = require('./sort.js')
const { doFilter } = require('./filter.js')
const {
    getVisible,
    getCollapsedIds,
    setCollapsedIds,
    getSort,
    getSortDirection,
    possibleFilters,
} = require('./storage.js')

const removeChildren = (node) => {
    while (node.firstChild) {
        node.removeChild(node.firstChild)
    }
}

const renderStatic = () => {
    const renderEnvironmentTable = () => {
        const environment = manager.environment
        const rows = Object.keys(environment).map((key) => dom.getStaticRow(key, environment[key]))
        const table = document.getElementById('environment')
        removeChildren(table)
        rows.forEach((row) => table.appendChild(row))
    }
    renderEnvironmentTable()
}

const addItemToggleListener = (elem) => {
    elem.addEventListener('click', ({ target }) => {
        const id = target.parentElement.dataset.id
        manager.toggleCollapsedItem(id)

        const collapsedIds = getCollapsedIds()
        if (collapsedIds.includes(id)) {
            const updated = collapsedIds.filter((item) => item !== id)
            setCollapsedIds(updated)
        } else {
            collapsedIds.push(id)
            setCollapsedIds(collapsedIds)
        }
        redraw()
    })
}

const renderContent = (tests) => {
    const sortAttr = getSort(manager.initialSort)
    const sortAsc = JSON.parse(getSortDirection())
    const rows = tests.map(dom.getResultTBody)
    const table = document.getElementById('results-table')
    const tableHeader = document.getElementById('results-table-head')

    const newTable = document.createElement('table')
    newTable.id = 'results-table'

    // remove all sorting classes and set the relevant
    findAll('.sortable', tableHeader).forEach((elem) => elem.classList.remove('asc', 'desc'))
    tableHeader.querySelector(`.sortable[data-column-type="${sortAttr}"]`)?.classList.add(sortAsc ? 'desc' : 'asc')
    newTable.appendChild(tableHeader)

    if (!rows.length) {
        const emptyTable = document.getElementById('template_results-table__body--empty').content.cloneNode(true)
        newTable.appendChild(emptyTable)
    } else {
        rows.forEach((row) => {
            if (!!row) {
                findAll('.collapsible td:not(.col-links', row).forEach(addItemToggleListener)
                find('.logexpander', row).addEventListener('click',
                    (evt) => evt.target.parentNode.classList.toggle('expanded'),
                )
                newTable.appendChild(row)
            }
        })
    }

    table.replaceWith(newTable)
}

const renderDerived = () => {
    const currentFilter = getVisible()
    possibleFilters.forEach((result) => {
        const input = document.querySelector(`input[data-test-result="${result}"]`)
        input.checked = currentFilter.includes(result)
    })
}

const bindEvents = () => {
    const filterColumn = (evt) => {
        const { target: element } = evt
        const { testResult } = element.dataset

        doFilter(testResult, element.checked)
        const collapsedIds = getCollapsedIds()
        const updated = manager.renderData.tests.map((test) => {
            return {
                ...test,
                collapsed: collapsedIds.includes(test.id),
            }
        })
        manager.setRender(updated)
        redraw()
    }

    const header = document.getElementById('environment-header')
    header.addEventListener('click', () => {
        const table = document.getElementById('environment')
        table.classList.toggle('hidden')
        header.classList.toggle('collapsed')
    })

    findAll('input[name="filter_checkbox"]').forEach((elem) => {
        elem.addEventListener('click', filterColumn)
    })

    findAll('.sortable').forEach((elem) => {
        elem.addEventListener('click', (evt) => {
            const { target: element } = evt
            const { columnType } = element.dataset
            doSort(columnType)
            redraw()
        })
    })

    document.getElementById('show_all_details').addEventListener('click', () => {
        manager.allCollapsed = false
        setCollapsedIds([])
        redraw()
    })
    document.getElementById('hide_all_details').addEventListener('click', () => {
        manager.allCollapsed = true
        const allIds = manager.renderData.tests.map((test) => test.id)
        setCollapsedIds(allIds)
        redraw()
    })
}

const redraw = () => {
    const { testSubset } = manager

    renderContent(testSubset)
    renderDerived()
}

module.exports = {
    redraw,
    bindEvents,
    renderStatic,
}

},{"./datamanager.js":1,"./dom.js":2,"./filter.js":3,"./sort.js":7,"./storage.js":8}],6:[function(require,module,exports){
class MediaViewer {
    constructor(assets) {
        this.assets = assets
        this.index = 0
    }

    nextActive() {
        this.index = this.index === this.assets.length - 1 ? 0 : this.index + 1
        return [this.activeFile, this.index]
    }

    prevActive() {
        this.index = this.index === 0 ? this.assets.length - 1 : this.index -1
        return [this.activeFile, this.index]
    }

    get currentIndex() {
        return this.index
    }

    get activeFile() {
        return this.assets[this.index]
    }
}


const setup = (resultBody, assets) => {
    if (!assets.length) {
        resultBody.querySelector('.media').classList.add('hidden')
        return
    }

    const mediaViewer = new MediaViewer(assets)
    const container = resultBody.querySelector('.media-container')
    const leftArrow = resultBody.querySelector('.media-container__nav--left')
    const rightArrow = resultBody.querySelector('.media-container__nav--right')
    const mediaName = resultBody.querySelector('.media__name')
    const counter = resultBody.querySelector('.media__counter')
    const imageEl = resultBody.querySelector('img')
    const sourceEl = resultBody.querySelector('source')
    const videoEl = resultBody.querySelector('video')

    const setImg = (media, index) => {
        if (media?.format_type === 'image') {
            imageEl.src = media.path

            imageEl.classList.remove('hidden')
            videoEl.classList.add('hidden')
        } else if (media?.format_type === 'video') {
            sourceEl.src = media.path

            videoEl.classList.remove('hidden')
            imageEl.classList.add('hidden')
        }

        mediaName.innerText = media?.name
        counter.innerText = `${index + 1} / ${assets.length}`
    }
    setImg(mediaViewer.activeFile, mediaViewer.currentIndex)

    const moveLeft = () => {
        const [media, index] = mediaViewer.prevActive()
        setImg(media, index)
    }
    const doRight = () => {
        const [media, index] = mediaViewer.nextActive()
        setImg(media, index)
    }
    const openImg = () => {
        window.open(mediaViewer.activeFile.path, '_blank')
    }
    if (assets.length === 1) {
        container.classList.add('media-container--fullscreen')
    } else {
        leftArrow.addEventListener('click', moveLeft)
        rightArrow.addEventListener('click', doRight)
    }
    imageEl.addEventListener('click', openImg)
}

module.exports = {
    setup,
}

},{}],7:[function(require,module,exports){
const { manager } = require('./datamanager.js')
const storageModule = require('./storage.js')

const genericSort = (list, key, ascending, customOrder) => {
    let sorted
    if (customOrder) {
        sorted = list.sort((a, b) => {
            const aValue = a.result.toLowerCase()
            const bValue = b.result.toLowerCase()

            const aIndex = customOrder.findIndex((item) => item.toLowerCase() === aValue)
            const bIndex = customOrder.findIndex((item) => item.toLowerCase() === bValue)

            // Compare the indices to determine the sort order
            return aIndex - bIndex
        })
    } else {
        sorted = list.sort((a, b) => a[key] === b[key] ? 0 : a[key] > b[key] ? 1 : -1)
    }

    if (ascending) {
        sorted.reverse()
    }
    return sorted
}

const durationSort = (list, ascending) => {
    const parseDuration = (duration) => {
        if (duration.includes(':')) {
            // If it's in the format "HH:mm:ss"
            const [hours, minutes, seconds] = duration.split(':').map(Number)
            return (hours * 3600 + minutes * 60 + seconds) * 1000
        } else {
            // If it's in the format "nnn ms"
            return parseInt(duration)
        }
    }
    const sorted = list.sort((a, b) => parseDuration(a['duration']) - parseDuration(b['duration']))
    if (ascending) {
        sorted.reverse()
    }
    return sorted
}

const doInitSort = () => {
    const type = storageModule.getSort(manager.initialSort)
    const ascending = storageModule.getSortDirection()
    const list = manager.testSubset
    const initialOrder = ['Error', 'Failed', 'Rerun', 'XFailed', 'XPassed', 'Skipped', 'Passed']

    storageModule.setSort(type)
    storageModule.setSortDirection(ascending)

    if (type?.toLowerCase() === 'original') {
        manager.setRender(list)
    } else {
        let sortedList
        switch (type) {
        case 'duration':
            sortedList = durationSort(list, ascending)
            break
        case 'result':
            sortedList = genericSort(list, type, ascending, initialOrder)
            break
        default:
            sortedList = genericSort(list, type, ascending)
            break
        }
        manager.setRender(sortedList)
    }
}

const doSort = (type, skipDirection) => {
    const newSortType = storageModule.getSort(manager.initialSort) !== type
    const currentAsc = storageModule.getSortDirection()
    let ascending
    if (skipDirection) {
        ascending = currentAsc
    } else {
        ascending = newSortType ? false : !currentAsc
    }
    storageModule.setSort(type)
    storageModule.setSortDirection(ascending)

    const list = manager.testSubset
    const sortedList = type === 'duration' ? durationSort(list, ascending) : genericSort(list, type, ascending)
    manager.setRender(sortedList)
}

module.exports = {
    doInitSort,
    doSort,
}

},{"./datamanager.js":1,"./storage.js":8}],8:[function(require,module,exports){
const possibleFilters = [
    'passed',
    'skipped',
    'failed',
    'error',
    'xfailed',
    'xpassed',
    'rerun',
]

const getVisible = () => {
    const url = new URL(window.location.href)
    const settings = new URLSearchParams(url.search).get('visible')
    const lower = (item) => {
        const lowerItem = item.toLowerCase()
        if (possibleFilters.includes(lowerItem)) {
            return lowerItem
        }
        return null
    }
    return settings === null ?
        possibleFilters :
        [...new Set(settings?.split(',').map(lower).filter((item) => item))]
}

const hideCategory = (categoryToHide) => {
    const url = new URL(window.location.href)
    const visibleParams = new URLSearchParams(url.search).get('visible')
    const currentVisible = visibleParams ? visibleParams.split(',') : [...possibleFilters]
    const settings = [...new Set(currentVisible)].filter((f) => f !== categoryToHide).join(',')

    url.searchParams.set('visible', settings)
    window.history.pushState({}, null, unescape(url.href))
}

const showCategory = (categoryToShow) => {
    if (typeof window === 'undefined') {
        return
    }
    const url = new URL(window.location.href)
    const currentVisible = new URLSearchParams(url.search).get('visible')?.split(',').filter(Boolean) ||
        [...possibleFilters]
    const settings = [...new Set([categoryToShow, ...currentVisible])]
    const noFilter = possibleFilters.length === settings.length || !settings.length

    noFilter ? url.searchParams.delete('visible') : url.searchParams.set('visible', settings.join(','))
    window.history.pushState({}, null, unescape(url.href))
}

const getSort = (initialSort) => {
    const url = new URL(window.location.href)
    let sort = new URLSearchParams(url.search).get('sort')
    if (!sort) {
        sort = initialSort || 'result'
    }
    return sort
}

const setSort = (type) => {
    const url = new URL(window.location.href)
    url.searchParams.set('sort', type)
    window.history.pushState({}, null, unescape(url.href))
}

const getCollapsedCategory = (renderCollapsed) => {
    let categories
    if (typeof window !== 'undefined') {
        const url = new URL(window.location.href)
        const collapsedItems = new URLSearchParams(url.search).get('collapsed')
        switch (true) {
        case !renderCollapsed && collapsedItems === null:
            categories = ['passed']
            break
        case collapsedItems?.length === 0 || /^["']{2}$/.test(collapsedItems):
            categories = []
            break
        case /^all$/.test(collapsedItems) || collapsedItems === null && /^all$/.test(renderCollapsed):
            categories = [...possibleFilters]
            break
        default:
            categories = collapsedItems?.split(',').map((item) => item.toLowerCase()) || renderCollapsed
            break
        }
    } else {
        categories = []
    }
    return categories
}

const getSortDirection = () => JSON.parse(sessionStorage.getItem('sortAsc')) || false
const setSortDirection = (ascending) => sessionStorage.setItem('sortAsc', ascending)

const getCollapsedIds = () => JSON.parse(sessionStorage.getItem('collapsedIds')) || []
const setCollapsedIds = (list) => sessionStorage.setItem('collapsedIds', JSON.stringify(list))

module.exports = {
    getVisible,
    hideCategory,
    showCategory,
    getCollapsedIds,
    setCollapsedIds,
    getSort,
    setSort,
    getSortDirection,
    setSortDirection,
    getCollapsedCategory,
    possibleFilters,
}

},{}]},{},[4]);
    </script>
  </footer>
</html>